2 path.c:128 0xa6c02a9 24
4 path.c:254 0xa6c02a9 24
2 path.c:128 0xa6c24d9 24
1 dynarray.c:84 0xa6c02a9 24
2 dynarray.c:95 0xa6c2509 16
2 path.c:90 0xa6c2539 6
1 path.c:143 0xa6c2559 6
4 path.c:246 0xa6c2559 6
4 path.c:31 0xa6c2539 6
4 dynarray.c:112 0xa6c2509 16
4 dynarray.c:113 0xa6c02a9 24
4 path.c:254 0xa6c24d9 24
1 dynarray.c:84 0xa6c24d9 24
2 dynarray.c:95 0xa6c2579 16
1 bdtBad5.c:662 0xa6c2539 1
4 dynarray.c:112 0xa6c2579 16
4 dynarray.c:113 0xa6c24d9 24
4 bdt_client.c:39 0xa6c2539 1
2 path.c:128 0xa6c25a9 24
4 path.c:254 0xa6c25a9 24
2 path.c:128 0xa6c25d9 24
1 dynarray.c:84 0xa6c25a9 24
2 dynarray.c:95 0xa6c2609 16
4 dynarray.c:112 0xa6c2609 16
4 dynarray.c:113 0xa6c25a9 24
4 path.c:254 0xa6c25d9 24
2 path.c:128 0xa6c2639 24
1 dynarray.c:84 0xa6c25d9 24
2 dynarray.c:95 0xa6c2669 16
2 path.c:90 0xa6c2699 6
2 path.c:90 0xa6c26b9 7
4 path.c:31 0xa6c2699 6
4 path.c:31 0xa6c26b9 7
4 dynarray.c:112 0xa6c2669 16
4 dynarray.c:113 0xa6c25d9 24
4 path.c:254 0xa6c2639 24
2 path.c:128 0xa6c2639 24
1 dynarray.c:84 0xa6c2669 24
2 dynarray.c:95 0xa6c25d9 16
2 path.c:90 0xa6c26d9 6
4 path.c:31 0xa6c26d9 6
4 dynarray.c:112 0xa6c25d9 16
4 dynarray.c:113 0xa6c2669 24
4 path.c:254 0xa6c2639 24
2 path.c:128 0xa6c2639 24
1 dynarray.c:84 0xa6c25d9 24
2 dynarray.c:95 0xa6c2669 16
2 path.c:90 0xa6c26f9 6
1 path.c:143 0xa6c26d9 6
2 path.c:178 0xa6c2719 24
1 dynarray.c:84 0xa6c25a9 24
2 dynarray.c:95 0xa6c2749 16
2 path.c:191 0xa6c2779 6
2 path.c:205 0xa6c2799 6
3 path.c:223 0xa6c2779 0xa6c2779 6 6
1 bdtBad5.c:143 0xa6c27b9 32
2 path.c:178 0xa6c27f9 24
1 dynarray.c:84 0xa6c2609 24
2 dynarray.c:95 0xa6c2829 16
2 path.c:191 0xa6c2859 6
2 path.c:205 0xa6c2879 6
3 path.c:223 0xa6c2859 0xa6c2859 6 6
4 path.c:246 0xa6c2779 6
4 path.c:31 0xa6c2799 6
4 dynarray.c:112 0xa6c2749 16
4 dynarray.c:113 0xa6c25a9 24
4 path.c:254 0xa6c2719 24
4 path.c:246 0xa6c26d9 6
4 path.c:31 0xa6c26f9 6
4 dynarray.c:112 0xa6c2669 16
4 dynarray.c:113 0xa6c25d9 24
4 path.c:254 0xa6c2639 24
2 path.c:128 0xa6c2639 24
1 dynarray.c:84 0xa6c2719 24
2 dynarray.c:95 0xa6c25d9 16
2 path.c:90 0xa6c26f9 6
2 path.c:90 0xa6c2899 7
2 path.c:90 0xa6c28b9 12
3 dynarray.c:69 0xa6c28d9 0xa6c25d9 16 32
1 path.c:143 0xa6c2669 25
2 path.c:178 0xa6c25d9 24
1 dynarray.c:84 0xa6c25a9 24
2 dynarray.c:95 0xa6c2919 16
2 path.c:191 0xa6c2949 25
2 path.c:205 0xa6c2979 6
3 path.c:223 0xa6c2949 0xa6c2949 25 6
4 path.c:246 0xa6c2949 6
4 path.c:31 0xa6c2979 6
4 dynarray.c:112 0xa6c2919 16
4 dynarray.c:113 0xa6c25a9 24
4 path.c:254 0xa6c25d9 24
2 path.c:178 0xa6c25d9 24
1 dynarray.c:84 0xa6c2919 24
2 dynarray.c:95 0xa6c25a9 16
2 path.c:191 0xa6c2999 25
2 path.c:205 0xa6c2979 6
2 path.c:205 0xa6c29c9 7
3 path.c:223 0xa6c2999 0xa6c2999 25 13
4 path.c:246 0xa6c2999 13
4 path.c:31 0xa6c2979 6
4 path.c:31 0xa6c29c9 7
4 dynarray.c:112 0xa6c25a9 16
4 dynarray.c:113 0xa6c2919 24
4 path.c:254 0xa6c25d9 24
2 path.c:178 0xa6c25d9 24
1 dynarray.c:84 0xa6c2999 24
2 dynarray.c:95 0xa6c2919 16
2 path.c:191 0xa6c29e9 25
2 path.c:205 0xa6c29c9 6
2 path.c:205 0xa6c2979 7
3 path.c:223 0xa6c29e9 0xa6c29e9 25 13
1 bdtBad5.c:143 0xa6c2a19 32
2 path.c:178 0xa6c2a59 24
1 dynarray.c:84 0xa6c25a9 24
2 dynarray.c:95 0xa6c2a89 16
2 path.c:191 0xa6c2ab9 13
2 path.c:205 0xa6c2ad9 6
2 path.c:205 0xa6c2af9 7
3 path.c:223 0xa6c2ab9 0xa6c2ab9 13 13
4 path.c:246 0xa6c29e9 13
4 path.c:31 0xa6c29c9 6
4 path.c:31 0xa6c2979 7
4 dynarray.c:112 0xa6c2919 16
4 dynarray.c:113 0xa6c2999 24
4 path.c:254 0xa6c25d9 24
2 path.c:178 0xa6c25d9 24
1 dynarray.c:84 0xa6c29e9 24
2 dynarray.c:95 0xa6c2999 24
2 path.c:191 0xa6c2b19 25
2 path.c:205 0xa6c2979 6
2 path.c:205 0xa6c29c9 7
2 path.c:205 0xa6c2b49 12
3 path.c:223 0xa6c2b19 0xa6c2b19 25 25
1 bdtBad5.c:143 0xa6c2b69 32
2 path.c:178 0xa6c2ba9 24
1 dynarray.c:84 0xa6c2919 24
2 dynarray.c:95 0xa6c2bd9 24
2 path.c:191 0xa6c2c09 25
2 path.c:205 0xa6c2c39 6
2 path.c:205 0xa6c2c59 7
2 path.c:205 0xa6c2c79 12
3 path.c:223 0xa6c2c09 0xa6c2c09 25 25
4 path.c:246 0xa6c2b19 25
4 path.c:31 0xa6c2979 6
4 path.c:31 0xa6c29c9 7
4 path.c:31 0xa6c2b49 12
4 dynarray.c:112 0xa6c2999 24
4 dynarray.c:113 0xa6c29e9 24
4 path.c:254 0xa6c25d9 24
4 path.c:246 0xa6c2669 25
4 path.c:31 0xa6c26f9 6
4 path.c:31 0xa6c2899 7
4 path.c:31 0xa6c28b9 12
4 dynarray.c:112 0xa6c28d9 32
4 dynarray.c:113 0xa6c2719 24
4 path.c:254 0xa6c2639 24
2 path.c:128 0xa6c2639 24
1 dynarray.c:84 0xa6c2b19 24
2 dynarray.c:95 0xa6c2719 16
2 path.c:90 0xa6c28b9 6
1 path.c:143 0xa6c26d9 6
2 path.c:178 0xa6c25d9 24
1 dynarray.c:84 0xa6c2669 24
2 dynarray.c:95 0xa6c29e9 16
2 path.c:191 0xa6c2899 6
2 path.c:205 0xa6c2b49 6
3 path.c:223 0xa6c2899 0xa6c2899 6 6
4 path.c:246 0xa6c2899 6
4 path.c:31 0xa6c2b49 6
4 dynarray.c:112 0xa6c29e9 16
4 dynarray.c:113 0xa6c2669 24
4 path.c:254 0xa6c25d9 24
4 path.c:246 0xa6c26d9 6
4 path.c:31 0xa6c28b9 6
4 dynarray.c:112 0xa6c2719 16
4 dynarray.c:113 0xa6c2b19 24
4 path.c:254 0xa6c2639 24
2 path.c:128 0xa6c2639 24
1 dynarray.c:84 0xa6c2999 24
2 dynarray.c:95 0xa6c2b19 16
2 path.c:90 0xa6c28b9 6
2 path.c:90 0xa6c26d9 7
1 path.c:143 0xa6c26f9 13
2 path.c:178 0xa6c25d9 24
1 dynarray.c:84 0xa6c2719 24
2 dynarray.c:95 0xa6c2669 16
2 path.c:191 0xa6c2b49 13
2 path.c:205 0xa6c29c9 6
3 path.c:223 0xa6c2b49 0xa6c2b49 13 6
4 path.c:246 0xa6c2b49 6
4 path.c:31 0xa6c29c9 6
4 dynarray.c:112 0xa6c2669 16
4 dynarray.c:113 0xa6c2719 24
4 path.c:254 0xa6c25d9 24
2 path.c:178 0xa6c25d9 24
1 dynarray.c:84 0xa6c29e9 24
2 dynarray.c:95 0xa6c2719 16
2 path.c:191 0xa6c29c9 13
2 path.c:205 0xa6c2b49 6
2 path.c:205 0xa6c2979 7
3 path.c:223 0xa6c29c9 0xa6c29c9 13 13
4 path.c:246 0xa6c29c9 13
4 path.c:31 0xa6c2b49 6
4 path.c:31 0xa6c2979 7
4 dynarray.c:112 0xa6c2719 16
4 dynarray.c:113 0xa6c29e9 24
4 path.c:254 0xa6c25d9 24
4 path.c:246 0xa6c26f9 13
4 path.c:31 0xa6c28b9 6
4 path.c:31 0xa6c26d9 7
4 dynarray.c:112 0xa6c2b19 16
4 dynarray.c:113 0xa6c2999 24
4 path.c:254 0xa6c2639 24
2 path.c:128 0xa6c2639 24
1 dynarray.c:84 0xa6c2669 24
2 dynarray.c:95 0xa6c2999 16
2 path.c:90 0xa6c26d9 6
2 path.c:90 0xa6c28b9 7
2 path.c:90 0xa6c26f9 12
3 dynarray.c:69 0xa6c2c99 0xa6c2999 16 32
1 path.c:143 0xa6c2b19 25
2 path.c:178 0xa6c2999 24
1 dynarray.c:84 0xa6c25d9 24
2 dynarray.c:95 0xa6c29e9 16
2 path.c:191 0xa6c2cd9 25
2 path.c:205 0xa6c2979 6
3 path.c:223 0xa6c2cd9 0xa6c2cd9 25 6
4 path.c:246 0xa6c2cd9 6
4 path.c:31 0xa6c2979 6
4 dynarray.c:112 0xa6c29e9 16
4 dynarray.c:113 0xa6c25d9 24
4 path.c:254 0xa6c2999 24
2 path.c:178 0xa6c2999 24
1 dynarray.c:84 0xa6c2719 24
2 dynarray.c:95 0xa6c25d9 16
2 path.c:191 0xa6c2cd9 25
2 path.c:205 0xa6c2979 6
2 path.c:205 0xa6c2b49 7
3 path.c:223 0xa6c2cd9 0xa6c2cd9 25 13
4 path.c:246 0xa6c2cd9 13
4 path.c:31 0xa6c2979 6
4 path.c:31 0xa6c2b49 7
4 dynarray.c:112 0xa6c25d9 16
4 dynarray.c:113 0xa6c2719 24
4 path.c:254 0xa6c2999 24
2 path.c:178 0xa6c2999 24
1 dynarray.c:84 0xa6c29e9 24
2 dynarray.c:95 0xa6c2719 24
2 path.c:191 0xa6c2cd9 25
2 path.c:205 0xa6c2b49 6
2 path.c:205 0xa6c2979 7
2 path.c:205 0xa6c29c9 12
3 path.c:223 0xa6c2cd9 0xa6c2cd9 25 25
4 path.c:246 0xa6c2cd9 25
4 path.c:31 0xa6c2b49 6
4 path.c:31 0xa6c2979 7
4 path.c:31 0xa6c29c9 12
4 dynarray.c:112 0xa6c2719 24
4 dynarray.c:113 0xa6c29e9 24
4 path.c:254 0xa6c2999 24
4 path.c:246 0xa6c2b19 25
4 path.c:31 0xa6c26d9 6
4 path.c:31 0xa6c28b9 7
4 path.c:31 0xa6c26f9 12
4 dynarray.c:112 0xa6c2c99 32
4 dynarray.c:113 0xa6c2669 24
4 path.c:254 0xa6c2639 24
2 path.c:128 0xa6c2639 24
1 dynarray.c:84 0xa6c25d9 24
2 dynarray.c:95 0xa6c2669 16
2 path.c:90 0xa6c26f9 12
1 path.c:143 0xa6c2899 12
2 path.c:178 0xa6c2999 24
1 dynarray.c:84 0xa6c2b19 24
2 dynarray.c:95 0xa6c29e9 16
2 path.c:191 0xa6c28b9 12
2 path.c:205 0xa6c29c9 12
3 path.c:223 0xa6c28b9 0xa6c28b9 12 12
4 path.c:246 0xa6c28b9 12
4 path.c:31 0xa6c29c9 12
4 dynarray.c:112 0xa6c29e9 16
4 dynarray.c:113 0xa6c2b19 24
4 path.c:254 0xa6c2999 24
4 path.c:246 0xa6c2899 12
4 path.c:31 0xa6c26f9 12
4 dynarray.c:112 0xa6c2669 16
4 dynarray.c:113 0xa6c25d9 24
4 path.c:254 0xa6c2639 24
2 path.c:128 0xa6c2639 24
1 dynarray.c:84 0xa6c2719 24
2 dynarray.c:95 0xa6c25d9 16
2 path.c:90 0xa6c26f9 12
1 path.c:143 0xa6c26d9 12
2 path.c:178 0xa6c2999 24
1 dynarray.c:84 0xa6c2669 24
2 dynarray.c:95 0xa6c2b19 16
2 path.c:191 0xa6c2899 12
2 path.c:205 0xa6c28b9 12
3 path.c:223 0xa6c2899 0xa6c2899 12 12
4 path.c:246 0xa6c2899 12
4 path.c:31 0xa6c28b9 12
4 dynarray.c:112 0xa6c2b19 16
4 dynarray.c:113 0xa6c2669 24
4 path.c:254 0xa6c2999 24
4 path.c:246 0xa6c26d9 12
4 path.c:31 0xa6c26f9 12
4 dynarray.c:112 0xa6c25d9 16
4 dynarray.c:113 0xa6c2719 24
4 path.c:254 0xa6c2639 24
2 path.c:128 0xa6c2639 24
1 dynarray.c:84 0xa6c29e9 24
2 dynarray.c:95 0xa6c2719 16
2 path.c:90 0xa6c26f9 12
1 path.c:143 0xa6c29c9 12
2 path.c:178 0xa6c2999 24
1 dynarray.c:84 0xa6c25d9 24
2 dynarray.c:95 0xa6c2669 16
2 path.c:191 0xa6c26d9 12
2 path.c:205 0xa6c2899 12
3 path.c:223 0xa6c26d9 0xa6c26d9 12 12
4 path.c:246 0xa6c26d9 12
4 path.c:31 0xa6c2899 12
4 dynarray.c:112 0xa6c2669 16
4 dynarray.c:113 0xa6c25d9 24
4 path.c:254 0xa6c2999 24
4 path.c:246 0xa6c29c9 12
4 path.c:31 0xa6c26f9 12
4 dynarray.c:112 0xa6c2719 16
4 dynarray.c:113 0xa6c29e9 24
4 path.c:254 0xa6c2639 24
2 path.c:128 0xa6c2639 24
1 dynarray.c:84 0xa6c2b19 24
2 dynarray.c:95 0xa6c29e9 16
2 path.c:90 0xa6c26f9 6
2 path.c:90 0xa6c29c9 8
1 path.c:143 0xa6c28b9 14
2 path.c:178 0xa6c2999 24
1 dynarray.c:84 0xa6c2719 24
2 dynarray.c:95 0xa6c25d9 16
2 path.c:191 0xa6c2899 14
2 path.c:205 0xa6c2979 6
3 path.c:223 0xa6c2899 0xa6c2899 14 6
4 path.c:246 0xa6c2899 6
4 path.c:31 0xa6c2979 6
4 dynarray.c:112 0xa6c25d9 16
4 dynarray.c:113 0xa6c2719 24
4 path.c:254 0xa6c2999 24
2 path.c:178 0xa6c2999 24
1 dynarray.c:84 0xa6c2669 24
2 dynarray.c:95 0xa6c2719 16
2 path.c:191 0xa6c2979 14
2 path.c:205 0xa6c2899 6
2 path.c:205 0xa6c2b49 8
3 path.c:223 0xa6c2979 0xa6c2979 14 14
4 path.c:246 0xa6c2979 14
4 path.c:31 0xa6c2899 6
4 path.c:31 0xa6c2b49 8
4 dynarray.c:112 0xa6c2719 16
4 dynarray.c:113 0xa6c2669 24
4 path.c:254 0xa6c2999 24
2 path.c:128 0xa6c2999 24
1 dynarray.c:84 0xa6c25d9 24
2 dynarray.c:95 0xa6c2669 16
2 path.c:90 0xa6c2b49 6
2 path.c:90 0xa6c2899 7
2 path.c:90 0xa6c2979 12
3 dynarray.c:69 0xa6c2d09 0xa6c2669 16 32
1 path.c:143 0xa6c2719 25
2 path.c:178 0xa6c2669 24
1 dynarray.c:84 0xa6c2cd9 24
2 dynarray.c:95 0xa6c2d49 16
2 path.c:191 0xa6c2d79 25
2 path.c:205 0xa6c2da9 6
3 path.c:223 0xa6c2d79 0xa6c2d79 25 6
4 path.c:246 0xa6c2d79 6
4 path.c:31 0xa6c2da9 6
4 dynarray.c:112 0xa6c2d49 16
4 dynarray.c:113 0xa6c2cd9 24
4 path.c:254 0xa6c2669 24
2 path.c:178 0xa6c2669 24
1 dynarray.c:84 0xa6c2d79 24
2 dynarray.c:95 0xa6c2cd9 16
2 path.c:191 0xa6c2dc9 25
2 path.c:205 0xa6c2da9 6
2 path.c:205 0xa6c2df9 7
3 path.c:223 0xa6c2dc9 0xa6c2dc9 25 13
4 path.c:246 0xa6c2dc9 13
4 path.c:31 0xa6c2da9 6
4 path.c:31 0xa6c2df9 7
4 dynarray.c:112 0xa6c2cd9 16
4 dynarray.c:113 0xa6c2d79 24
4 path.c:254 0xa6c2669 24
2 path.c:178 0xa6c2669 24
1 dynarray.c:84 0xa6c2d49 24
2 dynarray.c:95 0xa6c2d79 24
2 path.c:191 0xa6c2dc9 25
2 path.c:205 0xa6c2df9 6
2 path.c:205 0xa6c2da9 7
2 path.c:205 0xa6c2e19 12
3 path.c:223 0xa6c2dc9 0xa6c2dc9 25 25
4 path.c:246 0xa6c2dc9 25
4 path.c:31 0xa6c2df9 6
4 path.c:31 0xa6c2da9 7
4 path.c:31 0xa6c2e19 12
4 dynarray.c:112 0xa6c2d79 24
4 dynarray.c:113 0xa6c2d49 24
4 path.c:254 0xa6c2669 24
4 path.c:246 0xa6c2719 25
4 path.c:31 0xa6c2b49 6
4 path.c:31 0xa6c2899 7
4 path.c:31 0xa6c2979 12
4 dynarray.c:112 0xa6c2d09 32
4 dynarray.c:113 0xa6c25d9 24
4 path.c:254 0xa6c2999 24
2 path.c:128 0xa6c2999 24
1 dynarray.c:84 0xa6c2cd9 24
2 dynarray.c:95 0xa6c25d9 16
2 path.c:90 0xa6c2979 12
2 path.c:90 0xa6c2899 6
2 path.c:90 0xa6c2b49 9
3 dynarray.c:69 0xa6c2e39 0xa6c25d9 16 32
1 path.c:143 0xa6c2719 27
2 path.c:178 0xa6c25d9 24
1 dynarray.c:84 0xa6c2669 24
2 dynarray.c:95 0xa6c2d49 16
2 path.c:191 0xa6c2dc9 27
2 path.c:205 0xa6c2e19 12
3 path.c:223 0xa6c2dc9 0xa6c2dc9 27 12
4 path.c:246 0xa6c2dc9 12
4 path.c:31 0xa6c2e19 12
4 dynarray.c:112 0xa6c2d49 16
4 dynarray.c:113 0xa6c2669 24
4 path.c:254 0xa6c25d9 24
4 path.c:246 0xa6c2719 27
4 path.c:31 0xa6c2979 12
4 path.c:31 0xa6c2899 6
4 path.c:31 0xa6c2b49 9
4 dynarray.c:112 0xa6c2e39 32
4 dynarray.c:113 0xa6c2cd9 24
4 path.c:254 0xa6c2999 24
2 path.c:128 0xa6c2999 24
1 dynarray.c:84 0xa6c2d79 24
2 dynarray.c:95 0xa6c2cd9 16
2 path.c:90 0xa6c2b49 6
2 path.c:90 0xa6c2899 8
1 path.c:143 0xa6c26d9 14
2 path.c:178 0xa6c25d9 24
1 dynarray.c:84 0xa6c2719 24
2 dynarray.c:95 0xa6c2669 16
2 path.c:191 0xa6c2979 14
2 path.c:205 0xa6c2da9 6
3 path.c:223 0xa6c2979 0xa6c2979 14 6
4 path.c:246 0xa6c2979 6
4 path.c:31 0xa6c2da9 6
4 dynarray.c:112 0xa6c2669 16
4 dynarray.c:113 0xa6c2719 24
4 path.c:254 0xa6c25d9 24
2 path.c:178 0xa6c25d9 24
1 dynarray.c:84 0xa6c2d49 24
2 dynarray.c:95 0xa6c2719 16
2 path.c:191 0xa6c2da9 14
2 path.c:205 0xa6c2979 6
2 path.c:205 0xa6c2df9 8
3 path.c:223 0xa6c2da9 0xa6c2da9 14 14
4 path.c:246 0xa6c2da9 14
4 path.c:31 0xa6c2979 6
4 path.c:31 0xa6c2df9 8
4 dynarray.c:112 0xa6c2719 16
4 dynarray.c:113 0xa6c2d49 24
4 path.c:254 0xa6c25d9 24
2 path.c:178 0xa6c25d9 24
1 dynarray.c:84 0xa6c2669 24
2 dynarray.c:95 0xa6c2d49 16
2 path.c:191 0xa6c2df9 14
2 path.c:205 0xa6c2979 6
2 path.c:205 0xa6c2da9 8
3 path.c:223 0xa6c2df9 0xa6c2df9 14 14
1 bdtBad5.c:143 0xa6c2e39 32
2 path.c:178 0xa6c2dc9 24
1 dynarray.c:84 0xa6c2719 24
2 dynarray.c:95 0xa6c2e79 16
2 path.c:191 0xa6c2ea9 14
2 path.c:205 0xa6c2ec9 6
2 path.c:205 0xa6c2ee9 8
3 path.c:223 0xa6c2ea9 0xa6c2ea9 14 14
4 path.c:246 0xa6c2df9 14
4 path.c:31 0xa6c2979 6
4 path.c:31 0xa6c2da9 8
4 dynarray.c:112 0xa6c2d49 16
4 dynarray.c:113 0xa6c2669 24
4 path.c:254 0xa6c25d9 24
4 path.c:246 0xa6c26d9 14
4 path.c:31 0xa6c2b49 6
4 path.c:31 0xa6c2899 8
4 dynarray.c:112 0xa6c2cd9 16
4 dynarray.c:113 0xa6c2d79 24
4 path.c:254 0xa6c2999 24
2 path.c:128 0xa6c2999 24
1 dynarray.c:84 0xa6c2d49 24
2 dynarray.c:95 0xa6c2d79 16
2 path.c:90 0xa6c2899 6
2 path.c:90 0xa6c2b49 7
1 path.c:143 0xa6c2e19 13
2 path.c:178 0xa6c25d9 24
1 dynarray.c:84 0xa6c2cd9 24
2 dynarray.c:95 0xa6c2669 16
2 path.c:191 0xa6c26d9 13
2 path.c:205 0xa6c2979 6
3 path.c:223 0xa6c26d9 0xa6c26d9 13 6
4 path.c:246 0xa6c26d9 6
4 path.c:31 0xa6c2979 6
4 dynarray.c:112 0xa6c2669 16
4 dynarray.c:113 0xa6c2cd9 24
4 path.c:254 0xa6c25d9 24
2 path.c:178 0xa6c25d9 24
1 dynarray.c:84 0xa6c2669 24
2 dynarray.c:95 0xa6c2cd9 16
2 path.c:191 0xa6c2979 13
2 path.c:205 0xa6c26d9 6
2 path.c:205 0xa6c2df9 7
3 path.c:223 0xa6c2979 0xa6c2979 13 13
4 path.c:246 0xa6c2979 13
4 path.c:31 0xa6c26d9 6
4 path.c:31 0xa6c2df9 7
4 dynarray.c:112 0xa6c2cd9 16
4 dynarray.c:113 0xa6c2669 24
4 path.c:254 0xa6c25d9 24
2 path.c:178 0xa6c25d9 24
1 dynarray.c:84 0xa6c2cd9 24
2 dynarray.c:95 0xa6c2669 16
2 path.c:191 0xa6c2df9 13
2 path.c:205 0xa6c26d9 6
2 path.c:205 0xa6c2979 7
3 path.c:223 0xa6c2df9 0xa6c2df9 13 13
1 bdtBad5.c:143 0xa6c2d09 32
2 path.c:178 0xa6c2f09 24
1 dynarray.c:84 0xa6c2949 24
2 dynarray.c:95 0xa6c2f39 16
2 path.c:191 0xa6c2f69 13
2 path.c:205 0xa6c2f89 6
2 path.c:205 0xa6c2fa9 7
3 path.c:223 0xa6c2f69 0xa6c2f69 13 13
4 path.c:246 0xa6c2f69 13
4 path.c:31 0xa6c2f89 6
4 path.c:31 0xa6c2fa9 7
4 dynarray.c:112 0xa6c2f39 16
4 dynarray.c:113 0xa6c2949 24
4 path.c:254 0xa6c2f09 24
4 bdtBad5.c:193 0xa6c2d09 32
4 path.c:246 0xa6c2e19 13
4 path.c:31 0xa6c2899 6
4 path.c:31 0xa6c2b49 7
4 dynarray.c:112 0xa6c2d79 16
4 dynarray.c:113 0xa6c2d49 24
4 path.c:254 0xa6c2999 24
4 path.c:246 0xa6c2df9 13
4 path.c:31 0xa6c26d9 6
4 path.c:31 0xa6c2979 7
4 dynarray.c:112 0xa6c2669 16
4 dynarray.c:113 0xa6c2cd9 24
4 path.c:254 0xa6c25d9 24
2 path.c:128 0xa6c25d9 24
1 dynarray.c:84 0xa6c2949 24
2 dynarray.c:95 0xa6c2cd9 16
2 path.c:90 0xa6c2979 6
2 path.c:90 0xa6c26d9 4
2 path.c:90 0xa6c2df9 5
3 dynarray.c:69 0xa6c2fc9 0xa6c2cd9 16 32
2 path.c:90 0xa6c2b49 7
1 path.c:143 0xa6c2669 22
2 path.c:178 0xa6c2cd9 24
1 dynarray.c:84 0xa6c2999 24
2 dynarray.c:95 0xa6c2d49 16
2 path.c:191 0xa6c2f09 22
2 path.c:205 0xa6c2899 6
3 path.c:223 0xa6c2f09 0xa6c2f09 22 6
4 path.c:246 0xa6c2f09 6
4 path.c:31 0xa6c2899 6
4 dynarray.c:112 0xa6c2d49 16
4 dynarray.c:113 0xa6c2999 24
4 path.c:254 0xa6c2cd9 24
2 path.c:178 0xa6c2cd9 24
1 dynarray.c:84 0xa6c2d79 24
2 dynarray.c:95 0xa6c2999 16
2 path.c:191 0xa6c2f09 22
2 path.c:205 0xa6c2899 6
2 path.c:205 0xa6c2e19 4
3 path.c:223 0xa6c2f09 0xa6c2f09 22 10
4 path.c:246 0xa6c2f09 10
4 path.c:31 0xa6c2899 6
4 path.c:31 0xa6c2e19 4
4 dynarray.c:112 0xa6c2999 16
4 dynarray.c:113 0xa6c2d79 24
4 path.c:254 0xa6c2cd9 24
2 path.c:178 0xa6c2cd9 24
1 dynarray.c:84 0xa6c2d49 24
2 dynarray.c:95 0xa6c2d79 16
2 path.c:191 0xa6c2f09 22
2 path.c:205 0xa6c2e19 6
2 path.c:205 0xa6c2899 4
3 path.c:223 0xa6c2f09 0xa6c2f09 22 10
1 bdtBad5.c:143 0xa6c2d09 32
2 path.c:178 0xa6c3009 24
1 dynarray.c:84 0xa6c2999 24
2 dynarray.c:95 0xa6c3039 16
2 path.c:191 0xa6c2fa9 10
2 path.c:205 0xa6c2f89 6
2 path.c:205 0xa6c2f69 4
3 path.c:223 0xa6c2fa9 0xa6c2fa9 10 10
4 path.c:246 0xa6c2fa9 10
4 path.c:31 0xa6c2f89 6
4 path.c:31 0xa6c2f69 4
4 dynarray.c:112 0xa6c3039 16
4 dynarray.c:113 0xa6c2999 24
4 path.c:254 0xa6c3009 24
4 bdtBad5.c:193 0xa6c2d09 32
4 path.c:246 0xa6c2669 22
4 path.c:31 0xa6c2979 6
4 path.c:31 0xa6c26d9 4
4 path.c:31 0xa6c2df9 5
4 path.c:31 0xa6c2b49 7
4 dynarray.c:112 0xa6c2fc9 32
4 dynarray.c:113 0xa6c2949 24
4 path.c:254 0xa6c25d9 24
4 path.c:246 0xa6c2f09 10
4 path.c:31 0xa6c2e19 6
4 path.c:31 0xa6c2899 4
4 dynarray.c:112 0xa6c2d79 16
4 dynarray.c:113 0xa6c2d49 24
4 path.c:254 0xa6c2cd9 24
2 path.c:128 0xa6c2cd9 24
1 dynarray.c:84 0xa6c3039 24
2 dynarray.c:95 0xa6c2d49 16
2 path.c:90 0xa6c2899 6
1 path.c:143 0xa6c2da9 6
2 path.c:178 0xa6c2f09 24
1 dynarray.c:84 0xa6c2d79 24
2 dynarray.c:95 0xa6c25d9 16
2 path.c:191 0xa6c2e19 6
2 path.c:205 0xa6c2df9 6
3 path.c:223 0xa6c2e19 0xa6c2e19 6 6
4 path.c:246 0xa6c2e19 6
4 path.c:31 0xa6c2df9 6
4 dynarray.c:112 0xa6c25d9 16
4 dynarray.c:113 0xa6c2d79 24
4 path.c:254 0xa6c2f09 24
4 path.c:246 0xa6c2da9 6
4 path.c:31 0xa6c2899 6
4 dynarray.c:112 0xa6c2d49 16
4 dynarray.c:113 0xa6c3039 24
4 path.c:254 0xa6c2cd9 24
2 path.c:128 0xa6c2cd9 24
1 dynarray.c:84 0xa6c2949 24
2 dynarray.c:95 0xa6c3039 16
2 path.c:90 0xa6c2899 6
2 path.c:90 0xa6c2da9 7
1 path.c:143 0xa6c2b49 13
2 path.c:178 0xa6c2f09 24
1 dynarray.c:84 0xa6c2d49 24
2 dynarray.c:95 0xa6c2d79 16
2 path.c:191 0xa6c2df9 13
2 path.c:205 0xa6c26d9 6
3 path.c:223 0xa6c2df9 0xa6c2df9 13 6
4 path.c:246 0xa6c2df9 6
4 path.c:31 0xa6c26d9 6
4 dynarray.c:112 0xa6c2d79 16
4 dynarray.c:113 0xa6c2d49 24
4 path.c:254 0xa6c2f09 24
2 path.c:178 0xa6c2f09 24
1 dynarray.c:84 0xa6c25d9 24
2 dynarray.c:95 0xa6c2d49 16
2 path.c:191 0xa6c26d9 13
2 path.c:205 0xa6c2df9 6
2 path.c:205 0xa6c2979 7
3 path.c:223 0xa6c26d9 0xa6c26d9 13 13
4 path.c:246 0xa6c26d9 13
4 path.c:31 0xa6c2df9 6
4 path.c:31 0xa6c2979 7
4 dynarray.c:112 0xa6c2d49 16
4 dynarray.c:113 0xa6c25d9 24
4 path.c:254 0xa6c2f09 24
4 path.c:246 0xa6c2b49 13
4 path.c:31 0xa6c2899 6
4 path.c:31 0xa6c2da9 7
4 dynarray.c:112 0xa6c3039 16
4 dynarray.c:113 0xa6c2949 24
4 path.c:254 0xa6c2cd9 24
2 path.c:128 0xa6c2cd9 24
1 dynarray.c:84 0xa6c2d79 24
2 dynarray.c:95 0xa6c2949 16
2 path.c:90 0xa6c2da9 6
2 path.c:90 0xa6c2899 8
1 path.c:143 0xa6c2e19 14
2 path.c:178 0xa6c2f09 24
1 dynarray.c:84 0xa6c3039 24
2 dynarray.c:95 0xa6c25d9 16
2 path.c:191 0xa6c2b49 14
2 path.c:205 0xa6c2df9 6
3 path.c:223 0xa6c2b49 0xa6c2b49 14 6
4 path.c:246 0xa6c2b49 6
4 path.c:31 0xa6c2df9 6
4 dynarray.c:112 0xa6c25d9 16
4 dynarray.c:113 0xa6c3039 24
4 path.c:254 0xa6c2f09 24
2 path.c:178 0xa6c2f09 24
1 dynarray.c:84 0xa6c2d49 24
2 dynarray.c:95 0xa6c3039 16
2 path.c:191 0xa6c2df9 14
2 path.c:205 0xa6c2b49 6
2 path.c:205 0xa6c26d9 8
3 path.c:223 0xa6c2df9 0xa6c2df9 14 14
4 path.c:246 0xa6c2df9 14
4 path.c:31 0xa6c2b49 6
4 path.c:31 0xa6c26d9 8
4 dynarray.c:112 0xa6c3039 16
4 dynarray.c:113 0xa6c2d49 24
4 path.c:254 0xa6c2f09 24
4 path.c:246 0xa6c2e19 14
4 path.c:31 0xa6c2da9 6
4 path.c:31 0xa6c2899 8
4 dynarray.c:112 0xa6c2949 16
4 dynarray.c:113 0xa6c2d79 24
4 path.c:254 0xa6c2cd9 24
2 path.c:128 0xa6c2cd9 24
1 dynarray.c:84 0xa6c25d9 24
2 dynarray.c:95 0xa6c2d79 16
2 path.c:90 0xa6c2899 6
2 path.c:90 0xa6c2da9 7
1 path.c:143 0xa6c2979 13
2 path.c:178 0xa6c2f09 24
1 dynarray.c:84 0xa6c2949 24
2 dynarray.c:95 0xa6c2d49 16
2 path.c:191 0xa6c2e19 13
2 path.c:205 0xa6c2b49 6
3 path.c:223 0xa6c2e19 0xa6c2e19 13 6
4 path.c:246 0xa6c2e19 6
4 path.c:31 0xa6c2b49 6
4 dynarray.c:112 0xa6c2d49 16
4 dynarray.c:113 0xa6c2949 24
4 path.c:254 0xa6c2f09 24
2 path.c:178 0xa6c2f09 24
1 dynarray.c:84 0xa6c3039 24
2 dynarray.c:95 0xa6c2949 16
2 path.c:191 0xa6c2b49 13
2 path.c:205 0xa6c2e19 6
2 path.c:205 0xa6c2df9 7
3 path.c:223 0xa6c2b49 0xa6c2b49 13 13
4 path.c:246 0xa6c2b49 13
4 path.c:31 0xa6c2e19 6
4 path.c:31 0xa6c2df9 7
4 dynarray.c:112 0xa6c2949 16
4 dynarray.c:113 0xa6c3039 24
4 path.c:254 0xa6c2f09 24
2 path.c:128 0xa6c2f09 24
1 dynarray.c:84 0xa6c2d49 24
2 dynarray.c:95 0xa6c3039 16
2 path.c:90 0xa6c2df9 6
2 path.c:90 0xa6c2e19 4
1 path.c:143 0xa6c26d9 10
2 path.c:178 0xa6c2669 24
1 dynarray.c:84 0xa6c2949 24
2 dynarray.c:95 0xa6c3009 16
2 path.c:191 0xa6c2b49 10
2 path.c:205 0xa6c2f89 6
3 path.c:223 0xa6c2b49 0xa6c2b49 10 6
4 path.c:246 0xa6c2b49 6
4 path.c:31 0xa6c2f89 6
4 dynarray.c:112 0xa6c3009 16
4 dynarray.c:113 0xa6c2949 24
4 path.c:254 0xa6c2669 24
2 path.c:178 0xa6c2669 24
1 dynarray.c:84 0xa6c2999 24
2 dynarray.c:95 0xa6c2949 16
2 path.c:191 0xa6c2f89 10
2 path.c:205 0xa6c2b49 6
2 path.c:205 0xa6c2fa9 4
3 path.c:223 0xa6c2f89 0xa6c2f89 10 10
4 path.c:246 0xa6c2f89 10
4 path.c:31 0xa6c2b49 6
4 path.c:31 0xa6c2fa9 4
4 dynarray.c:112 0xa6c2949 16
4 dynarray.c:113 0xa6c2999 24
4 path.c:254 0xa6c2669 24
2 path.c:128 0xa6c2669 24
1 dynarray.c:84 0xa6c3009 24
2 dynarray.c:95 0xa6c2999 16
2 path.c:90 0xa6c2fa9 6
2 path.c:90 0xa6c2b49 4
2 path.c:90 0xa6c2f89 5
3 dynarray.c:69 0xa6c3069 0xa6c2999 16 32
1 path.c:143 0xa6c2949 15
2 path.c:178 0xa6c2999 24
1 dynarray.c:84 0xa6c2f39 24
2 dynarray.c:95 0xa6c30a9 16
2 path.c:191 0xa6c30d9 15
2 path.c:205 0xa6c3109 6
3 path.c:223 0xa6c30d9 0xa6c30d9 15 6
4 path.c:246 0xa6c30d9 6
4 path.c:31 0xa6c3109 6
4 dynarray.c:112 0xa6c30a9 16
4 dynarray.c:113 0xa6c2f39 24
4 path.c:254 0xa6c2999 24
2 path.c:178 0xa6c2999 24
1 dynarray.c:84 0xa6c30a9 24
2 dynarray.c:95 0xa6c2f39 16
2 path.c:191 0xa6c3129 15
2 path.c:205 0xa6c3109 6
2 path.c:205 0xa6c3159 4
3 path.c:223 0xa6c3129 0xa6c3129 15 10
4 path.c:246 0xa6c3129 10
4 path.c:31 0xa6c3109 6
4 path.c:31 0xa6c3159 4
4 dynarray.c:112 0xa6c2f39 16
4 dynarray.c:113 0xa6c30a9 24
4 path.c:254 0xa6c2999 24
2 path.c:128 0xa6c2999 24
1 dynarray.c:84 0xa6c3129 24
2 dynarray.c:95 0xa6c30a9 16
2 path.c:90 0xa6c3159 6
2 path.c:90 0xa6c3109 4
2 path.c:90 0xa6c3179 5
3 dynarray.c:69 0xa6c3199 0xa6c30a9 16 32
2 path.c:90 0xa6c31d9 7
1 path.c:143 0xa6c2f39 22
2 path.c:178 0xa6c30a9 24
1 dynarray.c:84 0xa6c30d9 24
2 dynarray.c:95 0xa6c31f9 16
2 path.c:191 0xa6c3229 22
2 path.c:205 0xa6c3259 6
3 path.c:223 0xa6c3229 0xa6c3229 22 6
4 path.c:246 0xa6c3229 6
4 path.c:31 0xa6c3259 6
4 dynarray.c:112 0xa6c31f9 16
4 dynarray.c:113 0xa6c30d9 24
4 path.c:254 0xa6c30a9 24
2 path.c:178 0xa6c30a9 24
1 dynarray.c:84 0xa6c31f9 24
2 dynarray.c:95 0xa6c30d9 16
2 path.c:191 0xa6c3279 22
2 path.c:205 0xa6c3259 6
2 path.c:205 0xa6c32a9 4
3 path.c:223 0xa6c3279 0xa6c3279 22 10
4 path.c:246 0xa6c3279 10
4 path.c:31 0xa6c3259 6
4 path.c:31 0xa6c32a9 4
4 dynarray.c:112 0xa6c30d9 16
4 dynarray.c:113 0xa6c31f9 24
4 path.c:254 0xa6c30a9 24
1 dynarray.c:84 0xa6c3279 24
2 dynarray.c:95 0xa6c32c9 32
1 bdtBad5.c:662 0xa6c3309 59
4 dynarray.c:112 0xa6c32c9 32
4 dynarray.c:113 0xa6c3279 24
4 bdt_client.c:82 0xa6c3309 59
2 path.c:128 0xa6c30a9 24
1 dynarray.c:84 0xa6c3279 24
2 dynarray.c:95 0xa6c31f9 16
2 path.c:90 0xa6c32a9 6
2 path.c:90 0xa6c3259 7
2 path.c:90 0xa6c3359 12
3 dynarray.c:69 0xa6c3379 0xa6c31f9 16 32
1 path.c:143 0xa6c30d9 25
2 path.c:178 0xa6c31f9 24
1 dynarray.c:84 0xa6c3229 24
2 dynarray.c:95 0xa6c33b9 16
2 path.c:191 0xa6c33e9 25
2 path.c:205 0xa6c3419 6
3 path.c:223 0xa6c33e9 0xa6c33e9 25 6
4 path.c:246 0xa6c33e9 6
4 path.c:31 0xa6c3419 6
4 dynarray.c:112 0xa6c33b9 16
4 dynarray.c:113 0xa6c3229 24
4 path.c:254 0xa6c31f9 24
2 path.c:178 0xa6c31f9 24
1 dynarray.c:84 0xa6c33b9 24
2 dynarray.c:95 0xa6c3229 16
2 path.c:191 0xa6c3439 25
2 path.c:205 0xa6c3419 6
2 path.c:205 0xa6c3469 7
3 path.c:223 0xa6c3439 0xa6c3439 25 13
4 path.c:246 0xa6c3439 13
4 path.c:31 0xa6c3419 6
4 path.c:31 0xa6c3469 7
4 dynarray.c:112 0xa6c3229 16
4 dynarray.c:113 0xa6c33b9 24
4 path.c:254 0xa6c31f9 24
2 path.c:178 0xa6c31f9 24
1 dynarray.c:84 0xa6c3439 24
2 dynarray.c:95 0xa6c33b9 24
2 path.c:191 0xa6c3489 25
2 path.c:205 0xa6c3469 6
2 path.c:205 0xa6c3419 7
2 path.c:205 0xa6c34b9 12
3 path.c:223 0xa6c3489 0xa6c3489 25 25
4 path.c:246 0xa6c3489 25
4 path.c:31 0xa6c3469 6
4 path.c:31 0xa6c3419 7
4 path.c:31 0xa6c34b9 12
4 dynarray.c:112 0xa6c33b9 24
4 dynarray.c:113 0xa6c3439 24
4 path.c:254 0xa6c31f9 24
4 path.c:246 0xa6c30d9 25
4 path.c:31 0xa6c32a9 6
4 path.c:31 0xa6c3259 7
4 path.c:31 0xa6c3359 12
4 dynarray.c:112 0xa6c3379 32
4 dynarray.c:113 0xa6c3279 24
4 path.c:254 0xa6c30a9 24
2 path.c:128 0xa6c30a9 24
1 dynarray.c:84 0xa6c3229 24
2 dynarray.c:95 0xa6c3279 16
2 path.c:90 0xa6c3359 6
2 path.c:90 0xa6c3259 8
2 path.c:90 0xa6c32a9 12
3 dynarray.c:69 0xa6c34d9 0xa6c3279 16 32
1 path.c:143 0xa6c30d9 26
2 path.c:178 0xa6c3279 24
1 dynarray.c:84 0xa6c31f9 24
2 dynarray.c:95 0xa6c3439 16
2 path.c:191 0xa6c3489 26
2 path.c:205 0xa6c34b9 6
3 path.c:223 0xa6c3489 0xa6c3489 26 6
4 path.c:246 0xa6c3489 6
4 path.c:31 0xa6c34b9 6
4 dynarray.c:112 0xa6c3439 16
4 dynarray.c:113 0xa6c31f9 24
4 path.c:254 0xa6c3279 24
2 path.c:178 0xa6c3279 24
1 dynarray.c:84 0xa6c33b9 24
2 dynarray.c:95 0xa6c31f9 16
2 path.c:191 0xa6c3489 26
2 path.c:205 0xa6c34b9 6
2 path.c:205 0xa6c3419 8
3 path.c:223 0xa6c3489 0xa6c3489 26 14
4 path.c:246 0xa6c3489 14
4 path.c:31 0xa6c34b9 6
4 path.c:31 0xa6c3419 8
4 dynarray.c:112 0xa6c31f9 16
4 dynarray.c:113 0xa6c33b9 24
4 path.c:254 0xa6c3279 24
2 path.c:178 0xa6c3279 24
1 dynarray.c:84 0xa6c3439 24
2 dynarray.c:95 0xa6c33b9 24
2 path.c:191 0xa6c3489 26
2 path.c:205 0xa6c3419 6
2 path.c:205 0xa6c34b9 8
2 path.c:205 0xa6c3469 12
3 path.c:223 0xa6c3489 0xa6c3489 26 26
4 path.c:246 0xa6c3489 26
4 path.c:31 0xa6c3419 6
4 path.c:31 0xa6c34b9 8
4 path.c:31 0xa6c3469 12
4 dynarray.c:112 0xa6c33b9 24
4 dynarray.c:113 0xa6c3439 24
4 path.c:254 0xa6c3279 24
2 path.c:128 0xa6c3279 24
1 dynarray.c:84 0xa6c31f9 24
2 dynarray.c:95 0xa6c3439 16
2 path.c:90 0xa6c3469 6
2 path.c:90 0xa6c34b9 8
2 path.c:90 0xa6c3419 12
3 dynarray.c:69 0xa6c3519 0xa6c3439 16 32
1 path.c:143 0xa6c33b9 26
2 path.c:178 0xa6c3439 24
1 dynarray.c:84 0xa6c3489 24
2 dynarray.c:95 0xa6c3559 16
2 path.c:191 0xa6c3589 26
2 path.c:205 0xa6c35b9 6
3 path.c:223 0xa6c3589 0xa6c3589 26 6
4 path.c:246 0xa6c3589 6
4 path.c:31 0xa6c35b9 6
4 dynarray.c:112 0xa6c3559 16
4 dynarray.c:113 0xa6c3489 24
4 path.c:254 0xa6c3439 24
2 path.c:178 0xa6c3439 24
1 dynarray.c:84 0xa6c3589 24
2 dynarray.c:95 0xa6c3489 16
2 path.c:191 0xa6c35d9 26
2 path.c:205 0xa6c35b9 6
2 path.c:205 0xa6c3609 8
3 path.c:223 0xa6c35d9 0xa6c35d9 26 14
4 path.c:246 0xa6c35d9 14
4 path.c:31 0xa6c35b9 6
4 path.c:31 0xa6c3609 8
4 dynarray.c:112 0xa6c3489 16
4 dynarray.c:113 0xa6c3589 24
4 path.c:254 0xa6c3439 24
2 path.c:178 0xa6c3439 24
1 dynarray.c:84 0xa6c3559 24
2 dynarray.c:95 0xa6c3589 24
2 path.c:191 0xa6c35d9 26
2 path.c:205 0xa6c3609 6
2 path.c:205 0xa6c35b9 8
2 path.c:205 0xa6c3629 12
3 path.c:223 0xa6c35d9 0xa6c35d9 26 26
4 path.c:246 0xa6c35d9 26
4 path.c:31 0xa6c3609 6
4 path.c:31 0xa6c35b9 8
4 path.c:31 0xa6c3629 12
4 dynarray.c:112 0xa6c3589 24
4 dynarray.c:113 0xa6c3559 24
4 path.c:254 0xa6c3439 24
2 path.c:178 0xa6c3439 24
1 dynarray.c:84 0xa6c3489 24
2 dynarray.c:95 0xa6c3559 24
2 path.c:191 0xa6c35d9 26
2 path.c:205 0xa6c3629 6
2 path.c:205 0xa6c35b9 8
2 path.c:205 0xa6c3609 12
3 path.c:223 0xa6c35d9 0xa6c35d9 26 26
1 bdtBad5.c:143 0xa6c3379 32
2 path.c:178 0xa6c3649 24
1 dynarray.c:84 0xa6c3589 24
2 dynarray.c:95 0xa6c3679 24
2 path.c:191 0xa6c36a9 26
2 path.c:205 0xa6c36d9 6
2 path.c:205 0xa6c36f9 8
2 path.c:205 0xa6c3719 12
3 path.c:223 0xa6c36a9 0xa6c36a9 26 26
4 path.c:246 0xa6c35d9 26
4 path.c:31 0xa6c3629 6
4 path.c:31 0xa6c35b9 8
4 path.c:31 0xa6c3609 12
4 dynarray.c:112 0xa6c3559 24
4 dynarray.c:113 0xa6c3489 24
4 path.c:254 0xa6c3439 24
4 path.c:246 0xa6c33b9 26
4 path.c:31 0xa6c3469 6
4 path.c:31 0xa6c34b9 8
4 path.c:31 0xa6c3419 12
4 dynarray.c:112 0xa6c3519 32
4 dynarray.c:113 0xa6c31f9 24
4 path.c:254 0xa6c3279 24
2 path.c:128 0xa6c3279 24
1 dynarray.c:84 0xa6c35d9 24
2 dynarray.c:95 0xa6c31f9 16
2 path.c:90 0xa6c3419 6
2 path.c:90 0xa6c34b9 7
2 path.c:90 0xa6c3469 12
3 dynarray.c:69 0xa6c3739 0xa6c31f9 16 32
1 path.c:143 0xa6c33b9 25
2 path.c:178 0xa6c31f9 24
1 dynarray.c:84 0xa6c3439 24
2 dynarray.c:95 0xa6c3489 16
2 path.c:191 0xa6c3779 25
2 path.c:205 0xa6c3609 6
3 path.c:223 0xa6c3779 0xa6c3779 25 6
4 path.c:246 0xa6c3779 6
4 path.c:31 0xa6c3609 6
4 dynarray.c:112 0xa6c3489 16
4 dynarray.c:113 0xa6c3439 24
4 path.c:254 0xa6c31f9 24
2 path.c:178 0xa6c31f9 24
1 dynarray.c:84 0xa6c3559 24
2 dynarray.c:95 0xa6c3439 16
2 path.c:191 0xa6c3779 25
2 path.c:205 0xa6c3609 6
2 path.c:205 0xa6c35b9 7
3 path.c:223 0xa6c3779 0xa6c3779 25 13
4 path.c:246 0xa6c3779 13
4 path.c:31 0xa6c3609 6
4 path.c:31 0xa6c35b9 7
4 dynarray.c:112 0xa6c3439 16
4 dynarray.c:113 0xa6c3559 24
4 path.c:254 0xa6c31f9 24
2 path.c:178 0xa6c31f9 24
1 dynarray.c:84 0xa6c3489 24
2 dynarray.c:95 0xa6c3559 24
2 path.c:191 0xa6c3779 25
2 path.c:205 0xa6c35b9 6
2 path.c:205 0xa6c3609 7
2 path.c:205 0xa6c3629 12
3 path.c:223 0xa6c3779 0xa6c3779 25 25
4 path.c:246 0xa6c3779 25
4 path.c:31 0xa6c35b9 6
4 path.c:31 0xa6c3609 7
4 path.c:31 0xa6c3629 12
4 dynarray.c:112 0xa6c3559 24
4 dynarray.c:113 0xa6c3489 24
4 path.c:254 0xa6c31f9 24
4 path.c:246 0xa6c33b9 25
4 path.c:31 0xa6c3419 6
4 path.c:31 0xa6c34b9 7
4 path.c:31 0xa6c3469 12
4 dynarray.c:112 0xa6c3739 32
4 dynarray.c:113 0xa6c35d9 24
4 path.c:254 0xa6c3279 24
2 path.c:128 0xa6c3279 24
1 dynarray.c:84 0xa6c3439 24
2 dynarray.c:95 0xa6c35d9 16
2 path.c:90 0xa6c3469 6
2 path.c:90 0xa6c34b9 8
2 path.c:90 0xa6c3419 12
3 dynarray.c:69 0xa6c37a9 0xa6c35d9 16 32
1 path.c:143 0xa6c33b9 26
2 path.c:178 0xa6c35d9 24
1 dynarray.c:84 0xa6c31f9 24
2 dynarray.c:95 0xa6c3489 16
2 path.c:191 0xa6c3779 26
2 path.c:205 0xa6c3629 6
3 path.c:223 0xa6c3779 0xa6c3779 26 6
4 path.c:246 0xa6c3779 6
4 path.c:31 0xa6c3629 6
4 dynarray.c:112 0xa6c3489 16
4 dynarray.c:113 0xa6c31f9 24
4 path.c:254 0xa6c35d9 24
2 path.c:178 0xa6c35d9 24
1 dynarray.c:84 0xa6c3559 24
2 dynarray.c:95 0xa6c31f9 16
2 path.c:191 0xa6c3779 26
2 path.c:205 0xa6c3629 6
2 path.c:205 0xa6c3609 8
3 path.c:223 0xa6c3779 0xa6c3779 26 14
4 path.c:246 0xa6c3779 14
4 path.c:31 0xa6c3629 6
4 path.c:31 0xa6c3609 8
4 dynarray.c:112 0xa6c31f9 16
4 dynarray.c:113 0xa6c3559 24
4 path.c:254 0xa6c35d9 24
2 path.c:178 0xa6c35d9 24
1 dynarray.c:84 0xa6c3489 24
2 dynarray.c:95 0xa6c3559 24
2 path.c:191 0xa6c3779 26
2 path.c:205 0xa6c3609 6
2 path.c:205 0xa6c3629 8
2 path.c:205 0xa6c35b9 12
3 path.c:223 0xa6c3779 0xa6c3779 26 26
4 path.c:246 0xa6c3779 26
4 path.c:31 0xa6c3609 6
4 path.c:31 0xa6c3629 8
4 path.c:31 0xa6c35b9 12
4 dynarray.c:112 0xa6c3559 24
4 dynarray.c:113 0xa6c3489 24
4 path.c:254 0xa6c35d9 24
4 path.c:246 0xa6c33b9 26
4 path.c:31 0xa6c3469 6
4 path.c:31 0xa6c34b9 8
4 path.c:31 0xa6c3419 12
4 dynarray.c:112 0xa6c37a9 32
4 dynarray.c:113 0xa6c3439 24
4 path.c:254 0xa6c3279 24
2 path.c:128 0xa6c3279 24
1 dynarray.c:84 0xa6c31f9 24
2 dynarray.c:95 0xa6c3439 16
2 path.c:90 0xa6c3419 6
2 path.c:90 0xa6c34b9 8
2 path.c:90 0xa6c3469 12
3 dynarray.c:69 0xa6c37a9 0xa6c3439 16 32
1 path.c:143 0xa6c33b9 26
2 path.c:178 0xa6c3439 24
1 dynarray.c:84 0xa6c35d9 24
2 dynarray.c:95 0xa6c3489 16
2 path.c:191 0xa6c3779 26
2 path.c:205 0xa6c35b9 6
3 path.c:223 0xa6c3779 0xa6c3779 26 6
4 path.c:246 0xa6c3779 6
4 path.c:31 0xa6c35b9 6
4 dynarray.c:112 0xa6c3489 16
4 dynarray.c:113 0xa6c35d9 24
4 path.c:254 0xa6c3439 24
2 path.c:178 0xa6c3439 24
1 dynarray.c:84 0xa6c3559 24
2 dynarray.c:95 0xa6c35d9 16
2 path.c:191 0xa6c3779 26
2 path.c:205 0xa6c35b9 6
2 path.c:205 0xa6c3629 8
3 path.c:223 0xa6c3779 0xa6c3779 26 14
4 path.c:246 0xa6c3779 14
4 path.c:31 0xa6c35b9 6
4 path.c:31 0xa6c3629 8
4 dynarray.c:112 0xa6c35d9 16
4 dynarray.c:113 0xa6c3559 24
4 path.c:254 0xa6c3439 24
2 path.c:178 0xa6c3439 24
1 dynarray.c:84 0xa6c3489 24
2 dynarray.c:95 0xa6c3559 24
2 path.c:191 0xa6c3779 26
2 path.c:205 0xa6c3629 6
2 path.c:205 0xa6c35b9 8
2 path.c:205 0xa6c3609 12
3 path.c:223 0xa6c3779 0xa6c3779 26 26
4 path.c:246 0xa6c3779 26
4 path.c:31 0xa6c3629 6
4 path.c:31 0xa6c35b9 8
4 path.c:31 0xa6c3609 12
4 dynarray.c:112 0xa6c3559 24
4 dynarray.c:113 0xa6c3489 24
4 path.c:254 0xa6c3439 24
4 path.c:246 0xa6c33b9 26
4 path.c:31 0xa6c3419 6
4 path.c:31 0xa6c34b9 8
4 path.c:31 0xa6c3469 12
4 dynarray.c:112 0xa6c37a9 32
4 dynarray.c:113 0xa6c31f9 24
4 path.c:254 0xa6c3279 24
2 path.c:128 0xa6c3279 24
1 dynarray.c:84 0xa6c35d9 24
2 dynarray.c:95 0xa6c31f9 16
2 path.c:90 0xa6c3469 6
2 path.c:90 0xa6c34b9 8
2 path.c:90 0xa6c3419 12
3 dynarray.c:69 0xa6c37a9 0xa6c31f9 16 32
2 path.c:90 0xa6c3609 6
1 path.c:143 0xa6c3739 32
2 path.c:178 0xa6c31f9 24
1 dynarray.c:84 0xa6c33b9 24
2 dynarray.c:95 0xa6c3439 16
2 path.c:191 0xa6c37e9 32
2 path.c:205 0xa6c35b9 6
3 path.c:223 0xa6c37e9 0xa6c37e9 32 6
4 path.c:246 0xa6c37e9 6
4 path.c:31 0xa6c35b9 6
4 dynarray.c:112 0xa6c3439 16
4 dynarray.c:113 0xa6c33b9 24
4 path.c:254 0xa6c31f9 24
2 path.c:178 0xa6c31f9 24
1 dynarray.c:84 0xa6c3489 24
2 dynarray.c:95 0xa6c33b9 16
2 path.c:191 0xa6c3829 32
2 path.c:205 0xa6c35b9 6
2 path.c:205 0xa6c37e9 8
3 path.c:223 0xa6c3829 0xa6c3829 32 14
4 path.c:246 0xa6c3829 14
4 path.c:31 0xa6c35b9 6
4 path.c:31 0xa6c37e9 8
4 dynarray.c:112 0xa6c33b9 16
4 dynarray.c:113 0xa6c3489 24
4 path.c:254 0xa6c31f9 24
2 path.c:178 0xa6c31f9 24
1 dynarray.c:84 0xa6c3439 24
2 dynarray.c:95 0xa6c3489 24
2 path.c:191 0xa6c3869 32
2 path.c:205 0xa6c37e9 6
2 path.c:205 0xa6c35b9 8
2 path.c:205 0xa6c3829 12
3 path.c:223 0xa6c3869 0xa6c3869 32 26
4 path.c:246 0xa6c3869 26
4 path.c:31 0xa6c37e9 6
4 path.c:31 0xa6c35b9 8
4 path.c:31 0xa6c3829 12
4 dynarray.c:112 0xa6c3489 24
4 dynarray.c:113 0xa6c3439 24
4 path.c:254 0xa6c31f9 24
2 path.c:178 0xa6c31f9 24
1 dynarray.c:84 0xa6c33b9 24
2 dynarray.c:95 0xa6c38a9 32
2 path.c:191 0xa6c38e9 32
2 path.c:205 0xa6c3829 6
2 path.c:205 0xa6c35b9 8
2 path.c:205 0xa6c37e9 12
2 path.c:205 0xa6c3849 6
3 path.c:223 0xa6c38e9 0xa6c38e9 32 32
4 path.c:246 0xa6c38e9 32
4 path.c:31 0xa6c3829 6
4 path.c:31 0xa6c35b9 8
4 path.c:31 0xa6c37e9 12
4 path.c:31 0xa6c3849 6
4 dynarray.c:112 0xa6c38a9 32
4 dynarray.c:113 0xa6c33b9 24
4 path.c:254 0xa6c31f9 24
2 path.c:178 0xa6c31f9 24
1 dynarray.c:84 0xa6c33b9 24
2 dynarray.c:95 0xa6c38a9 32
2 path.c:191 0xa6c38e9 32
2 path.c:205 0xa6c3849 6
2 path.c:205 0xa6c37e9 8
2 path.c:205 0xa6c35b9 12
2 path.c:205 0xa6c3829 6
3 path.c:223 0xa6c38e9 0xa6c38e9 32 32
1 bdtBad5.c:143 0xa6c3869 32
2 path.c:178 0xa6c3439 24
1 dynarray.c:84 0xa6c3489 24
2 dynarray.c:95 0xa6c3929 32
2 path.c:191 0xa6c3969 32
2 path.c:205 0xa6c3809 6
2 path.c:205 0xa6c3629 8
2 path.c:205 0xa6c39a9 12
2 path.c:205 0xa6c39c9 6
3 path.c:223 0xa6c3969 0xa6c3969 32 32
4 path.c:246 0xa6c38e9 32
4 path.c:31 0xa6c3849 6
4 path.c:31 0xa6c37e9 8
4 path.c:31 0xa6c35b9 12
4 path.c:31 0xa6c3829 6
4 dynarray.c:112 0xa6c38a9 32
4 dynarray.c:113 0xa6c33b9 24
4 path.c:254 0xa6c31f9 24
4 path.c:246 0xa6c3739 32
4 path.c:31 0xa6c3469 6
4 path.c:31 0xa6c34b9 8
4 path.c:31 0xa6c3419 12
4 path.c:31 0xa6c3609 6
4 dynarray.c:112 0xa6c37a9 32
4 dynarray.c:113 0xa6c35d9 24
4 path.c:254 0xa6c3279 24
2 path.c:128 0xa6c3279 24
1 dynarray.c:84 0xa6c33b9 24
2 dynarray.c:95 0xa6c35d9 16
2 path.c:90 0xa6c3609 6
2 path.c:90 0xa6c3419 8
2 path.c:90 0xa6c34b9 12
3 dynarray.c:69 0xa6c37a9 0xa6c35d9 16 32
2 path.c:90 0xa6c3469 6
1 path.c:143 0xa6c38e9 32
2 path.c:178 0xa6c35d9 24
1 dynarray.c:84 0xa6c31f9 24
2 dynarray.c:95 0xa6c3559 16
2 path.c:191 0xa6c3739 32
2 path.c:205 0xa6c3829 6
3 path.c:223 0xa6c3739 0xa6c3739 32 6
4 path.c:246 0xa6c3739 6
4 path.c:31 0xa6c3829 6
4 dynarray.c:112 0xa6c3559 16
4 dynarray.c:113 0xa6c31f9 24
4 path.c:254 0xa6c35d9 24
2 path.c:178 0xa6c35d9 24
1 dynarray.c:84 0xa6c3779 24
2 dynarray.c:95 0xa6c31f9 16
2 path.c:191 0xa6c39e9 32
2 path.c:205 0xa6c3829 6
2 path.c:205 0xa6c3739 8
3 path.c:223 0xa6c39e9 0xa6c39e9 32 14
4 path.c:246 0xa6c39e9 14
4 path.c:31 0xa6c3829 6
4 path.c:31 0xa6c3739 8
4 dynarray.c:112 0xa6c31f9 16
4 dynarray.c:113 0xa6c3779 24
4 path.c:254 0xa6c35d9 24
2 path.c:178 0xa6c35d9 24
1 dynarray.c:84 0xa6c3559 24
2 dynarray.c:95 0xa6c3779 24
2 path.c:191 0xa6c3a29 32
2 path.c:205 0xa6c3739 6
2 path.c:205 0xa6c3829 8
2 path.c:205 0xa6c39e9 12
3 path.c:223 0xa6c3a29 0xa6c3a29 32 26
4 path.c:246 0xa6c3a29 26
4 path.c:31 0xa6c3739 6
4 path.c:31 0xa6c3829 8
4 path.c:31 0xa6c39e9 12
4 dynarray.c:112 0xa6c3779 24
4 dynarray.c:113 0xa6c3559 24
4 path.c:254 0xa6c35d9 24
2 path.c:178 0xa6c35d9 24
1 dynarray.c:84 0xa6c31f9 24
2 dynarray.c:95 0xa6c3a29 32
2 path.c:191 0xa6c3a69 32
2 path.c:205 0xa6c39e9 6
2 path.c:205 0xa6c3829 8
2 path.c:205 0xa6c3739 12
2 path.c:205 0xa6c3a09 6
3 path.c:223 0xa6c3a69 0xa6c3a69 32 32
4 path.c:246 0xa6c3a69 32
4 path.c:31 0xa6c39e9 6
4 path.c:31 0xa6c3829 8
4 path.c:31 0xa6c3739 12
4 path.c:31 0xa6c3a09 6
4 dynarray.c:112 0xa6c3a29 32
4 dynarray.c:113 0xa6c31f9 24
4 path.c:254 0xa6c35d9 24
4 path.c:246 0xa6c38e9 32
4 path.c:31 0xa6c3609 6
4 path.c:31 0xa6c3419 8
4 path.c:31 0xa6c34b9 12
4 path.c:31 0xa6c3469 6
4 dynarray.c:112 0xa6c37a9 32
4 dynarray.c:113 0xa6c33b9 24
4 path.c:254 0xa6c3279 24
1 dynarray.c:84 0xa6c31f9 24
2 dynarray.c:95 0xa6c3aa9 48
1 bdtBad5.c:662 0xa6c3af9 117
4 dynarray.c:112 0xa6c3aa9 48
4 dynarray.c:113 0xa6c31f9 24
4 bdt_client.c:96 0xa6c3af9 117
2 path.c:128 0xa6c3279 24
1 dynarray.c:84 0xa6c31f9 24
2 dynarray.c:95 0xa6c33b9 16
2 path.c:90 0xa6c3469 6
2 path.c:90 0xa6c34b9 8
2 path.c:90 0xa6c3419 12
3 dynarray.c:69 0xa6c37a9 0xa6c33b9 16 32
2 path.c:90 0xa6c3609 6
1 path.c:143 0xa6c38a9 32
2 path.c:178 0xa6c33b9 24
1 dynarray.c:84 0xa6c35d9 24
2 dynarray.c:95 0xa6c3559 16
2 path.c:191 0xa6c38e9 32
2 path.c:205 0xa6c3a09 6
3 path.c:223 0xa6c38e9 0xa6c38e9 32 6
4 path.c:246 0xa6c38e9 6
4 path.c:31 0xa6c3a09 6
4 dynarray.c:112 0xa6c3559 16
4 dynarray.c:113 0xa6c35d9 24
4 path.c:254 0xa6c33b9 24
2 path.c:178 0xa6c33b9 24
1 dynarray.c:84 0xa6c3779 24
2 dynarray.c:95 0xa6c35d9 16
2 path.c:191 0xa6c3a69 32
2 path.c:205 0xa6c3a09 6
2 path.c:205 0xa6c38e9 8
3 path.c:223 0xa6c3a69 0xa6c3a69 32 14
4 path.c:246 0xa6c3a69 14
4 path.c:31 0xa6c3a09 6
4 path.c:31 0xa6c38e9 8
4 dynarray.c:112 0xa6c35d9 16
4 dynarray.c:113 0xa6c3779 24
4 path.c:254 0xa6c33b9 24
2 path.c:178 0xa6c33b9 24
1 dynarray.c:84 0xa6c3559 24
2 dynarray.c:95 0xa6c3779 24
2 path.c:191 0xa6c3b89 32
2 path.c:205 0xa6c38e9 6
2 path.c:205 0xa6c3a09 8
2 path.c:205 0xa6c3a69 12
3 path.c:223 0xa6c3b89 0xa6c3b89 32 26
4 path.c:246 0xa6c3b89 26
4 path.c:31 0xa6c38e9 6
4 path.c:31 0xa6c3a09 8
4 path.c:31 0xa6c3a69 12
4 dynarray.c:112 0xa6c3779 24
4 dynarray.c:113 0xa6c3559 24
4 path.c:254 0xa6c33b9 24
2 path.c:178 0xa6c33b9 24
1 dynarray.c:84 0xa6c35d9 24
2 dynarray.c:95 0xa6c3b89 32
2 path.c:191 0xa6c3bc9 32
2 path.c:205 0xa6c3a69 6
2 path.c:205 0xa6c3a09 8
2 path.c:205 0xa6c38e9 12
2 path.c:205 0xa6c3a89 6
3 path.c:223 0xa6c3bc9 0xa6c3bc9 32 32
4 path.c:246 0xa6c3bc9 32
4 path.c:31 0xa6c3a69 6
4 path.c:31 0xa6c3a09 8
4 path.c:31 0xa6c38e9 12
4 path.c:31 0xa6c3a89 6
4 dynarray.c:112 0xa6c3b89 32
4 dynarray.c:113 0xa6c35d9 24
4 path.c:254 0xa6c33b9 24
4 path.c:246 0xa6c38a9 32
4 path.c:31 0xa6c3469 6
4 path.c:31 0xa6c34b9 8
4 path.c:31 0xa6c3419 12
4 path.c:31 0xa6c3609 6
4 dynarray.c:112 0xa6c37a9 32
4 dynarray.c:113 0xa6c31f9 24
4 path.c:254 0xa6c3279 24
2 path.c:128 0xa6c3279 24
1 dynarray.c:84 0xa6c35d9 24
2 dynarray.c:95 0xa6c31f9 16
2 path.c:90 0xa6c3609 6
2 path.c:90 0xa6c3419 8
2 path.c:90 0xa6c34b9 8
3 dynarray.c:69 0xa6c37a9 0xa6c31f9 16 32
1 path.c:143 0xa6c33b9 22
2 path.c:178 0xa6c31f9 24
1 dynarray.c:84 0xa6c3559 24
2 dynarray.c:95 0xa6c3779 16
2 path.c:191 0xa6c3c09 22
2 path.c:205 0xa6c3469 6
3 path.c:223 0xa6c3c09 0xa6c3c09 22 6
4 path.c:246 0xa6c3c09 6
4 path.c:31 0xa6c3469 6
4 dynarray.c:112 0xa6c3779 16
4 dynarray.c:113 0xa6c3559 24
4 path.c:254 0xa6c31f9 24
2 path.c:178 0xa6c31f9 24
1 dynarray.c:84 0xa6c3c09 24
2 dynarray.c:95 0xa6c3559 16
2 path.c:191 0xa6c3c39 22
2 path.c:205 0xa6c3469 6
2 path.c:205 0xa6c3a89 8
3 path.c:223 0xa6c3c39 0xa6c3c39 22 14
4 path.c:246 0xa6c3c39 14
4 path.c:31 0xa6c3469 6
4 path.c:31 0xa6c3a89 8
4 dynarray.c:112 0xa6c3559 16
4 dynarray.c:113 0xa6c3c09 24
4 path.c:254 0xa6c31f9 24
2 path.c:178 0xa6c31f9 24
1 dynarray.c:84 0xa6c3779 24
2 dynarray.c:95 0xa6c3c09 24
2 path.c:191 0xa6c3c39 22
2 path.c:205 0xa6c3a89 6
2 path.c:205 0xa6c3469 8
2 path.c:205 0xa6c38e9 8
3 path.c:223 0xa6c3c39 0xa6c3c39 22 22
4 path.c:246 0xa6c3c39 22
4 path.c:31 0xa6c3a89 6
4 path.c:31 0xa6c3469 8
4 path.c:31 0xa6c38e9 8
4 dynarray.c:112 0xa6c3c09 24
4 dynarray.c:113 0xa6c3779 24
4 path.c:254 0xa6c31f9 24
2 path.c:128 0xa6c31f9 24
1 dynarray.c:84 0xa6c3559 24
2 dynarray.c:95 0xa6c3779 16
2 path.c:90 0xa6c38e9 6
2 path.c:90 0xa6c3469 8
2 path.c:90 0xa6c3a89 8
3 dynarray.c:69 0xa6c38a9 0xa6c3779 16 32
1 path.c:143 0xa6c3c09 22
2 path.c:178 0xa6c3779 24
1 dynarray.c:84 0xa6c3c39 24
2 dynarray.c:95 0xa6c3c69 16
2 path.c:191 0xa6c3c99 22
2 path.c:205 0xa6c3a09 6
3 path.c:223 0xa6c3c99 0xa6c3c99 22 6
4 path.c:246 0xa6c3c99 6
4 path.c:31 0xa6c3a09 6
4 dynarray.c:112 0xa6c3c69 16
4 dynarray.c:113 0xa6c3c39 24
4 path.c:254 0xa6c3779 24
2 path.c:178 0xa6c3779 24
1 dynarray.c:84 0xa6c3c99 24
2 dynarray.c:95 0xa6c3c39 16
2 path.c:191 0xa6c3cc9 22
2 path.c:205 0xa6c3a09 6
2 path.c:205 0xa6c3a69 8
3 path.c:223 0xa6c3cc9 0xa6c3cc9 22 14
4 path.c:246 0xa6c3cc9 14
4 path.c:31 0xa6c3a09 6
4 path.c:31 0xa6c3a69 8
4 dynarray.c:112 0xa6c3c39 16
4 dynarray.c:113 0xa6c3c99 24
4 path.c:254 0xa6c3779 24
2 path.c:178 0xa6c3779 24
1 dynarray.c:84 0xa6c3c69 24
2 dynarray.c:95 0xa6c3c99 24
2 path.c:191 0xa6c3cc9 22
2 path.c:205 0xa6c3a69 6
2 path.c:205 0xa6c3a09 8
2 path.c:205 0xa6c3909 8
3 path.c:223 0xa6c3cc9 0xa6c3cc9 22 22
4 path.c:246 0xa6c3cc9 22
4 path.c:31 0xa6c3a69 6
4 path.c:31 0xa6c3a09 8
4 path.c:31 0xa6c3909 8
4 dynarray.c:112 0xa6c3c99 24
4 dynarray.c:113 0xa6c3c69 24
4 path.c:254 0xa6c3779 24
2 path.c:128 0xa6c3779 24
1 dynarray.c:84 0xa6c3c39 24
2 dynarray.c:95 0xa6c3c69 16
2 path.c:90 0xa6c3909 6
2 path.c:90 0xa6c3a09 8
2 path.c:90 0xa6c3a69 8
3 dynarray.c:69 0xa6c3b89 0xa6c3c69 16 32
1 path.c:143 0xa6c3c99 22
2 path.c:178 0xa6c3c69 24
1 dynarray.c:84 0xa6c3cc9 24
2 dynarray.c:95 0xa6c3cf9 16
2 path.c:191 0xa6c3d29 22
2 path.c:205 0xa6c3739 6
3 path.c:223 0xa6c3d29 0xa6c3d29 22 6
4 path.c:246 0xa6c3d29 6
4 path.c:31 0xa6c3739 6
4 dynarray.c:112 0xa6c3cf9 16
4 dynarray.c:113 0xa6c3cc9 24
4 path.c:254 0xa6c3c69 24
2 path.c:178 0xa6c3c69 24
1 dynarray.c:84 0xa6c3d29 24
2 dynarray.c:95 0xa6c3cc9 16
2 path.c:191 0xa6c3d59 22
2 path.c:205 0xa6c3739 6
2 path.c:205 0xa6c3829 8
3 path.c:223 0xa6c3d59 0xa6c3d59 22 14
4 path.c:246 0xa6c3d59 14
4 path.c:31 0xa6c3739 6
4 path.c:31 0xa6c3829 8
4 dynarray.c:112 0xa6c3cc9 16
4 dynarray.c:113 0xa6c3d29 24
4 path.c:254 0xa6c3c69 24
2 path.c:178 0xa6c3c69 24
1 dynarray.c:84 0xa6c3cf9 24
2 dynarray.c:95 0xa6c3d29 24
2 path.c:191 0xa6c3d59 22
2 path.c:205 0xa6c3829 6
2 path.c:205 0xa6c3739 8
2 path.c:205 0xa6c39e9 8
3 path.c:223 0xa6c3d59 0xa6c3d59 22 22
4 path.c:246 0xa6c3d59 22
4 path.c:31 0xa6c3829 6
4 path.c:31 0xa6c3739 8
4 path.c:31 0xa6c39e9 8
4 dynarray.c:112 0xa6c3d29 24
4 dynarray.c:113 0xa6c3cf9 24
4 path.c:254 0xa6c3c69 24
2 path.c:128 0xa6c3c69 24
1 dynarray.c:84 0xa6c3cc9 24
2 dynarray.c:95 0xa6c3cf9 16
2 path.c:90 0xa6c39e9 6
2 path.c:90 0xa6c3739 8
1 path.c:143 0xa6c2f69 14
2 path.c:178 0xa6c3d59 24
1 dynarray.c:84 0xa6c3d29 24
2 dynarray.c:95 0xa6c3d89 16
2 path.c:191 0xa6c3829 14
2 path.c:205 0xa6c35b9 6
3 path.c:223 0xa6c3829 0xa6c3829 14 6
4 path.c:246 0xa6c3829 6
4 path.c:31 0xa6c35b9 6
4 dynarray.c:112 0xa6c3d89 16
4 dynarray.c:113 0xa6c3d29 24
4 path.c:254 0xa6c3d59 24
2 path.c:178 0xa6c3d59 24
1 dynarray.c:84 0xa6c3d89 24
2 dynarray.c:95 0xa6c3d29 16
2 path.c:191 0xa6c35b9 14
2 path.c:205 0xa6c3829 6
2 path.c:205 0xa6c37e9 8
3 path.c:223 0xa6c35b9 0xa6c35b9 14 14
4 path.c:246 0xa6c35b9 14
4 path.c:31 0xa6c3829 6
4 path.c:31 0xa6c37e9 8
4 dynarray.c:112 0xa6c3d29 16
4 dynarray.c:113 0xa6c3d89 24
4 path.c:254 0xa6c3d59 24
4 path.c:246 0xa6c2f69 14
4 path.c:31 0xa6c39e9 6
4 path.c:31 0xa6c3739 8
4 dynarray.c:112 0xa6c3cf9 16
4 dynarray.c:113 0xa6c3cc9 24
4 path.c:254 0xa6c3c69 24
4 path.c:246 0xa6c3969 32
4 path.c:31 0xa6c3809 6
4 path.c:31 0xa6c3629 8
4 path.c:31 0xa6c39a9 12
4 path.c:31 0xa6c39c9 6
4 dynarray.c:112 0xa6c3929 32
4 dynarray.c:113 0xa6c3489 24
4 path.c:254 0xa6c3439 24
4 bdtBad5.c:263 0xa6c3869 32
4 path.c:246 0xa6c36a9 26
4 path.c:31 0xa6c36d9 6
4 path.c:31 0xa6c36f9 8
4 path.c:31 0xa6c3719 12
4 dynarray.c:112 0xa6c3679 24
4 dynarray.c:113 0xa6c3589 24
4 path.c:254 0xa6c3649 24
4 bdtBad5.c:263 0xa6c3379 32
4 path.c:246 0xa6c2ea9 14
4 path.c:31 0xa6c2ec9 6
4 path.c:31 0xa6c2ee9 8
4 dynarray.c:112 0xa6c2e79 16
4 dynarray.c:113 0xa6c2719 24
4 path.c:254 0xa6c2dc9 24
4 bdtBad5.c:263 0xa6c2e39 32
2 path.c:128 0xa6c2dc9 24
1 dynarray.c:84 0xa6c3d29 24
2 dynarray.c:95 0xa6c2719 16
2 path.c:90 0xa6c2ee9 6
1 path.c:143 0xa6c3759 6
2 path.c:178 0xa6c3649 24
1 dynarray.c:84 0xa6c2e79 24
2 dynarray.c:95 0xa6c3589 16
2 path.c:191 0xa6c2ec9 6
2 path.c:205 0xa6c3719 6
3 path.c:223 0xa6c2ec9 0xa6c2ec9 6 6
4 path.c:246 0xa6c2ec9 6
4 path.c:31 0xa6c3719 6
4 dynarray.c:112 0xa6c3589 16
4 dynarray.c:113 0xa6c2e79 24
4 path.c:254 0xa6c3649 24
4 path.c:246 0xa6c3759 6
4 path.c:31 0xa6c2ee9 6
4 dynarray.c:112 0xa6c2719 16
4 dynarray.c:113 0xa6c3d29 24
4 path.c:254 0xa6c2dc9 24
2 path.c:128 0xa6c2dc9 24
1 dynarray.c:84 0xa6c3679 24
2 dynarray.c:95 0xa6c3d29 16
2 path.c:90 0xa6c2ee9 6
2 path.c:90 0xa6c3759 7
1 path.c:143 0xa6c2ea9 13
2 path.c:178 0xa6c3649 24
1 dynarray.c:84 0xa6c2719 24
2 dynarray.c:95 0xa6c2e79 16
2 path.c:191 0xa6c3719 13
2 path.c:205 0xa6c36f9 6
3 path.c:223 0xa6c3719 0xa6c3719 13 6
4 path.c:246 0xa6c3719 6
4 path.c:31 0xa6c36f9 6
4 dynarray.c:112 0xa6c2e79 16
4 dynarray.c:113 0xa6c2719 24
4 path.c:254 0xa6c3649 24
2 path.c:178 0xa6c3649 24
1 dynarray.c:84 0xa6c3589 24
2 dynarray.c:95 0xa6c2719 16
2 path.c:191 0xa6c36f9 13
2 path.c:205 0xa6c3719 6
2 path.c:205 0xa6c36d9 7
3 path.c:223 0xa6c36f9 0xa6c36f9 13 13
4 path.c:246 0xa6c36f9 13
4 path.c:31 0xa6c3719 6
4 path.c:31 0xa6c36d9 7
4 dynarray.c:112 0xa6c2719 16
4 dynarray.c:113 0xa6c3589 24
4 path.c:254 0xa6c3649 24
4 path.c:246 0xa6c2ea9 13
4 path.c:31 0xa6c2ee9 6
4 path.c:31 0xa6c3759 7
4 dynarray.c:112 0xa6c3d29 16
4 dynarray.c:113 0xa6c3679 24
4 path.c:254 0xa6c2dc9 24
2 path.c:128 0xa6c2dc9 24
1 dynarray.c:84 0xa6c2e79 24
2 dynarray.c:95 0xa6c3679 16
2 path.c:90 0xa6c3759 6
2 path.c:90 0xa6c2ee9 8
1 path.c:143 0xa6c2ec9 14
2 path.c:178 0xa6c3649 24
1 dynarray.c:84 0xa6c3d29 24
2 dynarray.c:95 0xa6c3589 16
2 path.c:191 0xa6c2ea9 14
2 path.c:205 0xa6c3719 6
3 path.c:223 0xa6c2ea9 0xa6c2ea9 14 6
4 path.c:246 0xa6c2ea9 6
4 path.c:31 0xa6c3719 6
4 dynarray.c:112 0xa6c3589 16
4 dynarray.c:113 0xa6c3d29 24
4 path.c:254 0xa6c3649 24
2 path.c:178 0xa6c3649 24
1 dynarray.c:84 0xa6c2719 24
2 dynarray.c:95 0xa6c3d29 16
2 path.c:191 0xa6c3719 14
2 path.c:205 0xa6c2ea9 6
2 path.c:205 0xa6c36f9 8
3 path.c:223 0xa6c3719 0xa6c3719 14 14
4 path.c:246 0xa6c3719 14
4 path.c:31 0xa6c2ea9 6
4 path.c:31 0xa6c36f9 8
4 dynarray.c:112 0xa6c3d29 16
4 dynarray.c:113 0xa6c2719 24
4 path.c:254 0xa6c3649 24
2 path.c:128 0xa6c3649 24
1 dynarray.c:84 0xa6c3589 24
2 dynarray.c:95 0xa6c2719 16
2 path.c:90 0xa6c36f9 6
2 path.c:90 0xa6c2ea9 8
2 path.c:90 0xa6c3719 12
3 dynarray.c:69 0xa6c2e39 0xa6c2719 16 32
1 path.c:143 0xa6c3d29 26
2 path.c:178 0xa6c2719 24
1 dynarray.c:84 0xa6c36a9 24
2 dynarray.c:95 0xa6c3439 16
2 path.c:191 0xa6c3c69 26
2 path.c:205 0xa6c39c9 6
3 path.c:223 0xa6c3c69 0xa6c3c69 26 6
4 path.c:246 0xa6c3c69 6
4 path.c:31 0xa6c39c9 6
4 dynarray.c:112 0xa6c3439 16
4 dynarray.c:113 0xa6c36a9 24
4 path.c:254 0xa6c2719 24
2 path.c:178 0xa6c2719 24
1 dynarray.c:84 0xa6c3489 24
2 dynarray.c:95 0xa6c36a9 16
2 path.c:191 0xa6c3c69 26
2 path.c:205 0xa6c39c9 6
2 path.c:205 0xa6c39a9 8
3 path.c:223 0xa6c3c69 0xa6c3c69 26 14
4 path.c:246 0xa6c3c69 14
4 path.c:31 0xa6c39c9 6
4 path.c:31 0xa6c39a9 8
4 dynarray.c:112 0xa6c36a9 16
4 dynarray.c:113 0xa6c3489 24
4 path.c:254 0xa6c2719 24
2 path.c:128 0xa6c2719 24
1 dynarray.c:84 0xa6c3439 24
2 dynarray.c:95 0xa6c3489 16
2 path.c:90 0xa6c39a9 6
2 path.c:90 0xa6c39c9 8
2 path.c:90 0xa6c3629 12
3 dynarray.c:69 0xa6c3379 0xa6c3489 16 32
2 path.c:90 0xa6c3809 6
1 path.c:143 0xa6c3a29 32
2 path.c:178 0xa6c3489 24
1 dynarray.c:84 0xa6c36a9 24
2 dynarray.c:95 0xa6c3c69 16
2 path.c:191 0xa6c3869 32
2 path.c:205 0xa6c3739 6
3 path.c:223 0xa6c3869 0xa6c3869 32 6
4 path.c:246 0xa6c3869 6
4 path.c:31 0xa6c3739 6
4 dynarray.c:112 0xa6c3c69 16
4 dynarray.c:113 0xa6c36a9 24
4 path.c:254 0xa6c3489 24
2 path.c:178 0xa6c3489 24
1 dynarray.c:84 0xa6c3cc9 24
2 dynarray.c:95 0xa6c36a9 16
2 path.c:191 0xa6c3969 32
2 path.c:205 0xa6c3739 6
2 path.c:205 0xa6c3869 8
3 path.c:223 0xa6c3969 0xa6c3969 32 14
4 path.c:246 0xa6c3969 14
4 path.c:31 0xa6c3739 6
4 path.c:31 0xa6c3869 8
4 dynarray.c:112 0xa6c36a9 16
4 dynarray.c:113 0xa6c3cc9 24
4 path.c:254 0xa6c3489 24
1 dynarray.c:84 0xa6c3c69 24
2 dynarray.c:95 0xa6c3489 24
1 bdtBad5.c:662 0xa6c3929 45
4 dynarray.c:112 0xa6c3489 24
4 dynarray.c:113 0xa6c3c69 24
4 bdt_client.c:113 0xa6c3929 45
2 path.c:128 0xa6c3c69 24
1 dynarray.c:84 0xa6c3cc9 24
2 dynarray.c:95 0xa6c3489 16
2 path.c:90 0xa6c3869 13
1 path.c:143 0xa6c36d9 13
2 path.c:178 0xa6c3cf9 24
1 dynarray.c:84 0xa6c36a9 24
2 dynarray.c:95 0xa6c3d59 16
2 path.c:191 0xa6c3739 13
2 path.c:205 0xa6c3989 13
3 path.c:223 0xa6c3739 0xa6c3739 13 13
4 path.c:246 0xa6c3739 13
4 path.c:31 0xa6c3989 13
4 dynarray.c:112 0xa6c3d59 16
4 dynarray.c:113 0xa6c36a9 24
4 path.c:254 0xa6c3cf9 24
4 path.c:246 0xa6c36d9 13
4 path.c:31 0xa6c3869 13
4 dynarray.c:112 0xa6c3489 16
4 dynarray.c:113 0xa6c3cc9 24
4 path.c:254 0xa6c3c69 24
2 path.c:128 0xa6c3c69 24
1 dynarray.c:84 0xa6c3d89 24
2 dynarray.c:95 0xa6c3cc9 16
2 path.c:90 0xa6c3869 6
1 path.c:143 0xa6c3969 6
2 path.c:178 0xa6c3cf9 24
1 dynarray.c:84 0xa6c3489 24
2 dynarray.c:95 0xa6c36a9 16
2 path.c:191 0xa6c36d9 6
2 path.c:205 0xa6c3739 6
3 path.c:223 0xa6c36d9 0xa6c36d9 6 6
4 path.c:246 0xa6c36d9 6
4 path.c:31 0xa6c3739 6
4 dynarray.c:112 0xa6c36a9 16
4 dynarray.c:113 0xa6c3489 24
4 path.c:254 0xa6c3cf9 24
4 path.c:246 0xa6c3969 6
4 path.c:31 0xa6c3869 6
4 dynarray.c:112 0xa6c3cc9 16
4 dynarray.c:113 0xa6c3d89 24
4 path.c:254 0xa6c3c69 24
4 path.c:246 0xa6c2c09 25
4 path.c:31 0xa6c2c39 6
4 path.c:31 0xa6c2c59 7
4 path.c:31 0xa6c2c79 12
4 dynarray.c:112 0xa6c2bd9 24
4 dynarray.c:113 0xa6c2919 24
4 path.c:254 0xa6c2ba9 24
4 bdtBad5.c:263 0xa6c2b69 32
4 path.c:246 0xa6c2ab9 13
4 path.c:31 0xa6c2ad9 6
4 path.c:31 0xa6c2af9 7
4 dynarray.c:112 0xa6c2a89 16
4 dynarray.c:113 0xa6c25a9 24
4 path.c:254 0xa6c2a59 24
4 bdtBad5.c:263 0xa6c2a19 32
4 path.c:246 0xa6c2859 6
4 path.c:31 0xa6c2879 6
4 dynarray.c:112 0xa6c2829 16
4 dynarray.c:113 0xa6c2609 24
4 path.c:254 0xa6c27f9 24
4 bdtBad5.c:263 0xa6c27b9 32
2 path.c:128 0xa6c27f9 24
1 dynarray.c:84 0xa6c3d59 24
2 dynarray.c:95 0xa6c2609 16
2 path.c:90 0xa6c2879 6
2 path.c:90 0xa6c2859 7
1 path.c:143 0xa6c3989 13
4 path.c:246 0xa6c3989 13
4 path.c:31 0xa6c2879 6
4 path.c:31 0xa6c2859 7
4 dynarray.c:112 0xa6c2609 16
4 dynarray.c:113 0xa6c3d59 24
4 path.c:254 0xa6c27f9 24
2 path.c:128 0xa6c27f9 24
1 dynarray.c:84 0xa6c2829 24
2 dynarray.c:95 0xa6c3d59 16
2 path.c:90 0xa6c2859 6
1 path.c:143 0xa6c3989 6
4 path.c:246 0xa6c3989 6
4 path.c:31 0xa6c2859 6
4 dynarray.c:112 0xa6c3d59 16
4 dynarray.c:113 0xa6c2829 24
4 path.c:254 0xa6c27f9 24
2 path.c:128 0xa6c27f9 24
1 dynarray.c:84 0xa6c2609 24
2 dynarray.c:95 0xa6c2829 16
2 path.c:90 0xa6c2859 6
1 path.c:143 0xa6c3989 6
4 path.c:246 0xa6c3989 6
4 path.c:31 0xa6c2859 6
4 dynarray.c:112 0xa6c2829 16
4 dynarray.c:113 0xa6c2609 24
4 path.c:254 0xa6c27f9 24
2 path.c:128 0xa6c27f9 24
1 dynarray.c:84 0xa6c3d59 24
2 dynarray.c:95 0xa6c2609 16
2 path.c:90 0xa6c2859 13
1 path.c:143 0xa6c3989 13
4 path.c:246 0xa6c3989 13
4 path.c:31 0xa6c2859 13
4 dynarray.c:112 0xa6c2609 16
4 dynarray.c:113 0xa6c3d59 24
4 path.c:254 0xa6c27f9 24
1 dynarray.c:84 0xa6c2829 24
2 dynarray.c:95 0xa6c27f9 16
1 bdtBad5.c:662 0xa6c3989 1
4 dynarray.c:112 0xa6c27f9 16
4 dynarray.c:113 0xa6c2829 24
4 bdt_client.c:124 0xa6c3989 1
2 path.c:128 0xa6c2829 24
1 dynarray.c:84 0xa6c3d59 24
2 dynarray.c:95 0xa6c27f9 16
2 path.c:90 0xa6c2859 2
2 path.c:90 0xa6c2879 2
1 path.c:143 0xa6c3989 4
2 path.c:178 0xa6c2a59 24
1 dynarray.c:84 0xa6c2609 24
2 dynarray.c:95 0xa6c25a9 16
2 path.c:191 0xa6c2af9 4
2 path.c:205 0xa6c2ab9 2
3 path.c:223 0xa6c2af9 0xa6c2af9 4 2
1 bdtBad5.c:143 0xa6c3929 32
2 path.c:178 0xa6c2ba9 24
1 dynarray.c:84 0xa6c2a89 24
2 dynarray.c:95 0xa6c2919 16
2 path.c:191 0xa6c2c79 2
2 path.c:205 0xa6c2c59 2
3 path.c:223 0xa6c2c79 0xa6c2c79 2 2
4 path.c:246 0xa6c2af9 2
4 path.c:31 0xa6c2ab9 2
4 dynarray.c:112 0xa6c25a9 16
4 dynarray.c:113 0xa6c2609 24
4 path.c:254 0xa6c2a59 24
2 path.c:178 0xa6c2a59 24
1 dynarray.c:84 0xa6c2bd9 24
2 dynarray.c:95 0xa6c2609 16
2 path.c:191 0xa6c2ab9 4
2 path.c:205 0xa6c2af9 2
2 path.c:205 0xa6c2c39 2
3 path.c:223 0xa6c2ab9 0xa6c2ab9 4 4
1 bdtBad5.c:143 0xa6c3519 32
2 path.c:178 0xa6c2c09 24
1 dynarray.c:84 0xa6c25a9 24
2 dynarray.c:95 0xa6c3c69 16
2 path.c:191 0xa6c3869 4
2 path.c:205 0xa6c3969 2
2 path.c:205 0xa6c3739 2
3 path.c:223 0xa6c3869 0xa6c3869 4 4
4 path.c:246 0xa6c2ab9 4
4 path.c:31 0xa6c2af9 2
4 path.c:31 0xa6c2c39 2
4 dynarray.c:112 0xa6c2609 16
4 dynarray.c:113 0xa6c2bd9 24
4 path.c:254 0xa6c2a59 24
4 path.c:246 0xa6c3989 4
4 path.c:31 0xa6c2859 2
4 path.c:31 0xa6c2879 2
4 dynarray.c:112 0xa6c27f9 16
4 dynarray.c:113 0xa6c3d59 24
4 path.c:254 0xa6c2829 24
1 dynarray.c:84 0xa6c3d89 24
2 dynarray.c:95 0xa6c2829 16
1 bdtBad5.c:662 0xa6c2ad9 7
4 dynarray.c:112 0xa6c2829 16
4 dynarray.c:113 0xa6c3d89 24
4 bdt_client.c:136 0xa6c2ad9 7
2 path.c:128 0xa6c3d89 24
1 dynarray.c:84 0xa6c3d59 24
2 dynarray.c:95 0xa6c2829 16
2 path.c:90 0xa6c2879 2
2 path.c:90 0xa6c2859 2
1 path.c:143 0xa6c2ad9 4
2 path.c:178 0xa6c2a59 24
1 dynarray.c:84 0xa6c27f9 24
2 dynarray.c:95 0xa6c2bd9 16
2 path.c:191 0xa6c3989 4
2 path.c:205 0xa6c2af9 2
3 path.c:223 0xa6c3989 0xa6c3989 4 2
4 path.c:246 0xa6c3989 2
4 path.c:31 0xa6c2af9 2
4 dynarray.c:112 0xa6c2bd9 16
4 dynarray.c:113 0xa6c27f9 24
4 path.c:254 0xa6c2a59 24
2 path.c:178 0xa6c2a59 24
1 dynarray.c:84 0xa6c2609 24
2 dynarray.c:95 0xa6c27f9 16
2 path.c:191 0xa6c2af9 4
2 path.c:205 0xa6c3989 2
2 path.c:205 0xa6c2ab9 2
3 path.c:223 0xa6c2af9 0xa6c2af9 4 4
4 path.c:246 0xa6c2af9 4
4 path.c:31 0xa6c3989 2
4 path.c:31 0xa6c2ab9 2
4 dynarray.c:112 0xa6c27f9 16
4 dynarray.c:113 0xa6c2609 24
4 path.c:254 0xa6c2a59 24
2 path.c:178 0xa6c2a59 24
1 dynarray.c:84 0xa6c2bd9 24
2 dynarray.c:95 0xa6c2609 16
2 path.c:191 0xa6c2ab9 4
2 path.c:205 0xa6c3989 2
2 path.c:205 0xa6c2af9 2
3 path.c:223 0xa6c2ab9 0xa6c2ab9 4 4
1 bdtBad5.c:143 0xa6c32c9 32
2 path.c:178 0xa6c3cc9 24
1 dynarray.c:84 0xa6c27f9 24
2 dynarray.c:95 0xa6c3cf9 16
2 path.c:191 0xa6c36d9 4
2 path.c:205 0xa6c3889 2
2 path.c:205 0xa6c39e9 2
3 path.c:223 0xa6c36d9 0xa6c36d9 4 4
4 path.c:246 0xa6c2ab9 4
4 path.c:31 0xa6c3989 2
4 path.c:31 0xa6c2af9 2
4 dynarray.c:112 0xa6c2609 16
4 dynarray.c:113 0xa6c2bd9 24
4 path.c:254 0xa6c2a59 24
4 path.c:246 0xa6c2ad9 4
4 path.c:31 0xa6c2879 2
4 path.c:31 0xa6c2859 2
4 dynarray.c:112 0xa6c2829 16
4 dynarray.c:113 0xa6c3d59 24
4 path.c:254 0xa6c3d89 24
1 dynarray.c:84 0xa6c3489 24
2 dynarray.c:95 0xa6c3d89 24
1 bdtBad5.c:662 0xa6c2c39 11
4 dynarray.c:112 0xa6c3d89 24
4 dynarray.c:113 0xa6c3489 24
4 bdt_client.c:140 0xa6c2c39 11
2 path.c:128 0xa6c3489 24
1 dynarray.c:84 0xa6c3d59 24
2 dynarray.c:95 0xa6c3d89 16
2 path.c:90 0xa6c2859 2
2 path.c:90 0xa6c2879 2
1 path.c:143 0xa6c2c39 4
2 path.c:178 0xa6c2a59 24
1 dynarray.c:84 0xa6c2829 24
2 dynarray.c:95 0xa6c2bd9 16
2 path.c:191 0xa6c2ad9 4
2 path.c:205 0xa6c3989 2
3 path.c:223 0xa6c2ad9 0xa6c2ad9 4 2
4 path.c:246 0xa6c2ad9 2
4 path.c:31 0xa6c3989 2
4 dynarray.c:112 0xa6c2bd9 16
4 dynarray.c:113 0xa6c2829 24
4 path.c:254 0xa6c2a59 24
2 path.c:178 0xa6c2a59 24
1 dynarray.c:84 0xa6c2609 24
2 dynarray.c:95 0xa6c2829 16
2 path.c:191 0xa6c3989 4
2 path.c:205 0xa6c2ad9 2
2 path.c:205 0xa6c2ab9 2
3 path.c:223 0xa6c3989 0xa6c3989 4 4
4 path.c:246 0xa6c3989 4
4 path.c:31 0xa6c2ad9 2
4 path.c:31 0xa6c2ab9 2
4 dynarray.c:112 0xa6c2829 16
4 dynarray.c:113 0xa6c2609 24
4 path.c:254 0xa6c2a59 24
4 path.c:246 0xa6c2c39 4
4 path.c:31 0xa6c2859 2
4 path.c:31 0xa6c2879 2
4 dynarray.c:112 0xa6c3d89 16
4 dynarray.c:113 0xa6c3d59 24
4 path.c:254 0xa6c3489 24
4 path.c:246 0xa6c3869 4
4 path.c:31 0xa6c3969 2
4 path.c:31 0xa6c3739 2
4 dynarray.c:112 0xa6c3c69 16
4 dynarray.c:113 0xa6c25a9 24
4 path.c:254 0xa6c2c09 24
4 bdtBad5.c:263 0xa6c3519 32
1 dynarray.c:84 0xa6c2bd9 24
2 dynarray.c:95 0xa6c2c09 16
1 bdtBad5.c:662 0xa6c2af9 7
4 dynarray.c:112 0xa6c2c09 16
4 dynarray.c:113 0xa6c2bd9 24
4 bdt_client.c:144 0xa6c2af9 7
2 path.c:128 0xa6c2bd9 24
1 dynarray.c:84 0xa6c25a9 24
2 dynarray.c:95 0xa6c2c09 16
2 path.c:90 0xa6c3739 2
2 path.c:90 0xa6c3969 3
1 path.c:143 0xa6c2af9 5
2 path.c:178 0xa6c3489 24
1 dynarray.c:84 0xa6c3c69 24
2 dynarray.c:95 0xa6c3d59 16
2 path.c:191 0xa6c3869 5
2 path.c:205 0xa6c2859 2
3 path.c:223 0xa6c3869 0xa6c3869 5 2
4 path.c:246 0xa6c3869 2
4 path.c:31 0xa6c2859 2
4 dynarray.c:112 0xa6c3d59 16
4 dynarray.c:113 0xa6c3c69 24
4 path.c:254 0xa6c3489 24
2 path.c:178 0xa6c3489 24
1 dynarray.c:84 0xa6c3d89 24
2 dynarray.c:95 0xa6c3c69 16
2 path.c:191 0xa6c2859 5
2 path.c:205 0xa6c3869 2
2 path.c:205 0xa6c2c39 3
3 path.c:223 0xa6c2859 0xa6c2859 5 5
4 path.c:246 0xa6c2859 5
4 path.c:31 0xa6c3869 2
4 path.c:31 0xa6c2c39 3
4 dynarray.c:112 0xa6c3c69 16
4 dynarray.c:113 0xa6c3d89 24
4 path.c:254 0xa6c3489 24
2 path.c:178 0xa6c3489 24
1 dynarray.c:84 0xa6c3d59 24
2 dynarray.c:95 0xa6c3d89 16
2 path.c:191 0xa6c2c39 5
2 path.c:205 0xa6c3869 2
2 path.c:205 0xa6c2859 3
3 path.c:223 0xa6c2c39 0xa6c2c39 5 5
1 bdtBad5.c:143 0xa6c3519 32
2 path.c:178 0xa6c2a59 24
1 dynarray.c:84 0xa6c3c69 24
2 dynarray.c:95 0xa6c2609 16
2 path.c:191 0xa6c2ab9 5
2 path.c:205 0xa6c2ad9 2
2 path.c:205 0xa6c3989 3
3 path.c:223 0xa6c2ab9 0xa6c2ab9 5 5
4 path.c:246 0xa6c2c39 5
4 path.c:31 0xa6c3869 2
4 path.c:31 0xa6c2859 3
4 dynarray.c:112 0xa6c3d89 16
4 dynarray.c:113 0xa6c3d59 24
4 path.c:254 0xa6c3489 24
4 path.c:246 0xa6c2af9 5
4 path.c:31 0xa6c3739 2
4 path.c:31 0xa6c3969 3
4 dynarray.c:112 0xa6c2c09 16
4 dynarray.c:113 0xa6c25a9 24
4 path.c:254 0xa6c2bd9 24
1 dynarray.c:84 0xa6c2829 24
2 dynarray.c:95 0xa6c2bd9 24
1 bdtBad5.c:662 0xa6c2879 12
4 dynarray.c:112 0xa6c2bd9 24
4 dynarray.c:113 0xa6c2829 24
4 bdt_client.c:148 0xa6c2879 12
2 path.c:128 0xa6c2829 24
1 dynarray.c:84 0xa6c25a9 24
2 dynarray.c:95 0xa6c2bd9 16
2 path.c:90 0xa6c3969 2
2 path.c:90 0xa6c3739 3
1 path.c:143 0xa6c2879 5
2 path.c:178 0xa6c3489 24
1 dynarray.c:84 0xa6c2c09 24
2 dynarray.c:95 0xa6c3d59 16
2 path.c:191 0xa6c2af9 5
2 path.c:205 0xa6c3869 2
3 path.c:223 0xa6c2af9 0xa6c2af9 5 2
4 path.c:246 0xa6c2af9 2
4 path.c:31 0xa6c3869 2
4 dynarray.c:112 0xa6c3d59 16
4 dynarray.c:113 0xa6c2c09 24
4 path.c:254 0xa6c3489 24
2 path.c:178 0xa6c3489 24
1 dynarray.c:84 0xa6c3d89 24
2 dynarray.c:95 0xa6c2c09 16
2 path.c:191 0xa6c3869 5
2 path.c:205 0xa6c2af9 2
2 path.c:205 0xa6c2c39 3
3 path.c:223 0xa6c3869 0xa6c3869 5 5
4 path.c:246 0xa6c3869 5
4 path.c:31 0xa6c2af9 2
4 path.c:31 0xa6c2c39 3
4 dynarray.c:112 0xa6c2c09 16
4 dynarray.c:113 0xa6c3d89 24
4 path.c:254 0xa6c3489 24
4 path.c:246 0xa6c2879 5
4 path.c:31 0xa6c3969 2
4 path.c:31 0xa6c3739 3
4 dynarray.c:112 0xa6c2bd9 16
4 dynarray.c:113 0xa6c25a9 24
4 path.c:254 0xa6c2829 24
4 path.c:246 0xa6c2ab9 5
4 path.c:31 0xa6c2ad9 2
4 path.c:31 0xa6c3989 3
4 dynarray.c:112 0xa6c2609 16
4 dynarray.c:113 0xa6c3c69 24
4 path.c:254 0xa6c2a59 24
4 bdtBad5.c:263 0xa6c3519 32
1 dynarray.c:84 0xa6c3d59 24
2 dynarray.c:95 0xa6c2a59 16
1 bdtBad5.c:662 0xa6c2859 7
4 dynarray.c:112 0xa6c2a59 16
4 dynarray.c:113 0xa6c3d59 24
4 bdt_client.c:152 0xa6c2859 7
2 path.c:128 0xa6c3d59 24
1 dynarray.c:84 0xa6c3c69 24
2 dynarray.c:95 0xa6c2a59 16
2 path.c:90 0xa6c3989 2
2 path.c:90 0xa6c2ad9 3
1 path.c:143 0xa6c2859 5
2 path.c:178 0xa6c2829 24
1 dynarray.c:84 0xa6c2609 24
2 dynarray.c:95 0xa6c25a9 16
2 path.c:191 0xa6c2ab9 5
2 path.c:205 0xa6c3969 2
3 path.c:223 0xa6c2ab9 0xa6c2ab9 5 2
4 path.c:246 0xa6c2ab9 2
4 path.c:31 0xa6c3969 2
4 dynarray.c:112 0xa6c25a9 16
4 dynarray.c:113 0xa6c2609 24
4 path.c:254 0xa6c2829 24
2 path.c:178 0xa6c2829 24
1 dynarray.c:84 0xa6c2bd9 24
2 dynarray.c:95 0xa6c2609 16
2 path.c:191 0xa6c3969 5
2 path.c:205 0xa6c2ab9 2
2 path.c:205 0xa6c2879 3
3 path.c:223 0xa6c3969 0xa6c3969 5 5
4 path.c:246 0xa6c3969 5
4 path.c:31 0xa6c2ab9 2
4 path.c:31 0xa6c2879 3
4 dynarray.c:112 0xa6c2609 16
4 dynarray.c:113 0xa6c2bd9 24
4 path.c:254 0xa6c2829 24
2 path.c:178 0xa6c2829 24
1 dynarray.c:84 0xa6c25a9 24
2 dynarray.c:95 0xa6c2bd9 16
2 path.c:191 0xa6c2879 5
2 path.c:205 0xa6c2ab9 2
2 path.c:205 0xa6c3969 3
3 path.c:223 0xa6c2879 0xa6c2879 5 5
1 bdtBad5.c:143 0xa6c3519 32
2 path.c:178 0xa6c3489 24
1 dynarray.c:84 0xa6c2609 24
2 dynarray.c:95 0xa6c3d89 16
2 path.c:191 0xa6c2c39 5
2 path.c:205 0xa6c2af9 2
2 path.c:205 0xa6c3869 3
3 path.c:223 0xa6c2c39 0xa6c2c39 5 5
4 path.c:246 0xa6c2879 5
4 path.c:31 0xa6c2ab9 2
4 path.c:31 0xa6c3969 3
4 dynarray.c:112 0xa6c2bd9 16
4 dynarray.c:113 0xa6c25a9 24
4 path.c:254 0xa6c2829 24
4 path.c:246 0xa6c2859 5
4 path.c:31 0xa6c3989 2
4 path.c:31 0xa6c2ad9 3
4 dynarray.c:112 0xa6c2a59 16
4 dynarray.c:113 0xa6c3c69 24
4 path.c:254 0xa6c3d59 24
1 dynarray.c:84 0xa6c2c09 24
2 dynarray.c:95 0xa6c3d59 24
1 bdtBad5.c:662 0xa6c3739 12
4 dynarray.c:112 0xa6c3d59 24
4 dynarray.c:113 0xa6c2c09 24
4 bdt_client.c:156 0xa6c3739 12
2 path.c:128 0xa6c2c09 24
1 dynarray.c:84 0xa6c3c69 24
2 dynarray.c:95 0xa6c3d59 16
2 path.c:90 0xa6c2ad9 2
2 path.c:90 0xa6c3989 2
1 path.c:143 0xa6c3739 4
2 path.c:178 0xa6c2829 24
1 dynarray.c:84 0xa6c2a59 24
2 dynarray.c:95 0xa6c25a9 16
2 path.c:191 0xa6c2859 4
2 path.c:205 0xa6c2ab9 2
3 path.c:223 0xa6c2859 0xa6c2859 4 2
4 path.c:246 0xa6c2859 2
4 path.c:31 0xa6c2ab9 2
4 dynarray.c:112 0xa6c25a9 16
4 dynarray.c:113 0xa6c2a59 24
4 path.c:254 0xa6c2829 24
2 path.c:178 0xa6c2829 24
1 dynarray.c:84 0xa6c2bd9 24
2 dynarray.c:95 0xa6c2a59 16
2 path.c:191 0xa6c2ab9 4
2 path.c:205 0xa6c2859 2
2 path.c:205 0xa6c2879 2
3 path.c:223 0xa6c2ab9 0xa6c2ab9 4 4
4 path.c:246 0xa6c2ab9 4
4 path.c:31 0xa6c2859 2
4 path.c:31 0xa6c2879 2
4 dynarray.c:112 0xa6c2a59 16
4 dynarray.c:113 0xa6c2bd9 24
4 path.c:254 0xa6c2829 24
4 path.c:246 0xa6c3739 4
4 path.c:31 0xa6c2ad9 2
4 path.c:31 0xa6c3989 2
4 dynarray.c:112 0xa6c3d59 16
4 dynarray.c:113 0xa6c3c69 24
4 path.c:254 0xa6c2c09 24
4 path.c:246 0xa6c36d9 4
4 path.c:31 0xa6c3889 2
4 path.c:31 0xa6c39e9 2
4 dynarray.c:112 0xa6c3cf9 16
4 dynarray.c:113 0xa6c27f9 24
4 path.c:254 0xa6c3cc9 24
4 bdtBad5.c:263 0xa6c32c9 32
1 dynarray.c:84 0xa6c25a9 24
2 dynarray.c:95 0xa6c3cc9 16
1 bdtBad5.c:662 0xa6c3969 8
4 dynarray.c:112 0xa6c3cc9 16
4 dynarray.c:113 0xa6c25a9 24
4 bdt_client.c:160 0xa6c3969 8
4 path.c:246 0xa6c2c39 5
4 path.c:31 0xa6c2af9 2
4 path.c:31 0xa6c3869 3
4 dynarray.c:112 0xa6c3d89 16
4 dynarray.c:113 0xa6c2609 24
4 path.c:254 0xa6c3489 24
4 bdtBad5.c:263 0xa6c3519 32
4 path.c:246 0xa6c2c79 2
4 path.c:31 0xa6c2c59 2
4 dynarray.c:112 0xa6c2919 16
4 dynarray.c:113 0xa6c2a89 24
4 path.c:254 0xa6c2ba9 24
4 bdtBad5.c:263 0xa6c3929 32
