2 path.c:128 0x4302a9 24
4 path.c:254 0x4302a9 24
2 path.c:128 0x4324d9 24
1 dynarray.c:84 0x4302a9 24
2 dynarray.c:95 0x432509 16
2 path.c:90 0x432539 6
1 path.c:143 0x432559 6
4 path.c:246 0x432559 6
4 path.c:31 0x432539 6
4 dynarray.c:112 0x432509 16
4 dynarray.c:113 0x4302a9 24
4 path.c:254 0x4324d9 24
1 dynarray.c:84 0x4324d9 24
2 dynarray.c:95 0x432579 16
1 bdtBad5.c:662 0x432539 1
4 dynarray.c:112 0x432579 16
4 dynarray.c:113 0x4324d9 24
4 bdt_client.c:39 0x432539 1
2 path.c:128 0x4325a9 24
4 path.c:254 0x4325a9 24
2 path.c:128 0x4325d9 24
1 dynarray.c:84 0x4325a9 24
2 dynarray.c:95 0x432609 16
4 dynarray.c:112 0x432609 16
4 dynarray.c:113 0x4325a9 24
4 path.c:254 0x4325d9 24
2 path.c:128 0x432639 24
1 dynarray.c:84 0x4325d9 24
2 dynarray.c:95 0x432669 16
2 path.c:90 0x432699 6
2 path.c:90 0x4326b9 7
4 path.c:31 0x432699 6
4 path.c:31 0x4326b9 7
4 dynarray.c:112 0x432669 16
4 dynarray.c:113 0x4325d9 24
4 path.c:254 0x432639 24
2 path.c:128 0x432639 24
1 dynarray.c:84 0x432669 24
2 dynarray.c:95 0x4325d9 16
2 path.c:90 0x4326d9 6
4 path.c:31 0x4326d9 6
4 dynarray.c:112 0x4325d9 16
4 dynarray.c:113 0x432669 24
4 path.c:254 0x432639 24
2 path.c:128 0x432639 24
1 dynarray.c:84 0x4325d9 24
2 dynarray.c:95 0x432669 16
2 path.c:90 0x4326f9 6
1 path.c:143 0x4326d9 6
2 path.c:178 0x432719 24
1 dynarray.c:84 0x4325a9 24
2 dynarray.c:95 0x432749 16
2 path.c:191 0x432779 6
2 path.c:205 0x432799 6
3 path.c:223 0x432779 0x432779 6 6
1 bdtBad5.c:143 0x4327b9 32
2 path.c:178 0x4327f9 24
1 dynarray.c:84 0x432609 24
2 dynarray.c:95 0x432829 16
2 path.c:191 0x432859 6
2 path.c:205 0x432879 6
3 path.c:223 0x432859 0x432859 6 6
