2 path.c:128 0x4302a9 24
4 path.c:254 0x4302a9 24
2 path.c:128 0x4324d9 24
1 dynarray.c:84 0x4302a9 24
2 dynarray.c:95 0x432509 16
2 path.c:90 0x432539 6
1 path.c:143 0x432559 6
4 path.c:246 0x432559 6
4 path.c:31 0x432539 6
4 dynarray.c:112 0x432509 16
4 dynarray.c:113 0x4302a9 24
4 path.c:254 0x4324d9 24
1 dynarray.c:84 0x4324d9 24
2 dynarray.c:95 0x432579 16
1 bdtBad4.c:663 0x432539 1
4 dynarray.c:112 0x432579 16
4 dynarray.c:113 0x4324d9 24
4 bdt_client.c:39 0x432539 1
2 path.c:128 0x4325a9 24
4 path.c:254 0x4325a9 24
2 path.c:128 0x4325d9 24
1 dynarray.c:84 0x4325a9 24
2 dynarray.c:95 0x432609 16
4 dynarray.c:112 0x432609 16
4 dynarray.c:113 0x4325a9 24
4 path.c:254 0x4325d9 24
2 path.c:128 0x432639 24
1 dynarray.c:84 0x4325d9 24
2 dynarray.c:95 0x432669 16
2 path.c:90 0x432699 6
2 path.c:90 0x4326b9 7
4 path.c:31 0x432699 6
4 path.c:31 0x4326b9 7
4 dynarray.c:112 0x432669 16
4 dynarray.c:113 0x4325d9 24
4 path.c:254 0x432639 24
2 path.c:128 0x432639 24
1 dynarray.c:84 0x432669 24
2 dynarray.c:95 0x4325d9 16
2 path.c:90 0x4326d9 6
4 path.c:31 0x4326d9 6
4 dynarray.c:112 0x4325d9 16
4 dynarray.c:113 0x432669 24
4 path.c:254 0x432639 24
2 path.c:128 0x432639 24
1 dynarray.c:84 0x4325d9 24
2 dynarray.c:95 0x432669 16
2 path.c:90 0x4326f9 6
1 path.c:143 0x4326d9 6
2 path.c:178 0x432719 24
1 dynarray.c:84 0x4325a9 24
2 dynarray.c:95 0x432749 16
2 path.c:191 0x432779 6
2 path.c:205 0x432799 6
3 path.c:223 0x432779 0x432779 6 6
1 bdtBad4.c:143 0x4327b9 32
2 path.c:178 0x4327f9 24
1 dynarray.c:84 0x432609 24
2 dynarray.c:95 0x432829 16
2 path.c:191 0x432859 6
2 path.c:205 0x432879 6
3 path.c:223 0x432859 0x432859 6 6
4 path.c:246 0x432779 6
4 path.c:31 0x432799 6
4 dynarray.c:112 0x432749 16
4 dynarray.c:113 0x4325a9 24
4 path.c:254 0x432719 24
4 path.c:246 0x4326d9 6
4 path.c:31 0x4326f9 6
4 dynarray.c:112 0x432669 16
4 dynarray.c:113 0x4325d9 24
4 path.c:254 0x432639 24
2 path.c:128 0x432639 24
1 dynarray.c:84 0x432719 24
2 dynarray.c:95 0x4325d9 16
2 path.c:90 0x4326f9 6
2 path.c:90 0x432899 7
2 path.c:90 0x4328b9 12
3 dynarray.c:69 0x4328d9 0x4325d9 16 32
1 path.c:143 0x432669 25
2 path.c:178 0x4325d9 24
1 dynarray.c:84 0x4325a9 24
2 dynarray.c:95 0x432919 16
2 path.c:191 0x432949 25
2 path.c:205 0x432979 6
3 path.c:223 0x432949 0x432949 25 6
4 path.c:246 0x432949 6
4 path.c:31 0x432979 6
4 dynarray.c:112 0x432919 16
4 dynarray.c:113 0x4325a9 24
4 path.c:254 0x4325d9 24
2 path.c:178 0x4325d9 24
1 dynarray.c:84 0x432919 24
2 dynarray.c:95 0x4325a9 16
2 path.c:191 0x432999 25
2 path.c:205 0x432979 6
2 path.c:205 0x4329c9 7
3 path.c:223 0x432999 0x432999 25 13
4 path.c:246 0x432999 13
4 path.c:31 0x432979 6
4 path.c:31 0x4329c9 7
4 dynarray.c:112 0x4325a9 16
4 dynarray.c:113 0x432919 24
4 path.c:254 0x4325d9 24
2 path.c:178 0x4325d9 24
1 dynarray.c:84 0x432999 24
2 dynarray.c:95 0x432919 16
2 path.c:191 0x4329e9 25
2 path.c:205 0x4329c9 6
2 path.c:205 0x432979 7
3 path.c:223 0x4329e9 0x4329e9 25 13
1 bdtBad4.c:143 0x432a19 32
2 path.c:178 0x432a59 24
1 dynarray.c:84 0x4325a9 24
2 dynarray.c:95 0x432a89 16
2 path.c:191 0x432ab9 13
2 path.c:205 0x432ad9 6
2 path.c:205 0x432af9 7
3 path.c:223 0x432ab9 0x432ab9 13 13
4 path.c:246 0x4329e9 13
4 path.c:31 0x4329c9 6
4 path.c:31 0x432979 7
4 dynarray.c:112 0x432919 16
4 dynarray.c:113 0x432999 24
4 path.c:254 0x4325d9 24
2 path.c:178 0x4325d9 24
1 dynarray.c:84 0x4329e9 24
2 dynarray.c:95 0x432999 24
2 path.c:191 0x432b19 25
2 path.c:205 0x432979 6
2 path.c:205 0x4329c9 7
2 path.c:205 0x432b49 12
3 path.c:223 0x432b19 0x432b19 25 25
1 bdtBad4.c:143 0x432b69 32
2 path.c:178 0x432ba9 24
1 dynarray.c:84 0x432919 24
2 dynarray.c:95 0x432bd9 24
2 path.c:191 0x432c09 25
2 path.c:205 0x432c39 6
2 path.c:205 0x432c59 7
2 path.c:205 0x432c79 12
3 path.c:223 0x432c09 0x432c09 25 25
4 path.c:246 0x432b19 25
4 path.c:31 0x432979 6
4 path.c:31 0x4329c9 7
4 path.c:31 0x432b49 12
4 dynarray.c:112 0x432999 24
4 dynarray.c:113 0x4329e9 24
4 path.c:254 0x4325d9 24
4 path.c:246 0x432669 25
4 path.c:31 0x4326f9 6
4 path.c:31 0x432899 7
4 path.c:31 0x4328b9 12
4 dynarray.c:112 0x4328d9 32
4 dynarray.c:113 0x432719 24
4 path.c:254 0x432639 24
2 path.c:128 0x432639 24
1 dynarray.c:84 0x432b19 24
2 dynarray.c:95 0x432719 16
2 path.c:90 0x4328b9 6
1 path.c:143 0x4326d9 6
2 path.c:178 0x4325d9 24
1 dynarray.c:84 0x432669 24
2 dynarray.c:95 0x4329e9 16
2 path.c:191 0x432899 6
2 path.c:205 0x432b49 6
3 path.c:223 0x432899 0x432899 6 6
4 path.c:246 0x432899 6
4 path.c:31 0x432b49 6
4 dynarray.c:112 0x4329e9 16
4 dynarray.c:113 0x432669 24
4 path.c:254 0x4325d9 24
4 path.c:246 0x4326d9 6
4 path.c:31 0x4328b9 6
4 dynarray.c:112 0x432719 16
4 dynarray.c:113 0x432b19 24
4 path.c:254 0x432639 24
2 path.c:128 0x432639 24
1 dynarray.c:84 0x432999 24
2 dynarray.c:95 0x432b19 16
2 path.c:90 0x4328b9 6
2 path.c:90 0x4326d9 7
1 path.c:143 0x4326f9 13
2 path.c:178 0x4325d9 24
1 dynarray.c:84 0x432719 24
2 dynarray.c:95 0x432669 16
2 path.c:191 0x432b49 13
2 path.c:205 0x4329c9 6
3 path.c:223 0x432b49 0x432b49 13 6
4 path.c:246 0x432b49 6
4 path.c:31 0x4329c9 6
4 dynarray.c:112 0x432669 16
4 dynarray.c:113 0x432719 24
4 path.c:254 0x4325d9 24
2 path.c:178 0x4325d9 24
1 dynarray.c:84 0x4329e9 24
2 dynarray.c:95 0x432719 16
2 path.c:191 0x4329c9 13
2 path.c:205 0x432b49 6
2 path.c:205 0x432979 7
3 path.c:223 0x4329c9 0x4329c9 13 13
4 path.c:246 0x4329c9 13
4 path.c:31 0x432b49 6
4 path.c:31 0x432979 7
4 dynarray.c:112 0x432719 16
4 dynarray.c:113 0x4329e9 24
4 path.c:254 0x4325d9 24
4 path.c:246 0x4326f9 13
4 path.c:31 0x4328b9 6
4 path.c:31 0x4326d9 7
4 dynarray.c:112 0x432b19 16
4 dynarray.c:113 0x432999 24
4 path.c:254 0x432639 24
2 path.c:128 0x432639 24
1 dynarray.c:84 0x432669 24
2 dynarray.c:95 0x432999 16
2 path.c:90 0x4326d9 6
2 path.c:90 0x4328b9 7
2 path.c:90 0x4326f9 12
3 dynarray.c:69 0x432c99 0x432999 16 32
1 path.c:143 0x432b19 25
2 path.c:178 0x432999 24
1 dynarray.c:84 0x4325d9 24
2 dynarray.c:95 0x4329e9 16
2 path.c:191 0x432cd9 25
2 path.c:205 0x432979 6
3 path.c:223 0x432cd9 0x432cd9 25 6
4 path.c:246 0x432cd9 6
4 path.c:31 0x432979 6
4 dynarray.c:112 0x4329e9 16
4 dynarray.c:113 0x4325d9 24
4 path.c:254 0x432999 24
2 path.c:178 0x432999 24
1 dynarray.c:84 0x432719 24
2 dynarray.c:95 0x4325d9 16
2 path.c:191 0x432cd9 25
2 path.c:205 0x432979 6
2 path.c:205 0x432b49 7
3 path.c:223 0x432cd9 0x432cd9 25 13
4 path.c:246 0x432cd9 13
4 path.c:31 0x432979 6
4 path.c:31 0x432b49 7
4 dynarray.c:112 0x4325d9 16
4 dynarray.c:113 0x432719 24
4 path.c:254 0x432999 24
2 path.c:178 0x432999 24
1 dynarray.c:84 0x4329e9 24
2 dynarray.c:95 0x432719 24
2 path.c:191 0x432cd9 25
2 path.c:205 0x432b49 6
2 path.c:205 0x432979 7
2 path.c:205 0x4329c9 12
3 path.c:223 0x432cd9 0x432cd9 25 25
4 path.c:246 0x432cd9 25
4 path.c:31 0x432b49 6
4 path.c:31 0x432979 7
4 path.c:31 0x4329c9 12
4 dynarray.c:112 0x432719 24
4 dynarray.c:113 0x4329e9 24
4 path.c:254 0x432999 24
4 path.c:246 0x432b19 25
4 path.c:31 0x4326d9 6
4 path.c:31 0x4328b9 7
4 path.c:31 0x4326f9 12
4 dynarray.c:112 0x432c99 32
4 dynarray.c:113 0x432669 24
4 path.c:254 0x432639 24
2 path.c:128 0x432639 24
1 dynarray.c:84 0x4325d9 24
2 dynarray.c:95 0x432669 16
2 path.c:90 0x4326f9 12
1 path.c:143 0x432899 12
2 path.c:178 0x432999 24
1 dynarray.c:84 0x432b19 24
2 dynarray.c:95 0x4329e9 16
2 path.c:191 0x4328b9 12
2 path.c:205 0x4329c9 12
3 path.c:223 0x4328b9 0x4328b9 12 12
4 path.c:246 0x4328b9 12
4 path.c:31 0x4329c9 12
4 dynarray.c:112 0x4329e9 16
4 dynarray.c:113 0x432b19 24
4 path.c:254 0x432999 24
4 path.c:246 0x432899 12
4 path.c:31 0x4326f9 12
4 dynarray.c:112 0x432669 16
4 dynarray.c:113 0x4325d9 24
4 path.c:254 0x432639 24
2 path.c:128 0x432639 24
1 dynarray.c:84 0x432719 24
2 dynarray.c:95 0x4325d9 16
2 path.c:90 0x4326f9 12
1 path.c:143 0x4326d9 12
2 path.c:178 0x432999 24
1 dynarray.c:84 0x432669 24
2 dynarray.c:95 0x432b19 16
2 path.c:191 0x432899 12
2 path.c:205 0x4328b9 12
3 path.c:223 0x432899 0x432899 12 12
4 path.c:246 0x432899 12
4 path.c:31 0x4328b9 12
4 dynarray.c:112 0x432b19 16
4 dynarray.c:113 0x432669 24
4 path.c:254 0x432999 24
4 path.c:246 0x4326d9 12
4 path.c:31 0x4326f9 12
4 dynarray.c:112 0x4325d9 16
4 dynarray.c:113 0x432719 24
4 path.c:254 0x432639 24
2 path.c:128 0x432639 24
1 dynarray.c:84 0x4329e9 24
2 dynarray.c:95 0x432719 16
2 path.c:90 0x4326f9 12
1 path.c:143 0x4329c9 12
2 path.c:178 0x432999 24
1 dynarray.c:84 0x4325d9 24
2 dynarray.c:95 0x432669 16
2 path.c:191 0x4326d9 12
2 path.c:205 0x432899 12
3 path.c:223 0x4326d9 0x4326d9 12 12
4 path.c:246 0x4326d9 12
4 path.c:31 0x432899 12
4 dynarray.c:112 0x432669 16
4 dynarray.c:113 0x4325d9 24
4 path.c:254 0x432999 24
4 path.c:246 0x4329c9 12
4 path.c:31 0x4326f9 12
4 dynarray.c:112 0x432719 16
4 dynarray.c:113 0x4329e9 24
4 path.c:254 0x432639 24
2 path.c:128 0x432639 24
1 dynarray.c:84 0x432b19 24
2 dynarray.c:95 0x4329e9 16
2 path.c:90 0x4326f9 6
2 path.c:90 0x4329c9 8
1 path.c:143 0x4328b9 14
2 path.c:178 0x432999 24
1 dynarray.c:84 0x432719 24
2 dynarray.c:95 0x4325d9 16
2 path.c:191 0x432899 14
2 path.c:205 0x432979 6
3 path.c:223 0x432899 0x432899 14 6
4 path.c:246 0x432899 6
4 path.c:31 0x432979 6
4 dynarray.c:112 0x4325d9 16
4 dynarray.c:113 0x432719 24
4 path.c:254 0x432999 24
2 path.c:178 0x432999 24
1 dynarray.c:84 0x432669 24
2 dynarray.c:95 0x432719 16
2 path.c:191 0x432979 14
2 path.c:205 0x432899 6
2 path.c:205 0x432b49 8
3 path.c:223 0x432979 0x432979 14 14
4 path.c:246 0x432979 14
4 path.c:31 0x432899 6
4 path.c:31 0x432b49 8
4 dynarray.c:112 0x432719 16
4 dynarray.c:113 0x432669 24
4 path.c:254 0x432999 24
4 path.c:246 0x4328b9 14
4 path.c:31 0x4326f9 6
4 path.c:31 0x4329c9 8
4 dynarray.c:112 0x4329e9 16
4 dynarray.c:113 0x432b19 24
4 path.c:254 0x432639 24
2 path.c:128 0x432639 24
1 dynarray.c:84 0x4325d9 24
2 dynarray.c:95 0x432b19 16
2 path.c:90 0x4329c9 6
2 path.c:90 0x4326f9 7
2 path.c:90 0x4328b9 12
3 dynarray.c:69 0x432d09 0x432b19 16 32
1 path.c:143 0x4329e9 25
2 path.c:178 0x432b19 24
1 dynarray.c:84 0x432999 24
2 dynarray.c:95 0x432669 16
2 path.c:191 0x432cd9 25
2 path.c:205 0x432b49 6
3 path.c:223 0x432cd9 0x432cd9 25 6
4 path.c:246 0x432cd9 6
4 path.c:31 0x432b49 6
4 dynarray.c:112 0x432669 16
4 dynarray.c:113 0x432999 24
4 path.c:254 0x432b19 24
2 path.c:178 0x432b19 24
1 dynarray.c:84 0x432719 24
2 dynarray.c:95 0x432999 16
2 path.c:191 0x432cd9 25
2 path.c:205 0x432b49 6
2 path.c:205 0x432899 7
3 path.c:223 0x432cd9 0x432cd9 25 13
4 path.c:246 0x432cd9 13
4 path.c:31 0x432b49 6
4 path.c:31 0x432899 7
4 dynarray.c:112 0x432999 16
4 dynarray.c:113 0x432719 24
4 path.c:254 0x432b19 24
2 path.c:178 0x432b19 24
1 dynarray.c:84 0x432669 24
2 dynarray.c:95 0x432719 24
2 path.c:191 0x432cd9 25
2 path.c:205 0x432899 6
2 path.c:205 0x432b49 7
2 path.c:205 0x432979 12
3 path.c:223 0x432cd9 0x432cd9 25 25
4 path.c:246 0x432cd9 25
4 path.c:31 0x432899 6
4 path.c:31 0x432b49 7
4 path.c:31 0x432979 12
4 dynarray.c:112 0x432719 24
4 dynarray.c:113 0x432669 24
4 path.c:254 0x432b19 24
4 path.c:246 0x4329e9 25
4 path.c:31 0x4329c9 6
4 path.c:31 0x4326f9 7
4 path.c:31 0x4328b9 12
4 dynarray.c:112 0x432d09 32
4 dynarray.c:113 0x4325d9 24
4 path.c:254 0x432639 24
2 path.c:128 0x432639 24
1 dynarray.c:84 0x432999 24
2 dynarray.c:95 0x4325d9 16
2 path.c:90 0x4328b9 12
2 path.c:90 0x4326f9 6
2 path.c:90 0x4329c9 9
3 dynarray.c:69 0x432d49 0x4325d9 16 32
1 path.c:143 0x4329e9 27
2 path.c:178 0x4325d9 24
1 dynarray.c:84 0x432b19 24
2 dynarray.c:95 0x432669 16
2 path.c:191 0x432cd9 27
2 path.c:205 0x432979 12
3 path.c:223 0x432cd9 0x432cd9 27 12
4 path.c:246 0x432cd9 12
4 path.c:31 0x432979 12
4 dynarray.c:112 0x432669 16
4 dynarray.c:113 0x432b19 24
4 path.c:254 0x4325d9 24
4 path.c:246 0x4329e9 27
4 path.c:31 0x4328b9 12
4 path.c:31 0x4326f9 6
4 path.c:31 0x4329c9 9
4 dynarray.c:112 0x432d49 32
4 dynarray.c:113 0x432999 24
4 path.c:254 0x432639 24
2 path.c:128 0x432639 24
1 dynarray.c:84 0x432719 24
2 dynarray.c:95 0x432999 16
2 path.c:90 0x4329c9 6
2 path.c:90 0x4326f9 8
1 path.c:143 0x4326d9 14
2 path.c:178 0x4325d9 24
1 dynarray.c:84 0x4329e9 24
2 dynarray.c:95 0x432b19 16
2 path.c:191 0x4328b9 14
2 path.c:205 0x432b49 6
3 path.c:223 0x4328b9 0x4328b9 14 6
4 path.c:246 0x4328b9 6
4 path.c:31 0x432b49 6
4 dynarray.c:112 0x432b19 16
4 dynarray.c:113 0x4329e9 24
4 path.c:254 0x4325d9 24
2 path.c:178 0x4325d9 24
1 dynarray.c:84 0x432669 24
2 dynarray.c:95 0x4329e9 16
2 path.c:191 0x432b49 14
2 path.c:205 0x4328b9 6
2 path.c:205 0x432899 8
3 path.c:223 0x432b49 0x432b49 14 14
4 path.c:246 0x432b49 14
4 path.c:31 0x4328b9 6
4 path.c:31 0x432899 8
4 dynarray.c:112 0x4329e9 16
4 dynarray.c:113 0x432669 24
4 path.c:254 0x4325d9 24
2 path.c:178 0x4325d9 24
1 dynarray.c:84 0x432b19 24
2 dynarray.c:95 0x432669 16
2 path.c:191 0x432899 14
2 path.c:205 0x4328b9 6
2 path.c:205 0x432b49 8
3 path.c:223 0x432899 0x432899 14 14
1 bdtBad4.c:143 0x432d49 32
2 path.c:178 0x432cd9 24
1 dynarray.c:84 0x4329e9 24
2 dynarray.c:95 0x432d89 16
2 path.c:191 0x432db9 14
2 path.c:205 0x432dd9 6
2 path.c:205 0x432df9 8
3 path.c:223 0x432db9 0x432db9 14 14
4 path.c:246 0x432899 14
4 path.c:31 0x4328b9 6
4 path.c:31 0x432b49 8
4 dynarray.c:112 0x432669 16
4 dynarray.c:113 0x432b19 24
4 path.c:254 0x4325d9 24
4 path.c:246 0x4326d9 14
4 path.c:31 0x4329c9 6
4 path.c:31 0x4326f9 8
4 dynarray.c:112 0x432999 16
4 dynarray.c:113 0x432719 24
4 path.c:254 0x432639 24
2 path.c:128 0x432639 24
1 dynarray.c:84 0x432669 24
2 dynarray.c:95 0x432719 16
2 path.c:90 0x4326f9 6
2 path.c:90 0x4329c9 7
1 path.c:143 0x432979 13
2 path.c:178 0x4325d9 24
1 dynarray.c:84 0x432999 24
2 dynarray.c:95 0x432b19 16
2 path.c:191 0x4326d9 13
2 path.c:205 0x4328b9 6
3 path.c:223 0x4326d9 0x4326d9 13 6
4 path.c:246 0x4326d9 6
4 path.c:31 0x4328b9 6
4 dynarray.c:112 0x432b19 16
4 dynarray.c:113 0x432999 24
4 path.c:254 0x4325d9 24
2 path.c:178 0x4325d9 24
1 dynarray.c:84 0x432b19 24
2 dynarray.c:95 0x432999 16
2 path.c:191 0x4328b9 13
2 path.c:205 0x4326d9 6
2 path.c:205 0x432899 7
3 path.c:223 0x4328b9 0x4328b9 13 13
4 path.c:246 0x4328b9 13
4 path.c:31 0x4326d9 6
4 path.c:31 0x432899 7
4 dynarray.c:112 0x432999 16
4 dynarray.c:113 0x432b19 24
4 path.c:254 0x4325d9 24
2 path.c:178 0x4325d9 24
1 dynarray.c:84 0x432999 24
2 dynarray.c:95 0x432b19 16
2 path.c:191 0x432899 13
2 path.c:205 0x4326d9 6
2 path.c:205 0x4328b9 7
3 path.c:223 0x432899 0x432899 13 13
1 bdtBad4.c:143 0x432d09 32
2 path.c:178 0x432e19 24
1 dynarray.c:84 0x432949 24
2 dynarray.c:95 0x432e49 16
2 path.c:191 0x432e79 13
2 path.c:205 0x432e99 6
2 path.c:205 0x432eb9 7
3 path.c:223 0x432e79 0x432e79 13 13
4 path.c:246 0x432e79 13
4 path.c:31 0x432e99 6
4 path.c:31 0x432eb9 7
4 dynarray.c:112 0x432e49 16
4 dynarray.c:113 0x432949 24
4 path.c:254 0x432e19 24
4 bdtBad4.c:193 0x432d09 32
4 path.c:246 0x432979 13
4 path.c:31 0x4326f9 6
4 path.c:31 0x4329c9 7
4 dynarray.c:112 0x432719 16
4 dynarray.c:113 0x432669 24
4 path.c:254 0x432639 24
4 path.c:246 0x432899 13
4 path.c:31 0x4326d9 6
4 path.c:31 0x4328b9 7
4 dynarray.c:112 0x432b19 16
4 dynarray.c:113 0x432999 24
4 path.c:254 0x4325d9 24
2 path.c:128 0x4325d9 24
1 dynarray.c:84 0x432949 24
2 dynarray.c:95 0x432999 16
2 path.c:90 0x4328b9 6
2 path.c:90 0x4326d9 4
2 path.c:90 0x432899 5
3 dynarray.c:69 0x432ed9 0x432999 16 32
2 path.c:90 0x4329c9 7
1 path.c:143 0x432b19 22
2 path.c:178 0x432999 24
1 dynarray.c:84 0x432639 24
2 dynarray.c:95 0x432669 16
2 path.c:191 0x432e19 22
2 path.c:205 0x4326f9 6
3 path.c:223 0x432e19 0x432e19 22 6
4 path.c:246 0x432e19 6
4 path.c:31 0x4326f9 6
4 dynarray.c:112 0x432669 16
4 dynarray.c:113 0x432639 24
4 path.c:254 0x432999 24
2 path.c:178 0x432999 24
1 dynarray.c:84 0x432719 24
2 dynarray.c:95 0x432639 16
2 path.c:191 0x432e19 22
2 path.c:205 0x4326f9 6
2 path.c:205 0x432979 4
3 path.c:223 0x432e19 0x432e19 22 10
4 path.c:246 0x432e19 10
4 path.c:31 0x4326f9 6
4 path.c:31 0x432979 4
4 dynarray.c:112 0x432639 16
4 dynarray.c:113 0x432719 24
4 path.c:254 0x432999 24
2 path.c:178 0x432999 24
1 dynarray.c:84 0x432669 24
2 dynarray.c:95 0x432719 16
2 path.c:191 0x432e19 22
2 path.c:205 0x432979 6
2 path.c:205 0x4326f9 4
3 path.c:223 0x432e19 0x432e19 22 10
1 bdtBad4.c:143 0x432d09 32
2 path.c:178 0x432f19 24
1 dynarray.c:84 0x432639 24
2 dynarray.c:95 0x432f49 16
2 path.c:191 0x432eb9 10
2 path.c:205 0x432e99 6
2 path.c:205 0x432e79 4
3 path.c:223 0x432eb9 0x432eb9 10 10
4 path.c:246 0x432eb9 10
4 path.c:31 0x432e99 6
4 path.c:31 0x432e79 4
4 dynarray.c:112 0x432f49 16
4 dynarray.c:113 0x432639 24
4 path.c:254 0x432f19 24
4 bdtBad4.c:193 0x432d09 32
4 path.c:246 0x432b19 22
4 path.c:31 0x4328b9 6
4 path.c:31 0x4326d9 4
4 path.c:31 0x432899 5
4 path.c:31 0x4329c9 7
4 dynarray.c:112 0x432ed9 32
4 dynarray.c:113 0x432949 24
4 path.c:254 0x4325d9 24
4 path.c:246 0x432e19 10
4 path.c:31 0x432979 6
4 path.c:31 0x4326f9 4
4 dynarray.c:112 0x432719 16
4 dynarray.c:113 0x432669 24
4 path.c:254 0x432999 24
2 path.c:128 0x432999 24
1 dynarray.c:84 0x432f49 24
2 dynarray.c:95 0x432669 16
2 path.c:90 0x4326f9 6
1 path.c:143 0x432b49 6
2 path.c:178 0x432e19 24
1 dynarray.c:84 0x432719 24
2 dynarray.c:95 0x4325d9 16
2 path.c:191 0x432979 6
2 path.c:205 0x432899 6
3 path.c:223 0x432979 0x432979 6 6
4 path.c:246 0x432979 6
4 path.c:31 0x432899 6
4 dynarray.c:112 0x4325d9 16
4 dynarray.c:113 0x432719 24
4 path.c:254 0x432e19 24
4 path.c:246 0x432b49 6
4 path.c:31 0x4326f9 6
4 dynarray.c:112 0x432669 16
4 dynarray.c:113 0x432f49 24
4 path.c:254 0x432999 24
2 path.c:128 0x432999 24
1 dynarray.c:84 0x432949 24
2 dynarray.c:95 0x432f49 16
2 path.c:90 0x4326f9 6
2 path.c:90 0x432b49 7
1 path.c:143 0x4329c9 13
2 path.c:178 0x432e19 24
1 dynarray.c:84 0x432669 24
2 dynarray.c:95 0x432719 16
2 path.c:191 0x432899 13
2 path.c:205 0x4326d9 6
3 path.c:223 0x432899 0x432899 13 6
4 path.c:246 0x432899 6
4 path.c:31 0x4326d9 6
4 dynarray.c:112 0x432719 16
4 dynarray.c:113 0x432669 24
4 path.c:254 0x432e19 24
2 path.c:178 0x432e19 24
1 dynarray.c:84 0x4325d9 24
2 dynarray.c:95 0x432669 16
2 path.c:191 0x4326d9 13
2 path.c:205 0x432899 6
2 path.c:205 0x4328b9 7
3 path.c:223 0x4326d9 0x4326d9 13 13
4 path.c:246 0x4326d9 13
4 path.c:31 0x432899 6
4 path.c:31 0x4328b9 7
4 dynarray.c:112 0x432669 16
4 dynarray.c:113 0x4325d9 24
4 path.c:254 0x432e19 24
4 path.c:246 0x4329c9 13
4 path.c:31 0x4326f9 6
4 path.c:31 0x432b49 7
4 dynarray.c:112 0x432f49 16
4 dynarray.c:113 0x432949 24
4 path.c:254 0x432999 24
2 path.c:128 0x432999 24
1 dynarray.c:84 0x432719 24
2 dynarray.c:95 0x432949 16
2 path.c:90 0x432b49 6
2 path.c:90 0x4326f9 8
1 path.c:143 0x432979 14
2 path.c:178 0x432e19 24
1 dynarray.c:84 0x432f49 24
2 dynarray.c:95 0x4325d9 16
2 path.c:191 0x4329c9 14
2 path.c:205 0x432899 6
3 path.c:223 0x4329c9 0x4329c9 14 6
4 path.c:246 0x4329c9 6
4 path.c:31 0x432899 6
4 dynarray.c:112 0x4325d9 16
4 dynarray.c:113 0x432f49 24
4 path.c:254 0x432e19 24
2 path.c:178 0x432e19 24
1 dynarray.c:84 0x432669 24
2 dynarray.c:95 0x432f49 16
2 path.c:191 0x432899 14
2 path.c:205 0x4329c9 6
2 path.c:205 0x4326d9 8
3 path.c:223 0x432899 0x432899 14 14
4 path.c:246 0x432899 14
4 path.c:31 0x4329c9 6
4 path.c:31 0x4326d9 8
4 dynarray.c:112 0x432f49 16
4 dynarray.c:113 0x432669 24
4 path.c:254 0x432e19 24
4 path.c:246 0x432979 14
4 path.c:31 0x432b49 6
4 path.c:31 0x4326f9 8
4 dynarray.c:112 0x432949 16
4 dynarray.c:113 0x432719 24
4 path.c:254 0x432999 24
2 path.c:128 0x432999 24
1 dynarray.c:84 0x4325d9 24
2 dynarray.c:95 0x432719 16
2 path.c:90 0x4326f9 6
2 path.c:90 0x432b49 7
1 path.c:143 0x4328b9 13
2 path.c:178 0x432e19 24
1 dynarray.c:84 0x432949 24
2 dynarray.c:95 0x432669 16
2 path.c:191 0x432979 13
2 path.c:205 0x4329c9 6
3 path.c:223 0x432979 0x432979 13 6
4 path.c:246 0x432979 6
4 path.c:31 0x4329c9 6
4 dynarray.c:112 0x432669 16
4 dynarray.c:113 0x432949 24
4 path.c:254 0x432e19 24
2 path.c:178 0x432e19 24
1 dynarray.c:84 0x432f49 24
2 dynarray.c:95 0x432949 16
2 path.c:191 0x4329c9 13
2 path.c:205 0x432979 6
2 path.c:205 0x432899 7
3 path.c:223 0x4329c9 0x4329c9 13 13
4 path.c:246 0x4329c9 13
4 path.c:31 0x432979 6
4 path.c:31 0x432899 7
4 dynarray.c:112 0x432949 16
4 dynarray.c:113 0x432f49 24
4 path.c:254 0x432e19 24
4 path.c:246 0x4328b9 13
4 path.c:31 0x4326f9 6
4 path.c:31 0x432b49 7
4 dynarray.c:112 0x432719 16
4 dynarray.c:113 0x4325d9 24
4 path.c:254 0x432999 24
2 path.c:128 0x432999 24
1 dynarray.c:84 0x432669 24
2 dynarray.c:95 0x4325d9 16
2 path.c:90 0x432b49 6
2 path.c:90 0x4326f9 4
1 path.c:143 0x4326d9 10
2 path.c:178 0x432e19 24
1 dynarray.c:84 0x432719 24
2 dynarray.c:95 0x432f49 16
2 path.c:191 0x4328b9 10
2 path.c:205 0x432979 6
3 path.c:223 0x4328b9 0x4328b9 10 6
4 path.c:246 0x4328b9 6
4 path.c:31 0x432979 6
4 dynarray.c:112 0x432f49 16
4 dynarray.c:113 0x432719 24
4 path.c:254 0x432e19 24
2 path.c:178 0x432e19 24
1 dynarray.c:84 0x432949 24
2 dynarray.c:95 0x432719 16
2 path.c:191 0x432979 10
2 path.c:205 0x4328b9 6
2 path.c:205 0x4329c9 4
3 path.c:223 0x432979 0x432979 10 10
4 path.c:246 0x432979 10
4 path.c:31 0x4328b9 6
4 path.c:31 0x4329c9 4
4 dynarray.c:112 0x432719 16
4 dynarray.c:113 0x432949 24
4 path.c:254 0x432e19 24
4 path.c:246 0x4326d9 10
4 path.c:31 0x432b49 6
4 path.c:31 0x4326f9 4
4 dynarray.c:112 0x4325d9 16
4 dynarray.c:113 0x432669 24
4 path.c:254 0x432999 24
2 path.c:128 0x432999 24
1 dynarray.c:84 0x432f49 24
2 dynarray.c:95 0x432669 16
2 path.c:90 0x4326f9 6
2 path.c:90 0x432b49 4
2 path.c:90 0x4326d9 5
3 dynarray.c:69 0x432f79 0x432669 16 32
1 path.c:143 0x4325d9 15
2 path.c:178 0x432669 24
1 dynarray.c:84 0x432e19 24
2 dynarray.c:95 0x432949 16
2 path.c:191 0x432b19 15
2 path.c:205 0x4329c9 6
3 path.c:223 0x432b19 0x432b19 15 6
4 path.c:246 0x432b19 6
4 path.c:31 0x4329c9 6
4 dynarray.c:112 0x432949 16
4 dynarray.c:113 0x432e19 24
4 path.c:254 0x432669 24
2 path.c:178 0x432669 24
1 dynarray.c:84 0x432719 24
2 dynarray.c:95 0x432e19 16
2 path.c:191 0x432b19 15
2 path.c:205 0x4329c9 6
2 path.c:205 0x4328b9 4
3 path.c:223 0x432b19 0x432b19 15 10
4 path.c:246 0x432b19 10
4 path.c:31 0x4329c9 6
4 path.c:31 0x4328b9 4
4 dynarray.c:112 0x432e19 16
4 dynarray.c:113 0x432719 24
4 path.c:254 0x432669 24
4 path.c:246 0x4325d9 15
4 path.c:31 0x4326f9 6
4 path.c:31 0x432b49 4
4 path.c:31 0x4326d9 5
4 dynarray.c:112 0x432f79 32
4 dynarray.c:113 0x432f49 24
4 path.c:254 0x432999 24
2 path.c:128 0x432999 24
1 dynarray.c:84 0x432949 24
2 dynarray.c:95 0x432f49 16
2 path.c:90 0x4326d9 6
2 path.c:90 0x432b49 4
2 path.c:90 0x4326f9 5
3 dynarray.c:69 0x432fb9 0x432f49 16 32
2 path.c:90 0x4328b9 7
1 path.c:143 0x4325d9 22
2 path.c:178 0x432f49 24
1 dynarray.c:84 0x432669 24
2 dynarray.c:95 0x432719 16
2 path.c:191 0x432b19 22
2 path.c:205 0x4329c9 6
3 path.c:223 0x432b19 0x432b19 22 6
4 path.c:246 0x432b19 6
4 path.c:31 0x4329c9 6
4 dynarray.c:112 0x432719 16
4 dynarray.c:113 0x432669 24
4 path.c:254 0x432f49 24
2 path.c:178 0x432f49 24
1 dynarray.c:84 0x432e19 24
2 dynarray.c:95 0x432669 16
2 path.c:191 0x432b19 22
2 path.c:205 0x4329c9 6
2 path.c:205 0x432979 4
3 path.c:223 0x432b19 0x432b19 22 10
4 path.c:246 0x432b19 10
4 path.c:31 0x4329c9 6
4 path.c:31 0x432979 4
4 dynarray.c:112 0x432669 16
4 dynarray.c:113 0x432e19 24
4 path.c:254 0x432f49 24
4 path.c:246 0x4325d9 22
4 path.c:31 0x4326d9 6
4 path.c:31 0x432b49 4
4 path.c:31 0x4326f9 5
4 path.c:31 0x4328b9 7
4 dynarray.c:112 0x432fb9 32
4 dynarray.c:113 0x432949 24
4 path.c:254 0x432999 24
1 dynarray.c:84 0x432719 24
2 dynarray.c:95 0x432ff9 32
1 bdtBad4.c:663 0x433039 55
4 dynarray.c:112 0x432ff9 32
4 dynarray.c:113 0x432719 24
6 bdt_client.c:82 0x433039
4 bdt_client.c:82 0x433039 55
2 path.c:128 0x432999 24
1 dynarray.c:84 0x432719 24
2 dynarray.c:95 0x432949 16
2 path.c:90 0x4328b9 6
2 path.c:90 0x4326f9 7
2 path.c:90 0x432b49 12
3 dynarray.c:69 0x433089 0x432949 16 32
1 path.c:143 0x4325d9 25
2 path.c:178 0x432949 24
1 dynarray.c:84 0x432f49 24
2 dynarray.c:95 0x432e19 16
2 path.c:191 0x432b19 25
2 path.c:205 0x4326d9 6
3 path.c:223 0x432b19 0x432b19 25 6
4 path.c:246 0x432b19 6
4 path.c:31 0x4326d9 6
4 dynarray.c:112 0x432e19 16
4 dynarray.c:113 0x432f49 24
4 path.c:254 0x432949 24
2 path.c:178 0x432949 24
1 dynarray.c:84 0x432669 24
2 dynarray.c:95 0x432f49 16
2 path.c:191 0x432b19 25
2 path.c:205 0x4326d9 6
2 path.c:205 0x432979 7
3 path.c:223 0x432b19 0x432b19 25 13
4 path.c:246 0x432b19 13
4 path.c:31 0x4326d9 6
4 path.c:31 0x432979 7
4 dynarray.c:112 0x432f49 16
4 dynarray.c:113 0x432669 24
4 path.c:254 0x432949 24
2 path.c:178 0x432949 24
1 dynarray.c:84 0x432e19 24
2 dynarray.c:95 0x432669 24
2 path.c:191 0x432b19 25
2 path.c:205 0x432979 6
2 path.c:205 0x4326d9 7
2 path.c:205 0x4329c9 12
3 path.c:223 0x432b19 0x432b19 25 25
4 path.c:246 0x432b19 25
4 path.c:31 0x432979 6
4 path.c:31 0x4326d9 7
4 path.c:31 0x4329c9 12
4 dynarray.c:112 0x432669 24
4 dynarray.c:113 0x432e19 24
4 path.c:254 0x432949 24
4 path.c:246 0x4325d9 25
4 path.c:31 0x4328b9 6
4 path.c:31 0x4326f9 7
4 path.c:31 0x432b49 12
4 dynarray.c:112 0x433089 32
4 dynarray.c:113 0x432719 24
4 path.c:254 0x432999 24
2 path.c:128 0x432999 24
1 dynarray.c:84 0x432f49 24
2 dynarray.c:95 0x432719 16
2 path.c:90 0x432b49 6
2 path.c:90 0x4326f9 8
2 path.c:90 0x4328b9 12
3 dynarray.c:69 0x433089 0x432719 16 32
1 path.c:143 0x4325d9 26
2 path.c:178 0x432719 24
1 dynarray.c:84 0x432949 24
2 dynarray.c:95 0x432e19 16
2 path.c:191 0x432b19 26
2 path.c:205 0x4329c9 6
3 path.c:223 0x432b19 0x432b19 26 6
4 path.c:246 0x432b19 6
4 path.c:31 0x4329c9 6
4 dynarray.c:112 0x432e19 16
4 dynarray.c:113 0x432949 24
4 path.c:254 0x432719 24
2 path.c:178 0x432719 24
1 dynarray.c:84 0x432669 24
2 dynarray.c:95 0x432949 16
2 path.c:191 0x432b19 26
2 path.c:205 0x4329c9 6
2 path.c:205 0x4326d9 8
3 path.c:223 0x432b19 0x432b19 26 14
4 path.c:246 0x432b19 14
4 path.c:31 0x4329c9 6
4 path.c:31 0x4326d9 8
4 dynarray.c:112 0x432949 16
4 dynarray.c:113 0x432669 24
4 path.c:254 0x432719 24
2 path.c:178 0x432719 24
1 dynarray.c:84 0x432e19 24
2 dynarray.c:95 0x432669 24
2 path.c:191 0x432b19 26
2 path.c:205 0x4326d9 6
2 path.c:205 0x4329c9 8
2 path.c:205 0x432979 12
3 path.c:223 0x432b19 0x432b19 26 26
4 path.c:246 0x432b19 26
4 path.c:31 0x4326d9 6
4 path.c:31 0x4329c9 8
4 path.c:31 0x432979 12
4 dynarray.c:112 0x432669 24
4 dynarray.c:113 0x432e19 24
4 path.c:254 0x432719 24
4 path.c:246 0x4325d9 26
4 path.c:31 0x432b49 6
4 path.c:31 0x4326f9 8
4 path.c:31 0x4328b9 12
4 dynarray.c:112 0x433089 32
4 dynarray.c:113 0x432f49 24
4 path.c:254 0x432999 24
2 path.c:128 0x432999 24
1 dynarray.c:84 0x432949 24
2 dynarray.c:95 0x432f49 16
2 path.c:90 0x4328b9 6
2 path.c:90 0x4326f9 8
2 path.c:90 0x432b49 12
3 dynarray.c:69 0x433089 0x432f49 16 32
1 path.c:143 0x4325d9 26
2 path.c:178 0x432f49 24
1 dynarray.c:84 0x432719 24
2 dynarray.c:95 0x432e19 16
2 path.c:191 0x432b19 26
2 path.c:205 0x432979 6
3 path.c:223 0x432b19 0x432b19 26 6
4 path.c:246 0x432b19 6
4 path.c:31 0x432979 6
4 dynarray.c:112 0x432e19 16
4 dynarray.c:113 0x432719 24
4 path.c:254 0x432f49 24
2 path.c:178 0x432f49 24
1 dynarray.c:84 0x432669 24
2 dynarray.c:95 0x432719 16
2 path.c:191 0x432b19 26
2 path.c:205 0x432979 6
2 path.c:205 0x4329c9 8
3 path.c:223 0x432b19 0x432b19 26 14
4 path.c:246 0x432b19 14
4 path.c:31 0x432979 6
4 path.c:31 0x4329c9 8
4 dynarray.c:112 0x432719 16
4 dynarray.c:113 0x432669 24
4 path.c:254 0x432f49 24
2 path.c:178 0x432f49 24
1 dynarray.c:84 0x432e19 24
2 dynarray.c:95 0x432669 24
2 path.c:191 0x432b19 26
2 path.c:205 0x4329c9 6
2 path.c:205 0x432979 8
2 path.c:205 0x4326d9 12
3 path.c:223 0x432b19 0x432b19 26 26
4 path.c:246 0x432b19 26
4 path.c:31 0x4329c9 6
4 path.c:31 0x432979 8
4 path.c:31 0x4326d9 12
4 dynarray.c:112 0x432669 24
4 dynarray.c:113 0x432e19 24
4 path.c:254 0x432f49 24
2 path.c:178 0x432f49 24
1 dynarray.c:84 0x432719 24
2 dynarray.c:95 0x432e19 24
2 path.c:191 0x432b19 26
2 path.c:205 0x4326d9 6
2 path.c:205 0x432979 8
2 path.c:205 0x4329c9 12
3 path.c:223 0x432b19 0x432b19 26 26
1 bdtBad4.c:143 0x432ff9 32
2 path.c:178 0x432f19 24
1 dynarray.c:84 0x432669 24
2 dynarray.c:95 0x432639 24
2 path.c:191 0x4330c9 26
2 path.c:205 0x432e79 6
2 path.c:205 0x432e99 8
2 path.c:205 0x432eb9 12
3 path.c:223 0x4330c9 0x4330c9 26 26
4 path.c:246 0x432b19 26
4 path.c:31 0x4326d9 6
4 path.c:31 0x432979 8
4 path.c:31 0x4329c9 12
4 dynarray.c:112 0x432e19 24
4 dynarray.c:113 0x432719 24
4 path.c:254 0x432f49 24
4 path.c:246 0x4325d9 26
4 path.c:31 0x4328b9 6
4 path.c:31 0x4326f9 8
4 path.c:31 0x432b49 12
4 dynarray.c:112 0x433089 32
4 dynarray.c:113 0x432949 24
4 path.c:254 0x432999 24
2 path.c:128 0x432999 24
1 dynarray.c:84 0x432b19 24
2 dynarray.c:95 0x432949 16
2 path.c:90 0x432b49 6
2 path.c:90 0x4326f9 7
2 path.c:90 0x4328b9 12
3 dynarray.c:69 0x4330f9 0x432949 16 32
1 path.c:143 0x4325d9 25
2 path.c:178 0x432949 24
1 dynarray.c:84 0x432f49 24
2 dynarray.c:95 0x432719 16
2 path.c:191 0x433139 25
2 path.c:205 0x4329c9 6
3 path.c:223 0x433139 0x433139 25 6
4 path.c:246 0x433139 6
4 path.c:31 0x4329c9 6
4 dynarray.c:112 0x432719 16
4 dynarray.c:113 0x432f49 24
4 path.c:254 0x432949 24
2 path.c:178 0x432949 24
1 dynarray.c:84 0x432e19 24
2 dynarray.c:95 0x432f49 16
2 path.c:191 0x433139 25
2 path.c:205 0x4329c9 6
2 path.c:205 0x432979 7
3 path.c:223 0x433139 0x433139 25 13
4 path.c:246 0x433139 13
4 path.c:31 0x4329c9 6
4 path.c:31 0x432979 7
4 dynarray.c:112 0x432f49 16
4 dynarray.c:113 0x432e19 24
4 path.c:254 0x432949 24
2 path.c:178 0x432949 24
1 dynarray.c:84 0x432719 24
2 dynarray.c:95 0x432e19 24
2 path.c:191 0x433139 25
2 path.c:205 0x432979 6
2 path.c:205 0x4329c9 7
2 path.c:205 0x4326d9 12
3 path.c:223 0x433139 0x433139 25 25
4 path.c:246 0x433139 25
4 path.c:31 0x432979 6
4 path.c:31 0x4329c9 7
4 path.c:31 0x4326d9 12
4 dynarray.c:112 0x432e19 24
4 dynarray.c:113 0x432719 24
4 path.c:254 0x432949 24
4 path.c:246 0x4325d9 25
4 path.c:31 0x432b49 6
4 path.c:31 0x4326f9 7
4 path.c:31 0x4328b9 12
4 dynarray.c:112 0x4330f9 32
4 dynarray.c:113 0x432b19 24
4 path.c:254 0x432999 24
2 path.c:128 0x432999 24
1 dynarray.c:84 0x432f49 24
2 dynarray.c:95 0x432b19 16
2 path.c:90 0x4328b9 6
2 path.c:90 0x4326f9 8
2 path.c:90 0x432b49 12
3 dynarray.c:69 0x4330f9 0x432b19 16 32
1 path.c:143 0x4325d9 26
2 path.c:178 0x432b19 24
1 dynarray.c:84 0x432949 24
2 dynarray.c:95 0x432719 16
2 path.c:191 0x433139 26
2 path.c:205 0x4326d9 6
3 path.c:223 0x433139 0x433139 26 6
4 path.c:246 0x433139 6
4 path.c:31 0x4326d9 6
4 dynarray.c:112 0x432719 16
4 dynarray.c:113 0x432949 24
4 path.c:254 0x432b19 24
2 path.c:178 0x432b19 24
1 dynarray.c:84 0x432e19 24
2 dynarray.c:95 0x432949 16
2 path.c:191 0x433139 26
2 path.c:205 0x4326d9 6
2 path.c:205 0x4329c9 8
3 path.c:223 0x433139 0x433139 26 14
4 path.c:246 0x433139 14
4 path.c:31 0x4326d9 6
4 path.c:31 0x4329c9 8
4 dynarray.c:112 0x432949 16
4 dynarray.c:113 0x432e19 24
4 path.c:254 0x432b19 24
2 path.c:178 0x432b19 24
1 dynarray.c:84 0x432719 24
2 dynarray.c:95 0x432e19 24
2 path.c:191 0x433139 26
2 path.c:205 0x4329c9 6
2 path.c:205 0x4326d9 8
2 path.c:205 0x432979 12
3 path.c:223 0x433139 0x433139 26 26
4 path.c:246 0x433139 26
4 path.c:31 0x4329c9 6
4 path.c:31 0x4326d9 8
4 path.c:31 0x432979 12
4 dynarray.c:112 0x432e19 24
4 dynarray.c:113 0x432719 24
4 path.c:254 0x432b19 24
4 path.c:246 0x4325d9 26
4 path.c:31 0x4328b9 6
4 path.c:31 0x4326f9 8
4 path.c:31 0x432b49 12
4 dynarray.c:112 0x4330f9 32
4 dynarray.c:113 0x432f49 24
4 path.c:254 0x432999 24
2 path.c:128 0x432999 24
1 dynarray.c:84 0x432949 24
2 dynarray.c:95 0x432f49 16
2 path.c:90 0x432b49 6
2 path.c:90 0x4326f9 8
2 path.c:90 0x4328b9 12
3 dynarray.c:69 0x4330f9 0x432f49 16 32
1 path.c:143 0x4325d9 26
2 path.c:178 0x432f49 24
1 dynarray.c:84 0x432b19 24
2 dynarray.c:95 0x432719 16
2 path.c:191 0x433139 26
2 path.c:205 0x432979 6
3 path.c:223 0x433139 0x433139 26 6
4 path.c:246 0x433139 6
4 path.c:31 0x432979 6
4 dynarray.c:112 0x432719 16
4 dynarray.c:113 0x432b19 24
4 path.c:254 0x432f49 24
2 path.c:178 0x432f49 24
1 dynarray.c:84 0x432e19 24
2 dynarray.c:95 0x432b19 16
2 path.c:191 0x433139 26
2 path.c:205 0x432979 6
2 path.c:205 0x4326d9 8
3 path.c:223 0x433139 0x433139 26 14
4 path.c:246 0x433139 14
4 path.c:31 0x432979 6
4 path.c:31 0x4326d9 8
4 dynarray.c:112 0x432b19 16
4 dynarray.c:113 0x432e19 24
4 path.c:254 0x432f49 24
2 path.c:178 0x432f49 24
1 dynarray.c:84 0x432719 24
2 dynarray.c:95 0x432e19 24
2 path.c:191 0x433139 26
2 path.c:205 0x4326d9 6
2 path.c:205 0x432979 8
2 path.c:205 0x4329c9 12
3 path.c:223 0x433139 0x433139 26 26
4 path.c:246 0x433139 26
4 path.c:31 0x4326d9 6
4 path.c:31 0x432979 8
4 path.c:31 0x4329c9 12
4 dynarray.c:112 0x432e19 24
4 dynarray.c:113 0x432719 24
4 path.c:254 0x432f49 24
4 path.c:246 0x4325d9 26
4 path.c:31 0x432b49 6
4 path.c:31 0x4326f9 8
4 path.c:31 0x4328b9 12
4 dynarray.c:112 0x4330f9 32
4 dynarray.c:113 0x432949 24
4 path.c:254 0x432999 24
2 path.c:128 0x432999 24
1 dynarray.c:84 0x432b19 24
2 dynarray.c:95 0x432949 16
2 path.c:90 0x4328b9 6
2 path.c:90 0x4326f9 8
2 path.c:90 0x432b49 12
3 dynarray.c:69 0x4330f9 0x432949 16 32
2 path.c:90 0x4329c9 6
1 path.c:143 0x433089 32
2 path.c:178 0x432949 24
1 dynarray.c:84 0x4325d9 24
2 dynarray.c:95 0x432f49 16
2 path.c:191 0x433169 32
2 path.c:205 0x432979 6
3 path.c:223 0x433169 0x433169 32 6
4 path.c:246 0x433169 6
4 path.c:31 0x432979 6
4 dynarray.c:112 0x432f49 16
4 dynarray.c:113 0x4325d9 24
4 path.c:254 0x432949 24
2 path.c:178 0x432949 24
1 dynarray.c:84 0x432719 24
2 dynarray.c:95 0x4325d9 16
2 path.c:191 0x4331a9 32
2 path.c:205 0x432979 6
2 path.c:205 0x433169 8
3 path.c:223 0x4331a9 0x4331a9 32 14
4 path.c:246 0x4331a9 14
4 path.c:31 0x432979 6
4 path.c:31 0x433169 8
4 dynarray.c:112 0x4325d9 16
4 dynarray.c:113 0x432719 24
4 path.c:254 0x432949 24
2 path.c:178 0x432949 24
1 dynarray.c:84 0x432f49 24
2 dynarray.c:95 0x432719 24
2 path.c:191 0x4331e9 32
2 path.c:205 0x433169 6
2 path.c:205 0x432979 8
2 path.c:205 0x4331a9 12
3 path.c:223 0x4331e9 0x4331e9 32 26
4 path.c:246 0x4331e9 26
4 path.c:31 0x433169 6
4 path.c:31 0x432979 8
4 path.c:31 0x4331a9 12
4 dynarray.c:112 0x432719 24
4 dynarray.c:113 0x432f49 24
4 path.c:254 0x432949 24
2 path.c:178 0x432949 24
1 dynarray.c:84 0x4325d9 24
2 dynarray.c:95 0x433229 32
2 path.c:191 0x433269 32
2 path.c:205 0x4331a9 6
2 path.c:205 0x432979 8
2 path.c:205 0x433169 12
2 path.c:205 0x4331c9 6
3 path.c:223 0x433269 0x433269 32 32
4 path.c:246 0x433269 32
4 path.c:31 0x4331a9 6
4 path.c:31 0x432979 8
4 path.c:31 0x433169 12
4 path.c:31 0x4331c9 6
4 dynarray.c:112 0x433229 32
4 dynarray.c:113 0x4325d9 24
4 path.c:254 0x432949 24
2 path.c:178 0x432949 24
1 dynarray.c:84 0x4325d9 24
2 dynarray.c:95 0x433229 32
2 path.c:191 0x433269 32
2 path.c:205 0x4331c9 6
2 path.c:205 0x433169 8
2 path.c:205 0x432979 12
2 path.c:205 0x4331a9 6
3 path.c:223 0x433269 0x433269 32 32
1 bdtBad4.c:143 0x4331e9 32
2 path.c:178 0x432f49 24
1 dynarray.c:84 0x432719 24
2 dynarray.c:95 0x4332a9 32
2 path.c:191 0x4332e9 32
2 path.c:205 0x433189 6
2 path.c:205 0x4326d9 8
2 path.c:205 0x433329 12
2 path.c:205 0x433349 6
3 path.c:223 0x4332e9 0x4332e9 32 32
4 path.c:246 0x433269 32
4 path.c:31 0x4331c9 6
4 path.c:31 0x433169 8
4 path.c:31 0x432979 12
4 path.c:31 0x4331a9 6
4 dynarray.c:112 0x433229 32
4 dynarray.c:113 0x4325d9 24
4 path.c:254 0x432949 24
4 path.c:246 0x433089 32
4 path.c:31 0x4328b9 6
4 path.c:31 0x4326f9 8
4 path.c:31 0x432b49 12
4 path.c:31 0x4329c9 6
4 dynarray.c:112 0x4330f9 32
4 dynarray.c:113 0x432b19 24
4 path.c:254 0x432999 24
2 path.c:128 0x432999 24
1 dynarray.c:84 0x4325d9 24
2 dynarray.c:95 0x432b19 16
2 path.c:90 0x4329c9 6
2 path.c:90 0x432b49 8
2 path.c:90 0x4326f9 12
3 dynarray.c:69 0x4330f9 0x432b19 16 32
2 path.c:90 0x4328b9 6
1 path.c:143 0x433269 32
2 path.c:178 0x432b19 24
1 dynarray.c:84 0x432949 24
2 dynarray.c:95 0x432e19 16
2 path.c:191 0x433089 32
2 path.c:205 0x4331a9 6
3 path.c:223 0x433089 0x433089 32 6
4 path.c:246 0x433089 6
4 path.c:31 0x4331a9 6
4 dynarray.c:112 0x432e19 16
4 dynarray.c:113 0x432949 24
4 path.c:254 0x432b19 24
2 path.c:178 0x432b19 24
1 dynarray.c:84 0x433139 24
2 dynarray.c:95 0x432949 16
2 path.c:191 0x433369 32
2 path.c:205 0x4331a9 6
2 path.c:205 0x433089 8
3 path.c:223 0x433369 0x433369 32 14
4 path.c:246 0x433369 14
4 path.c:31 0x4331a9 6
4 path.c:31 0x433089 8
4 dynarray.c:112 0x432949 16
4 dynarray.c:113 0x433139 24
4 path.c:254 0x432b19 24
2 path.c:178 0x432b19 24
1 dynarray.c:84 0x432e19 24
2 dynarray.c:95 0x433139 24
2 path.c:191 0x4333a9 32
2 path.c:205 0x433089 6
2 path.c:205 0x4331a9 8
2 path.c:205 0x433369 12
3 path.c:223 0x4333a9 0x4333a9 32 26
4 path.c:246 0x4333a9 26
4 path.c:31 0x433089 6
4 path.c:31 0x4331a9 8
4 path.c:31 0x433369 12
4 dynarray.c:112 0x433139 24
4 dynarray.c:113 0x432e19 24
4 path.c:254 0x432b19 24
2 path.c:178 0x432b19 24
1 dynarray.c:84 0x432949 24
2 dynarray.c:95 0x4333a9 32
2 path.c:191 0x4333e9 32
2 path.c:205 0x433369 6
2 path.c:205 0x4331a9 8
2 path.c:205 0x433089 12
2 path.c:205 0x433389 6
3 path.c:223 0x4333e9 0x4333e9 32 32
4 path.c:246 0x4333e9 32
4 path.c:31 0x433369 6
4 path.c:31 0x4331a9 8
4 path.c:31 0x433089 12
4 path.c:31 0x433389 6
4 dynarray.c:112 0x4333a9 32
4 dynarray.c:113 0x432949 24
4 path.c:254 0x432b19 24
4 path.c:246 0x433269 32
4 path.c:31 0x4329c9 6
4 path.c:31 0x432b49 8
4 path.c:31 0x4326f9 12
4 path.c:31 0x4328b9 6
4 dynarray.c:112 0x4330f9 32
4 dynarray.c:113 0x4325d9 24
4 path.c:254 0x432999 24
1 dynarray.c:84 0x432949 24
2 dynarray.c:95 0x433429 48
1 bdtBad4.c:663 0x433479 111
4 dynarray.c:112 0x433429 48
4 dynarray.c:113 0x432949 24
6 bdt_client.c:96 0x433479
4 bdt_client.c:96 0x433479 111
2 path.c:128 0x432999 24
1 dynarray.c:84 0x432949 24
2 dynarray.c:95 0x4325d9 16
2 path.c:90 0x4328b9 6
2 path.c:90 0x4326f9 8
2 path.c:90 0x432b49 12
3 dynarray.c:69 0x4330f9 0x4325d9 16 32
2 path.c:90 0x4329c9 6
1 path.c:143 0x433229 32
2 path.c:178 0x4325d9 24
1 dynarray.c:84 0x432b19 24
2 dynarray.c:95 0x432e19 16
2 path.c:191 0x433269 32
2 path.c:205 0x433389 6
3 path.c:223 0x433269 0x433269 32 6
4 path.c:246 0x433269 6
4 path.c:31 0x433389 6
4 dynarray.c:112 0x432e19 16
4 dynarray.c:113 0x432b19 24
4 path.c:254 0x4325d9 24
2 path.c:178 0x4325d9 24
1 dynarray.c:84 0x433139 24
2 dynarray.c:95 0x432b19 16
2 path.c:191 0x4333e9 32
2 path.c:205 0x433389 6
2 path.c:205 0x433269 8
3 path.c:223 0x4333e9 0x4333e9 32 14
4 path.c:246 0x4333e9 14
4 path.c:31 0x433389 6
4 path.c:31 0x433269 8
4 dynarray.c:112 0x432b19 16
4 dynarray.c:113 0x433139 24
4 path.c:254 0x4325d9 24
2 path.c:178 0x4325d9 24
1 dynarray.c:84 0x432e19 24
2 dynarray.c:95 0x433139 24
2 path.c:191 0x433509 32
2 path.c:205 0x433269 6
2 path.c:205 0x433389 8
2 path.c:205 0x4333e9 12
3 path.c:223 0x433509 0x433509 32 26
4 path.c:246 0x433509 26
4 path.c:31 0x433269 6
4 path.c:31 0x433389 8
4 path.c:31 0x4333e9 12
4 dynarray.c:112 0x433139 24
4 dynarray.c:113 0x432e19 24
4 path.c:254 0x4325d9 24
2 path.c:178 0x4325d9 24
1 dynarray.c:84 0x432b19 24
2 dynarray.c:95 0x433509 32
2 path.c:191 0x433549 32
2 path.c:205 0x4333e9 6
2 path.c:205 0x433389 8
2 path.c:205 0x433269 12
2 path.c:205 0x433409 6
3 path.c:223 0x433549 0x433549 32 32
4 path.c:246 0x433549 32
4 path.c:31 0x4333e9 6
4 path.c:31 0x433389 8
4 path.c:31 0x433269 12
4 path.c:31 0x433409 6
4 dynarray.c:112 0x433509 32
4 dynarray.c:113 0x432b19 24
4 path.c:254 0x4325d9 24
4 path.c:246 0x433229 32
4 path.c:31 0x4328b9 6
4 path.c:31 0x4326f9 8
4 path.c:31 0x432b49 12
4 path.c:31 0x4329c9 6
4 dynarray.c:112 0x4330f9 32
4 dynarray.c:113 0x432949 24
4 path.c:254 0x432999 24
2 path.c:128 0x432999 24
1 dynarray.c:84 0x432b19 24
2 dynarray.c:95 0x432949 16
2 path.c:90 0x4329c9 6
2 path.c:90 0x432b49 8
2 path.c:90 0x4326f9 8
3 dynarray.c:69 0x4330f9 0x432949 16 32
1 path.c:143 0x4325d9 22
2 path.c:178 0x432949 24
1 dynarray.c:84 0x432e19 24
2 dynarray.c:95 0x433139 16
2 path.c:191 0x433589 22
2 path.c:205 0x4328b9 6
3 path.c:223 0x433589 0x433589 22 6
4 path.c:246 0x433589 6
4 path.c:31 0x4328b9 6
4 dynarray.c:112 0x433139 16
4 dynarray.c:113 0x432e19 24
4 path.c:254 0x432949 24
2 path.c:178 0x432949 24
1 dynarray.c:84 0x433589 24
2 dynarray.c:95 0x432e19 16
2 path.c:191 0x4335b9 22
2 path.c:205 0x4328b9 6
2 path.c:205 0x433409 8
3 path.c:223 0x4335b9 0x4335b9 22 14
4 path.c:246 0x4335b9 14
4 path.c:31 0x4328b9 6
4 path.c:31 0x433409 8
4 dynarray.c:112 0x432e19 16
4 dynarray.c:113 0x433589 24
4 path.c:254 0x432949 24
2 path.c:178 0x432949 24
1 dynarray.c:84 0x433139 24
2 dynarray.c:95 0x433589 24
2 path.c:191 0x4335b9 22
2 path.c:205 0x433409 6
2 path.c:205 0x4328b9 8
2 path.c:205 0x433269 8
3 path.c:223 0x4335b9 0x4335b9 22 22
4 path.c:246 0x4335b9 22
4 path.c:31 0x433409 6
4 path.c:31 0x4328b9 8
4 path.c:31 0x433269 8
4 dynarray.c:112 0x433589 24
4 dynarray.c:113 0x433139 24
4 path.c:254 0x432949 24
4 path.c:246 0x4325d9 22
4 path.c:31 0x4329c9 6
4 path.c:31 0x432b49 8
4 path.c:31 0x4326f9 8
4 dynarray.c:112 0x4330f9 32
4 dynarray.c:113 0x432b19 24
4 path.c:254 0x432999 24
2 path.c:128 0x432999 24
1 dynarray.c:84 0x432e19 24
2 dynarray.c:95 0x432b19 16
2 path.c:90 0x4326f9 6
2 path.c:90 0x432b49 8
2 path.c:90 0x4329c9 8
3 dynarray.c:69 0x4330f9 0x432b19 16 32
1 path.c:143 0x4325d9 22
2 path.c:178 0x432b19 24
1 dynarray.c:84 0x432949 24
2 dynarray.c:95 0x433139 16
2 path.c:191 0x4335b9 22
2 path.c:205 0x433269 6
3 path.c:223 0x4335b9 0x4335b9 22 6
4 path.c:246 0x4335b9 6
4 path.c:31 0x433269 6
4 dynarray.c:112 0x433139 16
4 dynarray.c:113 0x432949 24
4 path.c:254 0x432b19 24
2 path.c:178 0x432b19 24
1 dynarray.c:84 0x433589 24
2 dynarray.c:95 0x432949 16
2 path.c:191 0x4335b9 22
2 path.c:205 0x433269 6
2 path.c:205 0x4328b9 8
3 path.c:223 0x4335b9 0x4335b9 22 14
4 path.c:246 0x4335b9 14
4 path.c:31 0x433269 6
4 path.c:31 0x4328b9 8
4 dynarray.c:112 0x432949 16
4 dynarray.c:113 0x433589 24
4 path.c:254 0x432b19 24
2 path.c:178 0x432b19 24
1 dynarray.c:84 0x433139 24
2 dynarray.c:95 0x433589 24
2 path.c:191 0x4335b9 22
2 path.c:205 0x4328b9 6
2 path.c:205 0x433269 8
2 path.c:205 0x433409 8
3 path.c:223 0x4335b9 0x4335b9 22 22
4 path.c:246 0x4335b9 22
4 path.c:31 0x4328b9 6
4 path.c:31 0x433269 8
4 path.c:31 0x433409 8
4 dynarray.c:112 0x433589 24
4 dynarray.c:113 0x433139 24
4 path.c:254 0x432b19 24
4 path.c:246 0x4325d9 22
4 path.c:31 0x4326f9 6
4 path.c:31 0x432b49 8
4 path.c:31 0x4329c9 8
4 dynarray.c:112 0x4330f9 32
4 dynarray.c:113 0x432e19 24
4 path.c:254 0x432999 24
2 path.c:128 0x432999 24
1 dynarray.c:84 0x432949 24
2 dynarray.c:95 0x432e19 16
2 path.c:90 0x4329c9 6
2 path.c:90 0x432b49 8
2 path.c:90 0x4326f9 8
3 dynarray.c:69 0x4330f9 0x432e19 16 32
1 path.c:143 0x4325d9 22
2 path.c:178 0x432e19 24
1 dynarray.c:84 0x432b19 24
2 dynarray.c:95 0x433139 16
2 path.c:191 0x4335b9 22
2 path.c:205 0x433409 6
3 path.c:223 0x4335b9 0x4335b9 22 6
4 path.c:246 0x4335b9 6
4 path.c:31 0x433409 6
4 dynarray.c:112 0x433139 16
4 dynarray.c:113 0x432b19 24
4 path.c:254 0x432e19 24
2 path.c:178 0x432e19 24
1 dynarray.c:84 0x433589 24
2 dynarray.c:95 0x432b19 16
2 path.c:191 0x4335b9 22
2 path.c:205 0x433409 6
2 path.c:205 0x433269 8
3 path.c:223 0x4335b9 0x4335b9 22 14
4 path.c:246 0x4335b9 14
4 path.c:31 0x433409 6
4 path.c:31 0x433269 8
4 dynarray.c:112 0x432b19 16
4 dynarray.c:113 0x433589 24
4 path.c:254 0x432e19 24
2 path.c:178 0x432e19 24
1 dynarray.c:84 0x433139 24
2 dynarray.c:95 0x433589 24
2 path.c:191 0x4335b9 22
2 path.c:205 0x433269 6
2 path.c:205 0x433409 8
2 path.c:205 0x4328b9 8
3 path.c:223 0x4335b9 0x4335b9 22 22
4 path.c:246 0x4335b9 22
4 path.c:31 0x433269 6
4 path.c:31 0x433409 8
4 path.c:31 0x4328b9 8
4 dynarray.c:112 0x433589 24
4 dynarray.c:113 0x433139 24
4 path.c:254 0x432e19 24
4 path.c:246 0x4325d9 22
4 path.c:31 0x4329c9 6
4 path.c:31 0x432b49 8
4 path.c:31 0x4326f9 8
4 dynarray.c:112 0x4330f9 32
4 dynarray.c:113 0x432949 24
4 path.c:254 0x432999 24
2 path.c:128 0x432999 24
1 dynarray.c:84 0x432b19 24
2 dynarray.c:95 0x432949 16
2 path.c:90 0x4326f9 6
2 path.c:90 0x432b49 8
1 path.c:143 0x432899 14
2 path.c:178 0x432e19 24
1 dynarray.c:84 0x4325d9 24
2 dynarray.c:95 0x433139 16
2 path.c:191 0x4329c9 14
2 path.c:205 0x433409 6
3 path.c:223 0x4329c9 0x4329c9 14 6
4 path.c:246 0x4329c9 6
4 path.c:31 0x433409 6
4 dynarray.c:112 0x433139 16
4 dynarray.c:113 0x4325d9 24
4 path.c:254 0x432e19 24
2 path.c:178 0x432e19 24
1 dynarray.c:84 0x433589 24
2 dynarray.c:95 0x4325d9 16
2 path.c:191 0x433409 14
2 path.c:205 0x4329c9 6
2 path.c:205 0x433269 8
3 path.c:223 0x433409 0x433409 14 14
4 path.c:246 0x433409 14
4 path.c:31 0x4329c9 6
4 path.c:31 0x433269 8
4 dynarray.c:112 0x4325d9 16
4 dynarray.c:113 0x433589 24
4 path.c:254 0x432e19 24
4 path.c:246 0x432899 14
4 path.c:31 0x4326f9 6
4 path.c:31 0x432b49 8
4 dynarray.c:112 0x432949 16
4 dynarray.c:113 0x432b19 24
4 path.c:254 0x432999 24
4 path.c:246 0x4332e9 32
4 path.c:31 0x433189 6
4 path.c:31 0x4326d9 8
4 path.c:31 0x433329 12
4 path.c:31 0x433349 6
4 dynarray.c:112 0x4332a9 32
4 dynarray.c:113 0x432719 24
4 path.c:254 0x432f49 24
4 bdtBad4.c:263 0x4331e9 32
4 path.c:246 0x4330c9 26
4 path.c:31 0x432e79 6
4 path.c:31 0x432e99 8
4 path.c:31 0x432eb9 12
4 dynarray.c:112 0x432639 24
4 dynarray.c:113 0x432669 24
4 path.c:254 0x432f19 24
4 bdtBad4.c:263 0x432ff9 32
4 path.c:246 0x432db9 14
4 path.c:31 0x432dd9 6
4 path.c:31 0x432df9 8
4 dynarray.c:112 0x432d89 16
4 dynarray.c:113 0x4329e9 24
4 path.c:254 0x432cd9 24
4 bdtBad4.c:263 0x432d49 32
2 path.c:128 0x432cd9 24
1 dynarray.c:84 0x433139 24
2 dynarray.c:95 0x4329e9 16
2 path.c:90 0x432df9 6
1 path.c:143 0x4328b9 6
2 path.c:178 0x432f19 24
1 dynarray.c:84 0x432d89 24
2 dynarray.c:95 0x432669 16
2 path.c:191 0x432dd9 6
2 path.c:205 0x432eb9 6
3 path.c:223 0x432dd9 0x432dd9 6 6
4 path.c:246 0x432dd9 6
4 path.c:31 0x432eb9 6
4 dynarray.c:112 0x432669 16
4 dynarray.c:113 0x432d89 24
4 path.c:254 0x432f19 24
4 path.c:246 0x4328b9 6
4 path.c:31 0x432df9 6
4 dynarray.c:112 0x4329e9 16
4 dynarray.c:113 0x433139 24
4 path.c:254 0x432cd9 24
2 path.c:128 0x432cd9 24
1 dynarray.c:84 0x432639 24
2 dynarray.c:95 0x433139 16
2 path.c:90 0x432df9 6
2 path.c:90 0x4328b9 7
1 path.c:143 0x432db9 13
2 path.c:178 0x432f19 24
1 dynarray.c:84 0x4329e9 24
2 dynarray.c:95 0x432d89 16
2 path.c:191 0x432eb9 13
2 path.c:205 0x432e99 6
3 path.c:223 0x432eb9 0x432eb9 13 6
4 path.c:246 0x432eb9 6
4 path.c:31 0x432e99 6
4 dynarray.c:112 0x432d89 16
4 dynarray.c:113 0x4329e9 24
4 path.c:254 0x432f19 24
2 path.c:178 0x432f19 24
1 dynarray.c:84 0x432669 24
2 dynarray.c:95 0x4329e9 16
2 path.c:191 0x432e99 13
2 path.c:205 0x432eb9 6
2 path.c:205 0x432e79 7
3 path.c:223 0x432e99 0x432e99 13 13
4 path.c:246 0x432e99 13
4 path.c:31 0x432eb9 6
4 path.c:31 0x432e79 7
4 dynarray.c:112 0x4329e9 16
4 dynarray.c:113 0x432669 24
4 path.c:254 0x432f19 24
4 path.c:246 0x432db9 13
4 path.c:31 0x432df9 6
4 path.c:31 0x4328b9 7
4 dynarray.c:112 0x433139 16
4 dynarray.c:113 0x432639 24
4 path.c:254 0x432cd9 24
2 path.c:128 0x432cd9 24
1 dynarray.c:84 0x432d89 24
2 dynarray.c:95 0x432639 16
2 path.c:90 0x4328b9 6
2 path.c:90 0x432df9 8
1 path.c:143 0x432dd9 14
2 path.c:178 0x432f19 24
1 dynarray.c:84 0x433139 24
2 dynarray.c:95 0x432669 16
2 path.c:191 0x432db9 14
2 path.c:205 0x432eb9 6
3 path.c:223 0x432db9 0x432db9 14 6
4 path.c:246 0x432db9 6
4 path.c:31 0x432eb9 6
4 dynarray.c:112 0x432669 16
4 dynarray.c:113 0x433139 24
4 path.c:254 0x432f19 24
2 path.c:178 0x432f19 24
1 dynarray.c:84 0x4329e9 24
2 dynarray.c:95 0x433139 16
2 path.c:191 0x432eb9 14
2 path.c:205 0x432db9 6
2 path.c:205 0x432e99 8
3 path.c:223 0x432eb9 0x432eb9 14 14
4 path.c:246 0x432eb9 14
4 path.c:31 0x432db9 6
4 path.c:31 0x432e99 8
4 dynarray.c:112 0x433139 16
4 dynarray.c:113 0x4329e9 24
4 path.c:254 0x432f19 24
4 path.c:246 0x432dd9 14
4 path.c:31 0x4328b9 6
4 path.c:31 0x432df9 8
4 dynarray.c:112 0x432639 16
4 dynarray.c:113 0x432d89 24
4 path.c:254 0x432cd9 24
2 path.c:128 0x432cd9 24
1 dynarray.c:84 0x432669 24
2 dynarray.c:95 0x432d89 16
2 path.c:90 0x432df9 6
2 path.c:90 0x4328b9 8
2 path.c:90 0x432dd9 12
3 dynarray.c:69 0x432d49 0x432d89 16 32
1 path.c:143 0x432639 26
2 path.c:178 0x432d89 24
1 dynarray.c:84 0x432f19 24
2 dynarray.c:95 0x4329e9 16
2 path.c:191 0x4330c9 26
2 path.c:205 0x432e99 6
3 path.c:223 0x4330c9 0x4330c9 26 6
4 path.c:246 0x4330c9 6
4 path.c:31 0x432e99 6
4 dynarray.c:112 0x4329e9 16
4 dynarray.c:113 0x432f19 24
4 path.c:254 0x432d89 24
2 path.c:178 0x432d89 24
1 dynarray.c:84 0x433139 24
2 dynarray.c:95 0x432f19 16
2 path.c:191 0x4330c9 26
2 path.c:205 0x432e99 6
2 path.c:205 0x432db9 8
3 path.c:223 0x4330c9 0x4330c9 26 14
4 path.c:246 0x4330c9 14
4 path.c:31 0x432e99 6
4 path.c:31 0x432db9 8
4 dynarray.c:112 0x432f19 16
4 dynarray.c:113 0x433139 24
4 path.c:254 0x432d89 24
4 path.c:246 0x432639 26
4 path.c:31 0x432df9 6
4 path.c:31 0x4328b9 8
4 path.c:31 0x432dd9 12
4 dynarray.c:112 0x432d49 32
4 dynarray.c:113 0x432669 24
4 path.c:254 0x432cd9 24
2 path.c:128 0x432cd9 24
1 dynarray.c:84 0x4329e9 24
2 dynarray.c:95 0x432669 16
2 path.c:90 0x432dd9 6
2 path.c:90 0x4328b9 8
2 path.c:90 0x432df9 12
3 dynarray.c:69 0x432d49 0x432669 16 32
2 path.c:90 0x432db9 6
1 path.c:143 0x4333a9 32
2 path.c:178 0x432669 24
1 dynarray.c:84 0x432639 24
2 dynarray.c:95 0x432d89 16
2 path.c:191 0x432ff9 32
2 path.c:205 0x432e99 6
3 path.c:223 0x432ff9 0x432ff9 32 6
4 path.c:246 0x432ff9 6
4 path.c:31 0x432e99 6
4 dynarray.c:112 0x432d89 16
4 dynarray.c:113 0x432639 24
4 path.c:254 0x432669 24
2 path.c:178 0x432669 24
1 dynarray.c:84 0x433139 24
2 dynarray.c:95 0x432639 16
2 path.c:191 0x4332a9 32
2 path.c:205 0x432e99 6
2 path.c:205 0x432ff9 8
3 path.c:223 0x4332a9 0x4332a9 32 14
4 path.c:246 0x4332a9 14
4 path.c:31 0x432e99 6
4 path.c:31 0x432ff9 8
4 dynarray.c:112 0x432639 16
4 dynarray.c:113 0x433139 24
4 path.c:254 0x432669 24
4 path.c:246 0x4333a9 32
4 path.c:31 0x432dd9 6
4 path.c:31 0x4328b9 8
4 path.c:31 0x432df9 12
4 path.c:31 0x432db9 6
4 dynarray.c:112 0x432d49 32
4 dynarray.c:113 0x4329e9 24
4 path.c:254 0x432cd9 24
1 dynarray.c:84 0x432d89 24
2 dynarray.c:95 0x432cd9 24
1 bdtBad4.c:663 0x4331e9 42
4 dynarray.c:112 0x432cd9 24
4 dynarray.c:113 0x432d89 24
6 bdt_client.c:113 0x4331e9
4 bdt_client.c:113 0x4331e9 42
2 path.c:128 0x432d89 24
1 dynarray.c:84 0x4329e9 24
2 dynarray.c:95 0x432cd9 16
2 path.c:90 0x432db9 13
1 path.c:143 0x432e79 13
2 path.c:178 0x433139 24
1 dynarray.c:84 0x432669 24
2 dynarray.c:95 0x432639 16
2 path.c:191 0x432df9 13
2 path.c:205 0x432dd9 13
3 path.c:223 0x432df9 0x432df9 13 13
4 path.c:246 0x432df9 13
4 path.c:31 0x432dd9 13
4 dynarray.c:112 0x432639 16
4 dynarray.c:113 0x432669 24
4 path.c:254 0x433139 24
4 path.c:246 0x432e79 13
4 path.c:31 0x432db9 13
4 dynarray.c:112 0x432cd9 16
4 dynarray.c:113 0x4329e9 24
4 path.c:254 0x432d89 24
2 path.c:128 0x432d89 24
1 dynarray.c:84 0x432f19 24
2 dynarray.c:95 0x4329e9 16
2 path.c:90 0x432db9 6
1 path.c:143 0x4328b9 6
2 path.c:178 0x433139 24
1 dynarray.c:84 0x432cd9 24
2 dynarray.c:95 0x432669 16
2 path.c:191 0x432e79 6
2 path.c:205 0x432df9 6
3 path.c:223 0x432e79 0x432e79 6 6
4 path.c:246 0x432e79 6
4 path.c:31 0x432df9 6
4 dynarray.c:112 0x432669 16
4 dynarray.c:113 0x432cd9 24
4 path.c:254 0x433139 24
4 path.c:246 0x4328b9 6
4 path.c:31 0x432db9 6
4 dynarray.c:112 0x4329e9 16
4 dynarray.c:113 0x432f19 24
4 path.c:254 0x432d89 24
4 path.c:246 0x432c09 25
4 path.c:31 0x432c39 6
4 path.c:31 0x432c59 7
4 path.c:31 0x432c79 12
4 dynarray.c:112 0x432bd9 24
4 dynarray.c:113 0x432919 24
4 path.c:254 0x432ba9 24
4 bdtBad4.c:263 0x432b69 32
4 path.c:246 0x432ab9 13
4 path.c:31 0x432ad9 6
4 path.c:31 0x432af9 7
4 dynarray.c:112 0x432a89 16
4 dynarray.c:113 0x4325a9 24
4 path.c:254 0x432a59 24
4 bdtBad4.c:263 0x432a19 32
4 path.c:246 0x432859 6
4 path.c:31 0x432879 6
4 dynarray.c:112 0x432829 16
4 dynarray.c:113 0x432609 24
4 path.c:254 0x4327f9 24
4 bdtBad4.c:263 0x4327b9 32
2 path.c:128 0x4327f9 24
1 dynarray.c:84 0x432639 24
2 dynarray.c:95 0x432609 16
2 path.c:90 0x432879 6
2 path.c:90 0x432859 7
1 path.c:143 0x432dd9 13
4 path.c:246 0x432dd9 13
4 path.c:31 0x432879 6
4 path.c:31 0x432859 7
4 dynarray.c:112 0x432609 16
4 dynarray.c:113 0x432639 24
4 path.c:254 0x4327f9 24
2 path.c:128 0x4327f9 24
1 dynarray.c:84 0x432829 24
2 dynarray.c:95 0x432639 16
2 path.c:90 0x432859 6
1 path.c:143 0x432dd9 6
4 path.c:246 0x432dd9 6
4 path.c:31 0x432859 6
4 dynarray.c:112 0x432639 16
4 dynarray.c:113 0x432829 24
4 path.c:254 0x4327f9 24
2 path.c:128 0x4327f9 24
1 dynarray.c:84 0x432609 24
2 dynarray.c:95 0x432829 16
2 path.c:90 0x432859 6
1 path.c:143 0x432dd9 6
4 path.c:246 0x432dd9 6
4 path.c:31 0x432859 6
4 dynarray.c:112 0x432829 16
4 dynarray.c:113 0x432609 24
4 path.c:254 0x4327f9 24
2 path.c:128 0x4327f9 24
1 dynarray.c:84 0x432639 24
2 dynarray.c:95 0x432609 16
2 path.c:90 0x432859 13
1 path.c:143 0x432dd9 13
4 path.c:246 0x432dd9 13
4 path.c:31 0x432859 13
4 dynarray.c:112 0x432609 16
4 dynarray.c:113 0x432639 24
4 path.c:254 0x4327f9 24
1 dynarray.c:84 0x432829 24
2 dynarray.c:95 0x4327f9 16
1 bdtBad4.c:663 0x432dd9 1
4 dynarray.c:112 0x4327f9 16
4 dynarray.c:113 0x432829 24
4 bdt_client.c:124 0x432dd9 1
2 path.c:128 0x432829 24
1 dynarray.c:84 0x432639 24
2 dynarray.c:95 0x4327f9 16
2 path.c:90 0x432859 2
2 path.c:90 0x432879 2
1 path.c:143 0x432dd9 4
2 path.c:178 0x432a59 24
1 dynarray.c:84 0x432609 24
2 dynarray.c:95 0x4325a9 16
2 path.c:191 0x432af9 4
2 path.c:205 0x432ab9 2
3 path.c:223 0x432af9 0x432af9 4 2
1 bdtBad4.c:143 0x4331e9 32
2 path.c:178 0x432ba9 24
1 dynarray.c:84 0x432a89 24
2 dynarray.c:95 0x432919 16
2 path.c:191 0x432c79 2
2 path.c:205 0x432c59 2
3 path.c:223 0x432c79 0x432c79 2 2
4 path.c:246 0x432af9 2
4 path.c:31 0x432ab9 2
4 dynarray.c:112 0x4325a9 16
4 dynarray.c:113 0x432609 24
4 path.c:254 0x432a59 24
2 path.c:178 0x432a59 24
1 dynarray.c:84 0x432bd9 24
2 dynarray.c:95 0x432609 16
2 path.c:191 0x432ab9 4
2 path.c:205 0x432af9 2
2 path.c:205 0x432c39 2
3 path.c:223 0x432ab9 0x432ab9 4 4
1 bdtBad4.c:143 0x432fb9 32
2 path.c:178 0x432c09 24
1 dynarray.c:84 0x4325a9 24
2 dynarray.c:95 0x432d89 16
2 path.c:191 0x432db9 4
2 path.c:205 0x4328b9 2
2 path.c:205 0x432df9 2
3 path.c:223 0x432db9 0x432db9 4 4
4 path.c:246 0x432ab9 4
4 path.c:31 0x432af9 2
4 path.c:31 0x432c39 2
4 dynarray.c:112 0x432609 16
4 dynarray.c:113 0x432bd9 24
4 path.c:254 0x432a59 24
4 path.c:246 0x432dd9 4
4 path.c:31 0x432859 2
4 path.c:31 0x432879 2
4 dynarray.c:112 0x4327f9 16
4 dynarray.c:113 0x432639 24
4 path.c:254 0x432829 24
1 dynarray.c:84 0x432f19 24
2 dynarray.c:95 0x432829 16
1 bdtBad4.c:663 0x432ad9 5
4 dynarray.c:112 0x432829 16
4 dynarray.c:113 0x432f19 24
6 bdt_client.c:136 0x432ad9
4 bdt_client.c:136 0x432ad9 5
2 path.c:128 0x432f19 24
1 dynarray.c:84 0x432639 24
2 dynarray.c:95 0x432829 16
2 path.c:90 0x432879 2
2 path.c:90 0x432859 2
1 path.c:143 0x432ad9 4
2 path.c:178 0x432a59 24
1 dynarray.c:84 0x4327f9 24
2 dynarray.c:95 0x432bd9 16
2 path.c:191 0x432dd9 4
2 path.c:205 0x432af9 2
3 path.c:223 0x432dd9 0x432dd9 4 2
4 path.c:246 0x432dd9 2
4 path.c:31 0x432af9 2
4 dynarray.c:112 0x432bd9 16
4 dynarray.c:113 0x4327f9 24
4 path.c:254 0x432a59 24
2 path.c:178 0x432a59 24
1 dynarray.c:84 0x432609 24
2 dynarray.c:95 0x4327f9 16
2 path.c:191 0x432af9 4
2 path.c:205 0x432dd9 2
2 path.c:205 0x432ab9 2
3 path.c:223 0x432af9 0x432af9 4 4
4 path.c:246 0x432af9 4
4 path.c:31 0x432dd9 2
4 path.c:31 0x432ab9 2
4 dynarray.c:112 0x4327f9 16
4 dynarray.c:113 0x432609 24
4 path.c:254 0x432a59 24
2 path.c:178 0x432a59 24
1 dynarray.c:84 0x432bd9 24
2 dynarray.c:95 0x432609 16
2 path.c:191 0x432ab9 4
2 path.c:205 0x432dd9 2
2 path.c:205 0x432af9 2
3 path.c:223 0x432ab9 0x432ab9 4 4
1 bdtBad4.c:143 0x432f79 32
2 path.c:178 0x4329e9 24
1 dynarray.c:84 0x4327f9 24
2 dynarray.c:95 0x433139 16
2 path.c:191 0x432e79 4
2 path.c:205 0x432ff9 2
2 path.c:205 0x432e99 2
3 path.c:223 0x432e79 0x432e79 4 4
4 path.c:246 0x432ab9 4
4 path.c:31 0x432dd9 2
4 path.c:31 0x432af9 2
4 dynarray.c:112 0x432609 16
4 dynarray.c:113 0x432bd9 24
4 path.c:254 0x432a59 24
4 path.c:246 0x432ad9 4
4 path.c:31 0x432879 2
4 path.c:31 0x432859 2
4 dynarray.c:112 0x432829 16
4 dynarray.c:113 0x432639 24
4 path.c:254 0x432f19 24
1 dynarray.c:84 0x432cd9 24
2 dynarray.c:95 0x432f19 24
1 bdtBad4.c:663 0x432c39 8
4 dynarray.c:112 0x432f19 24
4 dynarray.c:113 0x432cd9 24
6 bdt_client.c:140 0x432c39
4 bdt_client.c:140 0x432c39 8
2 path.c:128 0x432cd9 24
1 dynarray.c:84 0x432639 24
2 dynarray.c:95 0x432f19 16
2 path.c:90 0x432859 2
2 path.c:90 0x432879 2
1 path.c:143 0x432c39 4
2 path.c:178 0x432a59 24
1 dynarray.c:84 0x432829 24
2 dynarray.c:95 0x432bd9 16
2 path.c:191 0x432ad9 4
2 path.c:205 0x432dd9 2
3 path.c:223 0x432ad9 0x432ad9 4 2
4 path.c:246 0x432ad9 2
4 path.c:31 0x432dd9 2
4 dynarray.c:112 0x432bd9 16
4 dynarray.c:113 0x432829 24
4 path.c:254 0x432a59 24
2 path.c:178 0x432a59 24
1 dynarray.c:84 0x432609 24
2 dynarray.c:95 0x432829 16
2 path.c:191 0x432dd9 4
2 path.c:205 0x432ad9 2
2 path.c:205 0x432ab9 2
3 path.c:223 0x432dd9 0x432dd9 4 4
4 path.c:246 0x432dd9 4
4 path.c:31 0x432ad9 2
4 path.c:31 0x432ab9 2
4 dynarray.c:112 0x432829 16
4 dynarray.c:113 0x432609 24
4 path.c:254 0x432a59 24
4 path.c:246 0x432c39 4
4 path.c:31 0x432859 2
4 path.c:31 0x432879 2
4 dynarray.c:112 0x432f19 16
4 dynarray.c:113 0x432639 24
4 path.c:254 0x432cd9 24
4 path.c:246 0x432db9 4
4 path.c:31 0x4328b9 2
4 path.c:31 0x432df9 2
4 dynarray.c:112 0x432d89 16
4 dynarray.c:113 0x4325a9 24
4 path.c:254 0x432c09 24
4 bdtBad4.c:263 0x432fb9 32
1 dynarray.c:84 0x432bd9 24
2 dynarray.c:95 0x432c09 16
1 bdtBad4.c:663 0x432af9 5
4 dynarray.c:112 0x432c09 16
4 dynarray.c:113 0x432bd9 24
6 bdt_client.c:144 0x432af9
4 bdt_client.c:144 0x432af9 5
2 path.c:128 0x432bd9 24
1 dynarray.c:84 0x4325a9 24
2 dynarray.c:95 0x432c09 16
2 path.c:90 0x432df9 2
2 path.c:90 0x4328b9 3
1 path.c:143 0x432af9 5
2 path.c:178 0x432cd9 24
1 dynarray.c:84 0x432d89 24
2 dynarray.c:95 0x432639 16
2 path.c:191 0x432db9 5
2 path.c:205 0x432859 2
3 path.c:223 0x432db9 0x432db9 5 2
4 path.c:246 0x432db9 2
4 path.c:31 0x432859 2
4 dynarray.c:112 0x432639 16
4 dynarray.c:113 0x432d89 24
4 path.c:254 0x432cd9 24
2 path.c:178 0x432cd9 24
1 dynarray.c:84 0x432f19 24
2 dynarray.c:95 0x432d89 16
2 path.c:191 0x432859 5
2 path.c:205 0x432db9 2
2 path.c:205 0x432c39 3
3 path.c:223 0x432859 0x432859 5 5
4 path.c:246 0x432859 5
4 path.c:31 0x432db9 2
4 path.c:31 0x432c39 3
4 dynarray.c:112 0x432d89 16
4 dynarray.c:113 0x432f19 24
4 path.c:254 0x432cd9 24
2 path.c:178 0x432cd9 24
1 dynarray.c:84 0x432639 24
2 dynarray.c:95 0x432f19 16
2 path.c:191 0x432c39 5
2 path.c:205 0x432db9 2
2 path.c:205 0x432859 3
3 path.c:223 0x432c39 0x432c39 5 5
1 bdtBad4.c:143 0x432fb9 32
2 path.c:178 0x432a59 24
1 dynarray.c:84 0x432d89 24
2 dynarray.c:95 0x432609 16
2 path.c:191 0x432ab9 5
2 path.c:205 0x432ad9 2
2 path.c:205 0x432dd9 3
3 path.c:223 0x432ab9 0x432ab9 5 5
4 path.c:246 0x432c39 5
4 path.c:31 0x432db9 2
4 path.c:31 0x432859 3
4 dynarray.c:112 0x432f19 16
4 dynarray.c:113 0x432639 24
4 path.c:254 0x432cd9 24
4 path.c:246 0x432af9 5
4 path.c:31 0x432df9 2
4 path.c:31 0x4328b9 3
4 dynarray.c:112 0x432c09 16
4 dynarray.c:113 0x4325a9 24
4 path.c:254 0x432bd9 24
1 dynarray.c:84 0x432829 24
2 dynarray.c:95 0x432bd9 24
1 bdtBad4.c:663 0x432879 9
4 dynarray.c:112 0x432bd9 24
4 dynarray.c:113 0x432829 24
6 bdt_client.c:148 0x432879
4 bdt_client.c:148 0x432879 9
2 path.c:128 0x432829 24
1 dynarray.c:84 0x4325a9 24
2 dynarray.c:95 0x432bd9 16
2 path.c:90 0x4328b9 2
2 path.c:90 0x432df9 3
1 path.c:143 0x432879 5
2 path.c:178 0x432cd9 24
1 dynarray.c:84 0x432c09 24
2 dynarray.c:95 0x432639 16
2 path.c:191 0x432af9 5
2 path.c:205 0x432db9 2
3 path.c:223 0x432af9 0x432af9 5 2
4 path.c:246 0x432af9 2
4 path.c:31 0x432db9 2
4 dynarray.c:112 0x432639 16
4 dynarray.c:113 0x432c09 24
4 path.c:254 0x432cd9 24
2 path.c:178 0x432cd9 24
1 dynarray.c:84 0x432f19 24
2 dynarray.c:95 0x432c09 16
2 path.c:191 0x432db9 5
2 path.c:205 0x432af9 2
2 path.c:205 0x432c39 3
3 path.c:223 0x432db9 0x432db9 5 5
4 path.c:246 0x432db9 5
4 path.c:31 0x432af9 2
4 path.c:31 0x432c39 3
4 dynarray.c:112 0x432c09 16
4 dynarray.c:113 0x432f19 24
4 path.c:254 0x432cd9 24
4 path.c:246 0x432879 5
4 path.c:31 0x4328b9 2
4 path.c:31 0x432df9 3
4 dynarray.c:112 0x432bd9 16
4 dynarray.c:113 0x4325a9 24
4 path.c:254 0x432829 24
4 path.c:246 0x432ab9 5
4 path.c:31 0x432ad9 2
4 path.c:31 0x432dd9 3
4 dynarray.c:112 0x432609 16
4 dynarray.c:113 0x432d89 24
4 path.c:254 0x432a59 24
4 bdtBad4.c:263 0x432fb9 32
1 dynarray.c:84 0x432639 24
2 dynarray.c:95 0x432a59 16
1 bdtBad4.c:663 0x432859 5
4 dynarray.c:112 0x432a59 16
4 dynarray.c:113 0x432639 24
6 bdt_client.c:152 0x432859
4 bdt_client.c:152 0x432859 5
2 path.c:128 0x432639 24
1 dynarray.c:84 0x432d89 24
2 dynarray.c:95 0x432a59 16
2 path.c:90 0x432dd9 2
2 path.c:90 0x432ad9 3
1 path.c:143 0x432859 5
2 path.c:178 0x432829 24
1 dynarray.c:84 0x432609 24
2 dynarray.c:95 0x4325a9 16
2 path.c:191 0x432ab9 5
2 path.c:205 0x4328b9 2
3 path.c:223 0x432ab9 0x432ab9 5 2
4 path.c:246 0x432ab9 2
4 path.c:31 0x4328b9 2
4 dynarray.c:112 0x4325a9 16
4 dynarray.c:113 0x432609 24
4 path.c:254 0x432829 24
2 path.c:178 0x432829 24
1 dynarray.c:84 0x432bd9 24
2 dynarray.c:95 0x432609 16
2 path.c:191 0x4328b9 5
2 path.c:205 0x432ab9 2
2 path.c:205 0x432879 3
3 path.c:223 0x4328b9 0x4328b9 5 5
4 path.c:246 0x4328b9 5
4 path.c:31 0x432ab9 2
4 path.c:31 0x432879 3
4 dynarray.c:112 0x432609 16
4 dynarray.c:113 0x432bd9 24
4 path.c:254 0x432829 24
2 path.c:178 0x432829 24
1 dynarray.c:84 0x4325a9 24
2 dynarray.c:95 0x432bd9 16
2 path.c:191 0x432879 5
2 path.c:205 0x432ab9 2
2 path.c:205 0x4328b9 3
3 path.c:223 0x432879 0x432879 5 5
1 bdtBad4.c:143 0x432fb9 32
2 path.c:178 0x432cd9 24
1 dynarray.c:84 0x432609 24
2 dynarray.c:95 0x432f19 16
2 path.c:191 0x432c39 5
2 path.c:205 0x432af9 2
2 path.c:205 0x432db9 3
3 path.c:223 0x432c39 0x432c39 5 5
4 path.c:246 0x432879 5
4 path.c:31 0x432ab9 2
4 path.c:31 0x4328b9 3
4 dynarray.c:112 0x432bd9 16
4 dynarray.c:113 0x4325a9 24
4 path.c:254 0x432829 24
4 path.c:246 0x432859 5
4 path.c:31 0x432dd9 2
4 path.c:31 0x432ad9 3
4 dynarray.c:112 0x432a59 16
4 dynarray.c:113 0x432d89 24
4 path.c:254 0x432639 24
1 dynarray.c:84 0x432c09 24
2 dynarray.c:95 0x432639 24
1 bdtBad4.c:663 0x432df9 9
4 dynarray.c:112 0x432639 24
4 dynarray.c:113 0x432c09 24
6 bdt_client.c:156 0x432df9
4 bdt_client.c:156 0x432df9 9
2 path.c:128 0x432c09 24
1 dynarray.c:84 0x432d89 24
2 dynarray.c:95 0x432639 16
2 path.c:90 0x432ad9 2
2 path.c:90 0x432dd9 2
1 path.c:143 0x432df9 4
2 path.c:178 0x432829 24
1 dynarray.c:84 0x432a59 24
2 dynarray.c:95 0x4325a9 16
2 path.c:191 0x432859 4
2 path.c:205 0x432ab9 2
3 path.c:223 0x432859 0x432859 4 2
4 path.c:246 0x432859 2
4 path.c:31 0x432ab9 2
4 dynarray.c:112 0x4325a9 16
4 dynarray.c:113 0x432a59 24
4 path.c:254 0x432829 24
2 path.c:178 0x432829 24
1 dynarray.c:84 0x432bd9 24
2 dynarray.c:95 0x432a59 16
2 path.c:191 0x432ab9 4
2 path.c:205 0x432859 2
2 path.c:205 0x432879 2
3 path.c:223 0x432ab9 0x432ab9 4 4
4 path.c:246 0x432ab9 4
4 path.c:31 0x432859 2
4 path.c:31 0x432879 2
4 dynarray.c:112 0x432a59 16
4 dynarray.c:113 0x432bd9 24
4 path.c:254 0x432829 24
4 path.c:246 0x432df9 4
4 path.c:31 0x432ad9 2
4 path.c:31 0x432dd9 2
4 dynarray.c:112 0x432639 16
4 dynarray.c:113 0x432d89 24
4 path.c:254 0x432c09 24
4 path.c:246 0x432e79 4
4 path.c:31 0x432ff9 2
4 path.c:31 0x432e99 2
4 dynarray.c:112 0x433139 16
4 dynarray.c:113 0x4327f9 24
4 path.c:254 0x4329e9 24
4 bdtBad4.c:263 0x432f79 32
1 dynarray.c:84 0x4325a9 24
2 dynarray.c:95 0x4329e9 16
1 bdtBad4.c:663 0x4328b9 6
4 dynarray.c:112 0x4329e9 16
4 dynarray.c:113 0x4325a9 24
6 bdt_client.c:160 0x4328b9
4 bdt_client.c:160 0x4328b9 6
4 path.c:246 0x432c39 5
4 path.c:31 0x432af9 2
4 path.c:31 0x432db9 3
4 dynarray.c:112 0x432f19 16
4 dynarray.c:113 0x432609 24
4 path.c:254 0x432cd9 24
4 bdtBad4.c:263 0x432fb9 32
4 path.c:246 0x432c79 2
4 path.c:31 0x432c59 2
4 dynarray.c:112 0x432919 16
4 dynarray.c:113 0x432a89 24
4 path.c:254 0x432ba9 24
4 bdtBad4.c:263 0x4331e9 32
